<?xml version="1.0" encoding="utf-8"?><testsuites name="pytest tests"><testsuite name="pytest" errors="0" failures="0" skipped="0" tests="13" time="2.227" timestamp="2026-01-23T17:50:27.921760+00:00" hostname="agent-env-34e025d7-7d2e-4083-b7e2-c903b85941ff"><testcase classname="backend.tests.test_contracts.TestContractAuthentication" name="test_login_success" time="0.309" /><testcase classname="backend.tests.test_contracts.TestContractCRUD" name="test_get_contracts_list" time="0.309" /><testcase classname="backend.tests.test_contracts.TestContractCRUD" name="test_get_contracts_without_auth" time="0.039" /><testcase classname="backend.tests.test_contracts.TestContractCRUD" name="test_create_contract" time="0.111" /><testcase classname="backend.tests.test_contracts.TestContractCRUD" name="test_contract_has_status_pending_signature" time="0.041" /><testcase classname="backend.tests.test_contracts.TestContractSigningPublicEndpoint" name="test_get_contract_for_signing" time="0.047" /><testcase classname="backend.tests.test_contracts.TestContractSigningPublicEndpoint" name="test_get_contract_invalid_token" time="0.040" /><testcase classname="backend.tests.test_contracts.TestContractSigningPublicEndpoint" name="test_sign_contract_without_signature" time="0.034" /><testcase classname="backend.tests.test_contracts.TestContractPDF" name="test_download_contract_pdf" time="0.344" /><testcase classname="backend.tests.test_contracts.TestContractPDF" name="test_download_pdf_without_auth" time="0.039" /><testcase classname="backend.tests.test_contracts.TestContractDelete" name="test_delete_test_contracts" time="0.335" /><testcase classname="backend.tests.test_contracts.TestContractSigningFlow" name="test_signing_link_format" time="0.397" /><testcase classname="backend.tests.test_contracts.TestContractSigningFlow" name="test_contract_status_values" time="0.040" /></testsuite></testsuites>