<?xml version="1.0" encoding="utf-8"?><testsuites name="pytest tests"><testsuite name="pytest" errors="0" failures="0" skipped="0" tests="8" time="3.267" timestamp="2026-01-23T12:56:34.739898+00:00" hostname="agent-env-dfbf50af-cd90-43ae-b628-4f4de69fd5fa"><testcase classname="backend.tests.test_feature7_facturen.TestFacturenFeature" name="test_invoices_endpoint_exists" time="0.307" /><testcase classname="backend.tests.test_feature7_facturen.TestFacturenFeature" name="test_invoices_response_structure" time="0.331" /><testcase classname="backend.tests.test_feature7_facturen.TestFacturenFeature" name="test_invoice_item_structure" time="0.541" /><testcase classname="backend.tests.test_feature7_facturen.TestFacturenFeature" name="test_invoice_status_unpaid_when_no_payment" time="0.499" /><testcase classname="backend.tests.test_feature7_facturen.TestFacturenFeature" name="test_invoice_status_paid_when_payment_exists" time="0.512" /><testcase classname="backend.tests.test_feature7_facturen.TestFacturenFeature" name="test_summary_counts_correct" time="0.344" /><testcase classname="backend.tests.test_feature7_facturen.TestFacturenFeature" name="test_invoices_sorted_newest_first" time="0.334" /><testcase classname="backend.tests.test_feature7_facturen.TestFacturenFeature" name="test_invoices_empty_when_no_tenants_assigned" time="0.346" /></testsuite></testsuites>