<?xml version="1.0" encoding="utf-8"?><testsuites name="pytest tests"><testsuite name="pytest" errors="0" failures="0" skipped="0" tests="8" time="12.635" timestamp="2026-04-12T00:39:52.491690+00:00" hostname="agent-env-f56b2aa3-0632-47c0-be96-e0fb85eb4514"><testcase classname="backend.tests.test_kwitanties_bugfix.TestPaymentsAPI" name="test_login_success" time="0.474" /><testcase classname="backend.tests.test_kwitanties_bugfix.TestPaymentsAPI" name="test_get_payments_list" time="0.491" /><testcase classname="backend.tests.test_kwitanties_bugfix.TestPaymentsAPI" name="test_get_tenants_for_payment" time="0.164" /><testcase classname="backend.tests.test_kwitanties_bugfix.TestPaymentsAPI" name="test_register_payment_stores_remaining" time="10.527" /><testcase classname="backend.tests.test_kwitanties_bugfix.TestPaymentsAPI" name="test_get_single_payment_has_remaining" time="0.253" /><testcase classname="backend.tests.test_kwitanties_bugfix.TestPaymentsAPI" name="test_receipt_html_has_openstaand_section" time="0.266" /><testcase classname="backend.tests.test_kwitanties_bugfix.TestPaymentsAPI" name="test_receipt_without_token_fails" time="0.238" /><testcase classname="backend.tests.test_kwitanties_bugfix.TestPaymentsAPI" name="test_old_payments_show_dash_in_openstaand" time="0.158" /></testsuite></testsuites>