<?xml version="1.0" encoding="utf-8"?><testsuites name="pytest tests"><testsuite name="pytest" errors="0" failures="0" skipped="1" tests="16" time="3.867" timestamp="2026-04-08T03:18:59.886238+00:00" hostname="agent-env-f56b2aa3-0632-47c0-be96-e0fb85eb4514"><testcase classname="backend.tests.test_verdeling_feature.TestKasEndpoints" name="test_get_kas_entries" time="0.659" /><testcase classname="backend.tests.test_verdeling_feature.TestRekeninghoudersCRUD" name="test_list_rekeninghouders" time="0.145" /><testcase classname="backend.tests.test_verdeling_feature.TestRekeninghoudersCRUD" name="test_create_rekeninghouder" time="0.360" /><testcase classname="backend.tests.test_verdeling_feature.TestRekeninghoudersCRUD" name="test_create_rekeninghouder_exceeds_100_percent" time="0.133" /><testcase classname="backend.tests.test_verdeling_feature.TestRekeninghoudersCRUD" name="test_create_rekeninghouder_invalid_percentage" time="0.231" /><testcase classname="backend.tests.test_verdeling_feature.TestRekeninghoudersCRUD" name="test_update_rekeninghouder" time="0.347" /><testcase classname="backend.tests.test_verdeling_feature.TestRekeninghoudersCRUD" name="test_update_nonexistent_holder" time="0.122" /><testcase classname="backend.tests.test_verdeling_feature.TestRekeninghoudersCRUD" name="test_delete_rekeninghouder" time="0.514" /><testcase classname="backend.tests.test_verdeling_feature.TestRekeninghoudersCRUD" name="test_delete_nonexistent_holder" time="0.104" /><testcase classname="backend.tests.test_verdeling_feature.TestVerdelingOverzicht" name="test_get_verdeling_overzicht" time="0.118" /><testcase classname="backend.tests.test_verdeling_feature.TestVerdelingUitvoeren" name="test_uitvoeren_creates_kas_entries" time="0.446" /><testcase classname="backend.tests.test_verdeling_feature.TestVerdelingUitvoeren" name="test_uitvoeren_no_holders" time="0.107"><skipped type="pytest.skip" message="Holders exist, cannot test no-holders scenario">/app/backend/tests/test_verdeling_feature.py:278: Holders exist, cannot test no-holders scenario</skipped></testcase><testcase classname="backend.tests.test_verdeling_feature.TestAuthRequired" name="test_kas_requires_auth" time="0.106" /><testcase classname="backend.tests.test_verdeling_feature.TestAuthRequired" name="test_rekeninghouders_requires_auth" time="0.125" /><testcase classname="backend.tests.test_verdeling_feature.TestAuthRequired" name="test_overzicht_requires_auth" time="0.111" /><testcase classname="backend.tests.test_verdeling_feature.TestAuthRequired" name="test_uitvoeren_requires_auth" time="0.102" /></testsuite></testsuites>