<?xml version="1.0" encoding="utf-8"?><testsuites name="pytest tests"><testsuite name="pytest" errors="0" failures="0" skipped="0" tests="6" time="2.524" timestamp="2026-03-04T19:27:11.508322+00:00" hostname="agent-env-b983a652-7598-42c1-9872-1f2af7da977f"><testcase classname="backend.tests.test_gratis_factuur_bugfix.TestKlantenBugFix" name="test_login_works" time="0.447" /><testcase classname="backend.tests.test_gratis_factuur_bugfix.TestKlantenBugFix" name="test_get_klanten_list" time="0.489" /><testcase classname="backend.tests.test_gratis_factuur_bugfix.TestKlantenBugFix" name="test_create_klant_and_verify" time="0.474" /><testcase classname="backend.tests.test_gratis_factuur_bugfix.TestBedrijfsgegevensAutoFill" name="test_get_user_profile" time="0.163" /><testcase classname="backend.tests.test_gratis_factuur_bugfix.TestBedrijfsgegevensAutoFill" name="test_update_bedrijfsgegevens" time="0.478" /><testcase classname="backend.tests.test_gratis_factuur_bugfix.TestKlantenInInvoiceDropdown" name="test_klanten_available_for_invoice" time="0.366" /></testsuite></testsuites>