<?xml version="1.0" encoding="utf-8"?><testsuites name="pytest tests"><testsuite name="pytest" errors="0" failures="0" skipped="0" tests="9" time="4.000" timestamp="2026-03-02T08:20:18.873375+00:00" hostname="agent-env-93c16b3b-d375-4d7d-90e6-b34f925fe38a"><testcase classname="backend.tests.test_hrm_employees.TestHRMEmployees" name="test_01_get_employees_list" time="0.402" /><testcase classname="backend.tests.test_hrm_employees.TestHRMEmployees" name="test_02_create_employee_with_first_last_name" time="0.433" /><testcase classname="backend.tests.test_hrm_employees.TestHRMEmployees" name="test_03_create_employee_minimal_fields" time="0.418" /><testcase classname="backend.tests.test_hrm_employees.TestHRMEmployees" name="test_04_update_employee" time="0.552" /><testcase classname="backend.tests.test_hrm_employees.TestHRMEmployees" name="test_05_delete_employee" time="0.481" /><testcase classname="backend.tests.test_hrm_employees.TestHRMEmployees" name="test_06_get_single_employee" time="0.475" /><testcase classname="backend.tests.test_hrm_employees.TestHRMEmployees" name="test_07_get_nonexistent_employee" time="0.382" /><testcase classname="backend.tests.test_hrm_employees.TestHRMDepartments" name="test_01_get_departments" time="0.370" /><testcase classname="backend.tests.test_hrm_employees.TestHRMDepartments" name="test_02_create_department" time="0.421" /></testsuite></testsuites>