<?xml version="1.0" encoding="utf-8"?><testsuites name="pytest tests"><testsuite name="pytest" errors="0" failures="0" skipped="0" tests="38" time="6.517" timestamp="2026-02-25T08:21:53.636164+00:00" hostname="agent-env-1b1366f9-6bc2-4ded-9e3b-4b771d58fd20"><testcase classname="backend.tests.test_p2_modules.TestAuthentication" name="test_vaste_activa_requires_auth" time="0.130" /><testcase classname="backend.tests.test_p2_modules.TestAuthentication" name="test_kostenplaatsen_requires_auth" time="0.122" /><testcase classname="backend.tests.test_p2_modules.TestAuthentication" name="test_wisselkoersen_requires_auth" time="0.114" /><testcase classname="backend.tests.test_p2_modules.TestWisselkoersen" name="test_get_wisselkoersen_list" time="0.422" /><testcase classname="backend.tests.test_p2_modules.TestWisselkoersen" name="test_get_standaard_koersen_no_auth" time="0.106" /><testcase classname="backend.tests.test_p2_modules.TestWisselkoersen" name="test_create_wisselkoers" time="0.106" /><testcase classname="backend.tests.test_p2_modules.TestWisselkoersen" name="test_create_wisselkoers_srd_fails" time="0.099" /><testcase classname="backend.tests.test_p2_modules.TestWisselkoersen" name="test_get_actuele_koers" time="0.105" /><testcase classname="backend.tests.test_p2_modules.TestWisselkoersen" name="test_get_wisselkoers_historie" time="0.100" /><testcase classname="backend.tests.test_p2_modules.TestWisselkoersen" name="test_converteer_usd_to_srd" time="0.104" /><testcase classname="backend.tests.test_p2_modules.TestWisselkoersen" name="test_converteer_srd_to_eur" time="0.110" /><testcase classname="backend.tests.test_p2_modules.TestWisselkoersen" name="test_converteer_usd_to_eur" time="0.100" /><testcase classname="backend.tests.test_p2_modules.TestWisselkoersen" name="test_converteer_same_currency" time="0.104" /><testcase classname="backend.tests.test_p2_modules.TestWisselkoersen" name="test_bulk_import_koersen" time="0.112" /><testcase classname="backend.tests.test_p2_modules.TestKostenplaatsen" name="test_get_kostenplaatsen_list" time="0.432" /><testcase classname="backend.tests.test_p2_modules.TestKostenplaatsen" name="test_create_kostenplaats" time="0.105" /><testcase classname="backend.tests.test_p2_modules.TestKostenplaatsen" name="test_create_kostenplaats_duplicate_code_fails" time="0.206" /><testcase classname="backend.tests.test_p2_modules.TestKostenplaatsen" name="test_get_kostenplaats_by_id" time="0.111" /><testcase classname="backend.tests.test_p2_modules.TestKostenplaatsen" name="test_update_kostenplaats" time="0.252" /><testcase classname="backend.tests.test_p2_modules.TestKostenplaatsen" name="test_create_kostenboeking" time="0.104" /><testcase classname="backend.tests.test_p2_modules.TestKostenplaatsen" name="test_get_kostenboekingen" time="0.098" /><testcase classname="backend.tests.test_p2_modules.TestKostenplaatsen" name="test_get_kostenplaatsen_stats" time="0.100" /><testcase classname="backend.tests.test_p2_modules.TestKostenplaatsen" name="test_get_kostenplaatsen_rapportage" time="0.104" /><testcase classname="backend.tests.test_p2_modules.TestKostenplaatsen" name="test_delete_kostenplaats_with_boekingen_fails" time="0.210" /><testcase classname="backend.tests.test_p2_modules.TestVasteActiva" name="test_get_vaste_activa_list" time="0.436" /><testcase classname="backend.tests.test_p2_modules.TestVasteActiva" name="test_create_vast_activum_lineair" time="0.118" /><testcase classname="backend.tests.test_p2_modules.TestVasteActiva" name="test_create_vast_activum_degressief" time="0.104" /><testcase classname="backend.tests.test_p2_modules.TestVasteActiva" name="test_create_vast_activum_geen_afschrijving" time="0.115" /><testcase classname="backend.tests.test_p2_modules.TestVasteActiva" name="test_get_vast_activum_by_id" time="0.200" /><testcase classname="backend.tests.test_p2_modules.TestVasteActiva" name="test_update_vast_activum" time="0.206" /><testcase classname="backend.tests.test_p2_modules.TestVasteActiva" name="test_boek_afschrijving" time="0.311" /><testcase classname="backend.tests.test_p2_modules.TestVasteActiva" name="test_get_afschrijvingen" time="0.124" /><testcase classname="backend.tests.test_p2_modules.TestVasteActiva" name="test_get_vaste_activa_stats" time="0.100" /><testcase classname="backend.tests.test_p2_modules.TestVasteActiva" name="test_maandelijkse_afschrijvingen" time="0.164" /><testcase classname="backend.tests.test_p2_modules.TestVasteActiva" name="test_delete_vast_activum_with_afschrijvingen_fails" time="0.262" /><testcase classname="backend.tests.test_p2_modules.TestVasteActiva" name="test_filter_vaste_activa_by_categorie" time="0.111" /><testcase classname="backend.tests.test_p2_modules.TestVasteActiva" name="test_filter_vaste_activa_by_status" time="0.106" /><testcase classname="backend.tests.test_p2_modules.TestCleanup" name="test_cleanup_test_data" time="0.532" /></testsuite></testsuites>