<?xml version="1.0" encoding="utf-8"?><testsuites name="pytest tests"><testsuite name="pytest" errors="0" failures="0" skipped="0" tests="13" time="6.871" timestamp="2026-02-25T19:28:00.868675+00:00" hostname="agent-env-837b492a-45b5-456c-a819-781111153e98"><testcase classname="backend.tests.test_navigation_workflow_changes.TestNavigationWorkflowChanges" name="test_verkoop_offertes_endpoint_exists" time="0.633" /><testcase classname="backend.tests.test_navigation_workflow_changes.TestNavigationWorkflowChanges" name="test_inkoop_offertes_endpoint_exists" time="0.549" /><testcase classname="backend.tests.test_navigation_workflow_changes.TestNavigationWorkflowChanges" name="test_verkoop_naar_factuur_endpoint_exists" time="0.461" /><testcase classname="backend.tests.test_navigation_workflow_changes.TestNavigationWorkflowChanges" name="test_inkoop_naar_factuur_endpoint_exists" time="0.440" /><testcase classname="backend.tests.test_navigation_workflow_changes.TestNavigationWorkflowChanges" name="test_verkoop_orders_endpoint_still_exists_for_legacy" time="0.501" /><testcase classname="backend.tests.test_navigation_workflow_changes.TestNavigationWorkflowChanges" name="test_inkoop_orders_endpoint_still_exists_for_legacy" time="0.577" /><testcase classname="backend.tests.test_navigation_workflow_changes.TestNavigationWorkflowChanges" name="test_verkoop_dashboard_endpoint" time="0.540" /><testcase classname="backend.tests.test_navigation_workflow_changes.TestNavigationWorkflowChanges" name="test_inkoop_dashboard_endpoint" time="0.540" /><testcase classname="backend.tests.test_navigation_workflow_changes.TestNavigationWorkflowChanges" name="test_create_verkoop_offerte_and_convert_to_factuur" time="0.812" /><testcase classname="backend.tests.test_navigation_workflow_changes.TestNavigationWorkflowChanges" name="test_create_inkoop_offerte_and_convert_to_factuur" time="0.735" /><testcase classname="backend.tests.test_navigation_workflow_changes.TestNavigationWorkflowChanges" name="test_cannot_convert_non_accepted_offerte" time="0.670" /><testcase classname="backend.tests.test_navigation_workflow_changes.TestFrontendRoutes" name="test_frontend_loads" time="0.132" /><testcase classname="backend.tests.test_navigation_workflow_changes.TestFrontendRoutes" name="test_login_page_loads" time="0.110" /></testsuite></testsuites>