<?xml version="1.0" encoding="utf-8"?><testsuites name="pytest tests"><testsuite name="pytest" errors="0" failures="0" skipped="0" tests="11" time="5.574" timestamp="2026-02-27T21:38:22.169464+00:00" hostname="agent-env-c93b23f9-2dc8-4bf4-94e8-ba6f5cc690d2"><testcase classname="backend.tests.test_dashboard_templates.TestDashboardAndTemplates" name="test_dashboard_no_500_error" time="0.607" /><testcase classname="backend.tests.test_dashboard_templates.TestDashboardAndTemplates" name="test_dashboard_recent_payments_have_safe_defaults" time="0.465" /><testcase classname="backend.tests.test_dashboard_templates.TestDashboardAndTemplates" name="test_instellingen_returns_template_fields" time="0.553" /><testcase classname="backend.tests.test_dashboard_templates.TestDashboardAndTemplates" name="test_update_template_standaard" time="0.593" /><testcase classname="backend.tests.test_dashboard_templates.TestDashboardAndTemplates" name="test_update_template_modern" time="0.579" /><testcase classname="backend.tests.test_dashboard_templates.TestDashboardAndTemplates" name="test_update_template_kleurrijk" time="0.656" /><testcase classname="backend.tests.test_dashboard_templates.TestDashboardAndTemplates" name="test_pdf_download_works" time="0.710" /><testcase classname="backend.tests.test_dashboard_templates.TestDashboardAndTemplates" name="test_pdf_download_with_different_templates" time="1.302" /><testcase classname="backend.tests.test_dashboard_templates.TestUnifiedEmailService" name="test_unified_email_service_file_exists" time="0.000" /><testcase classname="backend.tests.test_dashboard_templates.TestUnifiedEmailService" name="test_unified_email_service_can_be_imported" time="0.036" /><testcase classname="backend.tests.test_dashboard_templates.TestUnifiedEmailService" name="test_unified_email_service_has_templates" time="0.000" /></testsuite></testsuites>