<?xml version="1.0" encoding="utf-8"?><testsuites name="pytest tests"><testsuite name="pytest" errors="0" failures="0" skipped="0" tests="25" time="5.929" timestamp="2026-03-08T17:04:31.414750+00:00" hostname="agent-env-5ee2b800-4325-4324-b5da-d4375b95d1a3"><testcase classname="backend.tests.test_kassa_pos.TestKassaAuth" name="test_login_success" time="0.368" /><testcase classname="backend.tests.test_kassa_pos.TestKassaAuth" name="test_login_invalid_credentials" time="0.117" /><testcase classname="backend.tests.test_kassa_pos.TestKassaAuth" name="test_login_nonexistent_user" time="0.120" /><testcase classname="backend.tests.test_kassa_pos.TestKassaAuth" name="test_register_new_business" time="0.124" /><testcase classname="backend.tests.test_kassa_pos.TestKassaAuth" name="test_register_duplicate_email" time="0.114" /><testcase classname="backend.tests.test_kassa_pos.TestKassaAuth" name="test_auth_me_with_token" time="0.248" /><testcase classname="backend.tests.test_kassa_pos.TestKassaAuth" name="test_auth_me_without_token" time="0.109" /><testcase classname="backend.tests.test_kassa_pos.TestKassaSuperadmin" name="test_superadmin_login_success" time="0.126" /><testcase classname="backend.tests.test_kassa_pos.TestKassaSuperadmin" name="test_superadmin_login_invalid_credentials" time="0.106" /><testcase classname="backend.tests.test_kassa_pos.TestKassaProducts" name="test_get_products" time="0.230" /><testcase classname="backend.tests.test_kassa_pos.TestKassaProducts" name="test_create_product" time="0.406" /><testcase classname="backend.tests.test_kassa_pos.TestKassaProducts" name="test_search_products" time="0.225" /><testcase classname="backend.tests.test_kassa_pos.TestKassaCategories" name="test_get_categories" time="0.261" /><testcase classname="backend.tests.test_kassa_pos.TestKassaCategories" name="test_create_category" time="0.223" /><testcase classname="backend.tests.test_kassa_pos.TestKassaOrders" name="test_get_orders" time="0.230" /><testcase classname="backend.tests.test_kassa_pos.TestKassaOrders" name="test_create_order_cash" time="0.421" /><testcase classname="backend.tests.test_kassa_pos.TestKassaOrders" name="test_create_order_pin" time="0.328" /><testcase classname="backend.tests.test_kassa_pos.TestKassaOrders" name="test_create_order_insufficient_payment" time="0.326" /><testcase classname="backend.tests.test_kassa_pos.TestKassaCustomers" name="test_get_customers" time="0.230" /><testcase classname="backend.tests.test_kassa_pos.TestKassaCustomers" name="test_create_customer" time="0.282" /><testcase classname="backend.tests.test_kassa_pos.TestKassaReports" name="test_daily_report" time="0.268" /><testcase classname="backend.tests.test_kassa_pos.TestKassaReports" name="test_inventory_report" time="0.212" /><testcase classname="backend.tests.test_kassa_pos.TestKassaSettings" name="test_get_settings" time="0.301" /><testcase classname="backend.tests.test_kassa_pos.TestKassaPlans" name="test_get_plans" time="0.104" /><testcase classname="backend.tests.test_kassa_pos.TestKassaPlans" name="test_get_subscription" time="0.221" /></testsuite></testsuites>