<?xml version="1.0" encoding="utf-8"?><testsuites name="pytest tests"><testsuite name="pytest" errors="0" failures="0" skipped="0" tests="11" time="3.043" timestamp="2026-04-12T00:25:49.688588+00:00" hostname="agent-env-f56b2aa3-0632-47c0-be96-e0fb85eb4514"><testcase classname="backend.tests.test_kiosk_company_slug.TestKioskPublicEndpoints" name="test_public_company_endpoint" time="0.177" /><testcase classname="backend.tests.test_kiosk_company_slug.TestKioskPublicEndpoints" name="test_public_apartments_endpoint" time="0.127" /><testcase classname="backend.tests.test_kiosk_company_slug.TestKioskPublicEndpoints" name="test_public_tenants_endpoint" time="0.115" /><testcase classname="backend.tests.test_kiosk_company_slug.TestKioskAuthentication" name="test_login_with_password" time="0.343" /><testcase classname="backend.tests.test_kiosk_company_slug.TestKioskAuthentication" name="test_login_with_pin" time="0.113" /><testcase classname="backend.tests.test_kiosk_company_slug.TestKioskAdminEndpoints" name="test_get_current_company_info" time="0.497" /><testcase classname="backend.tests.test_kiosk_company_slug.TestKioskAdminEndpoints" name="test_get_admin_tenants" time="0.458" /><testcase classname="backend.tests.test_kiosk_company_slug.TestKioskAdminEndpoints" name="test_get_admin_dashboard_data" time="0.457" /><testcase classname="backend.tests.test_kiosk_company_slug.TestKioskAdminEndpoints" name="test_get_admin_dashboard" time="0.443" /><testcase classname="backend.tests.test_kiosk_company_slug.TestPinVerification" name="test_verify_pin_correct" time="0.129" /><testcase classname="backend.tests.test_kiosk_company_slug.TestPinVerification" name="test_verify_pin_incorrect" time="0.121" /></testsuite></testsuites>