<?xml version="1.0" encoding="utf-8"?><testsuites name="pytest tests"><testsuite name="pytest" errors="7" failures="2" skipped="6" tests="26" time="5.608" timestamp="2026-03-04T17:38:28.566912+00:00" hostname="agent-env-f43cafb5-2293-443b-8c79-3f307b2a24b0"><testcase classname="backend.tests.test_gratis_factuur.TestGratisFactuurAuth" name="test_register_new_user" time="0.443" /><testcase classname="backend.tests.test_gratis_factuur.TestGratisFactuurAuth" name="test_register_duplicate_email" time="0.177" /><testcase classname="backend.tests.test_gratis_factuur.TestGratisFactuurAuth" name="test_login_success" time="0.337" /><testcase classname="backend.tests.test_gratis_factuur.TestGratisFactuurAuth" name="test_login_wrong_password" time="0.357" /><testcase classname="backend.tests.test_gratis_factuur.TestGratisFactuurAuth" name="test_login_nonexistent_user" time="0.102" /><testcase classname="backend.tests.test_gratis_factuur.TestGratisFactuurAuth" name="test_get_me_with_token" time="0.146" /><testcase classname="backend.tests.test_gratis_factuur.TestGratisFactuurAuth" name="test_get_me_without_token" time="0.110" /><testcase classname="backend.tests.test_gratis_factuur.TestGratisFactuurAuth" name="test_update_profile" time="0.293" /><testcase classname="backend.tests.test_gratis_factuur.TestGratisFactuurKlanten" name="test_create_klant" time="0.562"><failure message="AssertionError: Expected 200, got 500: {&quot;detail&quot;:&quot;Internal server error: [TypeError(\&quot;'ObjectId' object is not iterable\&quot;), TypeError('vars() argument must have __dict__ attribute')]&quot;}&#10;assert 500 == 200&#10; +  where 500 = &lt;Response [500]&gt;.status_code">backend/tests/test_gratis_factuur.py:207: in test_create_klant
    assert response.status_code == 200, f"Expected 200, got {response.status_code}: {response.text}"
E   AssertionError: Expected 200, got 500: {"detail":"Internal server error: [TypeError(\"'ObjectId' object is not iterable\"), TypeError('vars() argument must have __dict__ attribute')]"}
E   assert 500 == 200
E    +  where 500 = &lt;Response [500]&gt;.status_code</failure></testcase><testcase classname="backend.tests.test_gratis_factuur.TestGratisFactuurKlanten" name="test_get_klanten_list" time="0.112" /><testcase classname="backend.tests.test_gratis_factuur.TestGratisFactuurKlanten" name="test_get_single_klant" time="0.000"><skipped type="pytest.skip" message="No klant_id available">/app/backend/tests/test_gratis_factuur.py:244: No klant_id available</skipped></testcase><testcase classname="backend.tests.test_gratis_factuur.TestGratisFactuurKlanten" name="test_update_klant" time="0.000"><skipped type="pytest.skip" message="No klant_id available">/app/backend/tests/test_gratis_factuur.py:259: No klant_id available</skipped></testcase><testcase classname="backend.tests.test_gratis_factuur.TestGratisFactuurKlanten" name="test_delete_klant" time="0.000"><skipped type="pytest.skip" message="No klant_id available">/app/backend/tests/test_gratis_factuur.py:288: No klant_id available</skipped></testcase><testcase classname="backend.tests.test_gratis_factuur.TestGratisFactuurFacturen" name="test_create_factuur" time="0.545"><skipped type="pytest.skip" message="No klant_id available">/app/backend/tests/test_gratis_factuur.py:351: No klant_id available</skipped></testcase><testcase classname="backend.tests.test_gratis_factuur.TestGratisFactuurFacturen" name="test_get_facturen_list" time="0.145"><failure message="assert 0 &gt;= 1&#10; +  where 0 = len([])">backend/tests/test_gratis_factuur.py:405: in test_get_facturen_list
    assert len(data) &gt;= 1
E   assert 0 &gt;= 1
E    +  where 0 = len([])</failure></testcase><testcase classname="backend.tests.test_gratis_factuur.TestGratisFactuurFacturen" name="test_get_facturen_with_status_filter" time="0.124" /><testcase classname="backend.tests.test_gratis_factuur.TestGratisFactuurFacturen" name="test_get_single_factuur" time="0.001"><skipped type="pytest.skip" message="No factuur_id available">/app/backend/tests/test_gratis_factuur.py:435: No factuur_id available</skipped></testcase><testcase classname="backend.tests.test_gratis_factuur.TestGratisFactuurFacturen" name="test_update_factuur" time="0.000"><skipped type="pytest.skip" message="No factuur_id available">/app/backend/tests/test_gratis_factuur.py:452: No factuur_id available</skipped></testcase><testcase classname="backend.tests.test_gratis_factuur.TestGratisFactuurBetalingen" name="test_create_partial_payment" time="0.473"><error message="failed on setup with &quot;KeyError: 'klant'&quot;">backend/tests/test_gratis_factuur.py:508: in auth_session_with_factuur
    klant_id = klant_response.json()["klant"]["id"]
               ^^^^^^^^^^^^^^^^^^^^^^^^^^^^^^
E   KeyError: 'klant'</error></testcase><testcase classname="backend.tests.test_gratis_factuur.TestGratisFactuurBetalingen" name="test_create_full_payment" time="0.000"><error message="failed on setup with &quot;KeyError: 'klant'&quot;">backend/tests/test_gratis_factuur.py:508: in auth_session_with_factuur
    klant_id = klant_response.json()["klant"]["id"]
               ^^^^^^^^^^^^^^^^^^^^^^^^^^^^^^
E   KeyError: 'klant'</error></testcase><testcase classname="backend.tests.test_gratis_factuur.TestGratisFactuurBetalingen" name="test_get_betalingen_list" time="0.000"><error message="failed on setup with &quot;KeyError: 'klant'&quot;">backend/tests/test_gratis_factuur.py:508: in auth_session_with_factuur
    klant_id = klant_response.json()["klant"]["id"]
               ^^^^^^^^^^^^^^^^^^^^^^^^^^^^^^
E   KeyError: 'klant'</error></testcase><testcase classname="backend.tests.test_gratis_factuur.TestGratisFactuurDashboard" name="test_get_dashboard_stats" time="0.446" /><testcase classname="backend.tests.test_gratis_factuur.TestGratisFactuurEmail" name="test_send_factuur_email_without_smtp" time="0.502"><error message="failed on setup with &quot;KeyError: 'klant'&quot;">backend/tests/test_gratis_factuur.py:682: in auth_session_with_factuur
    klant_id = klant_response.json()["klant"]["id"]
               ^^^^^^^^^^^^^^^^^^^^^^^^^^^^^^
E   KeyError: 'klant'</error></testcase><testcase classname="backend.tests.test_gratis_factuur.TestGratisFactuurEmail" name="test_send_herinnering_without_smtp" time="0.000"><error message="failed on setup with &quot;KeyError: 'klant'&quot;">backend/tests/test_gratis_factuur.py:682: in auth_session_with_factuur
    klant_id = klant_response.json()["klant"]["id"]
               ^^^^^^^^^^^^^^^^^^^^^^^^^^^^^^
E   KeyError: 'klant'</error></testcase><testcase classname="backend.tests.test_gratis_factuur.TestGratisFactuurCleanup" name="test_delete_betaling" time="0.495"><error message="failed on setup with &quot;KeyError: 'klant'&quot;">backend/tests/test_gratis_factuur.py:762: in auth_session_with_data
    klant_id = klant_response.json()["klant"]["id"]
               ^^^^^^^^^^^^^^^^^^^^^^^^^^^^^^
E   KeyError: 'klant'</error></testcase><testcase classname="backend.tests.test_gratis_factuur.TestGratisFactuurCleanup" name="test_delete_factuur_cascades" time="0.000"><error message="failed on setup with &quot;KeyError: 'klant'&quot;">backend/tests/test_gratis_factuur.py:762: in auth_session_with_data
    klant_id = klant_response.json()["klant"]["id"]
               ^^^^^^^^^^^^^^^^^^^^^^^^^^^^^^
E   KeyError: 'klant'</error></testcase></testsuite></testsuites>