<?xml version="1.0" encoding="utf-8"?><testsuites name="pytest tests"><testsuite name="pytest" errors="0" failures="0" skipped="0" tests="8" time="1.165" timestamp="2026-03-23T23:48:38.566917+00:00" hostname="agent-env-335c68a8-89cb-4328-ad71-5e133e17c8be"><testcase classname="backend.tests.test_kiosk_pin_login.TestKioskPinLogin" name="test_pin_login_valid_pin" time="0.197" /><testcase classname="backend.tests.test_kiosk_pin_login.TestKioskPinLogin" name="test_pin_login_invalid_pin" time="0.111" /><testcase classname="backend.tests.test_kiosk_pin_login.TestKioskPinLogin" name="test_pin_login_empty_pin" time="0.163" /><testcase classname="backend.tests.test_kiosk_pin_login.TestKioskPinLogin" name="test_pin_login_short_pin" time="0.107" /><testcase classname="backend.tests.test_kiosk_pin_login.TestKioskCompanyPublicEndpoint" name="test_company_with_pin_shows_has_pin_true" time="0.113" /><testcase classname="backend.tests.test_kiosk_pin_login.TestKioskCompanyPublicEndpoint" name="test_company_not_found" time="0.143" /><testcase classname="backend.tests.test_kiosk_pin_login.TestKioskPinVerifyEndpoint" name="test_verify_pin_valid" time="0.113" /><testcase classname="backend.tests.test_kiosk_pin_login.TestKioskPinVerifyEndpoint" name="test_verify_pin_invalid" time="0.108" /></testsuite></testsuites>