<?xml version="1.0" encoding="utf-8"?><testsuites name="pytest tests"><testsuite name="pytest" errors="0" failures="4" skipped="0" tests="17" time="4.955" timestamp="2026-03-30T01:30:55.915864+00:00" hostname="agent-env-a7c620a3-b812-4d2f-9836-d9c50152fafb"><testcase classname="backend.tests.test_loans_feature.TestLoansFeature" name="test_01_get_active_tenants" time="0.642" /><testcase classname="backend.tests.test_loans_feature.TestLoansFeature" name="test_02_create_loan" time="0.393" /><testcase classname="backend.tests.test_loans_feature.TestLoansFeature" name="test_03_list_loans" time="0.124" /><testcase classname="backend.tests.test_loans_feature.TestLoansFeature" name="test_04_get_loan_detail" time="0.181" /><testcase classname="backend.tests.test_loans_feature.TestLoansFeature" name="test_05_register_loan_payment" time="0.260" /><testcase classname="backend.tests.test_loans_feature.TestLoansFeature" name="test_06_verify_payment_in_detail" time="0.104" /><testcase classname="backend.tests.test_loans_feature.TestLoansFeature" name="test_07_update_loan" time="0.280" /><testcase classname="backend.tests.test_loans_feature.TestLoansFeature" name="test_08_payment_exceeds_remaining_rejected" time="0.282"><failure message="AssertionError: Overpayment should be rejected: 200&#10;assert 200 in [400, 422]&#10; +  where 200 = &lt;Response [200]&gt;.status_code">backend/tests/test_loans_feature.py:230: in test_08_payment_exceeds_remaining_rejected
    assert response.status_code in [400, 422], f"Overpayment should be rejected: {response.status_code}"
E   AssertionError: Overpayment should be rejected: 200
E   assert 200 in [400, 422]
E    +  where 200 = &lt;Response [200]&gt;.status_code</failure></testcase><testcase classname="backend.tests.test_loans_feature.TestLoansFeature" name="test_09_auto_paid_off_status" time="0.224"><failure message="AssertionError: Final payment failed: {&quot;detail&quot;:&quot;Lening is niet actief&quot;}&#10;assert 400 == 200&#10; +  where 400 = &lt;Response [400]&gt;.status_code">backend/tests/test_loans_feature.py:257: in test_09_auto_paid_off_status
    assert response.status_code == 200, f"Final payment failed: {response.text}"
E   AssertionError: Final payment failed: {"detail":"Lening is niet actief"}
E   assert 400 == 200
E    +  where 400 = &lt;Response [400]&gt;.status_code</failure></testcase><testcase classname="backend.tests.test_loans_feature.TestLoansFeature" name="test_10_cannot_pay_paid_off_loan" time="0.161" /><testcase classname="backend.tests.test_loans_feature.TestLoansFeature" name="test_11_whatsapp_notification_loan_created" time="0.381"><failure message="AttributeError: 'str' object has no attribute 'get'">backend/tests/test_loans_feature.py:322: in test_11_whatsapp_notification_loan_created
    loan_created_msgs = [m for m in messages if m.get("message_type") == "loan_created"]
                        ^^^^^^^^^^^^^^^^^^^^^^^^^^^^^^^^^^^^^^^^^^^^^^^^^^^^^^^^^^^^^^^^
backend/tests/test_loans_feature.py:322: in &lt;listcomp&gt;
    loan_created_msgs = [m for m in messages if m.get("message_type") == "loan_created"]
                                                ^^^^^
E   AttributeError: 'str' object has no attribute 'get'</failure></testcase><testcase classname="backend.tests.test_loans_feature.TestLoansFeature" name="test_12_whatsapp_notification_loan_payment" time="0.584"><failure message="AttributeError: 'str' object has no attribute 'get'">backend/tests/test_loans_feature.py:366: in test_12_whatsapp_notification_loan_payment
    loan_payment_msgs = [m for m in messages if m.get("message_type") == "loan_payment"]
                        ^^^^^^^^^^^^^^^^^^^^^^^^^^^^^^^^^^^^^^^^^^^^^^^^^^^^^^^^^^^^^^^^
backend/tests/test_loans_feature.py:366: in &lt;listcomp&gt;
    loan_payment_msgs = [m for m in messages if m.get("message_type") == "loan_payment"]
                                                ^^^^^
E   AttributeError: 'str' object has no attribute 'get'</failure></testcase><testcase classname="backend.tests.test_loans_feature.TestLoansFeature" name="test_13_delete_loan" time="0.236" /><testcase classname="backend.tests.test_loans_feature.TestLoansFeature" name="test_14_loan_not_found" time="0.107" /><testcase classname="backend.tests.test_loans_feature.TestLoansValidation" name="test_create_loan_missing_tenant" time="0.606" /><testcase classname="backend.tests.test_loans_feature.TestLoansValidation" name="test_create_loan_missing_amount" time="0.106" /><testcase classname="backend.tests.test_loans_feature.TestLoansValidation" name="test_create_loan_invalid_tenant" time="0.165" /></testsuite></testsuites>