<?xml version="1.0" encoding="utf-8"?><testsuites name="pytest tests"><testsuite name="pytest" errors="0" failures="1" skipped="0" tests="15" time="4.662" timestamp="2026-01-26T13:10:44.789212+00:00" hostname="agent-env-f15534ba-812e-49d1-8c33-fe148957fcc4"><testcase classname="backend.tests.test_post_order_workflow.TestPublicOrdersEndpoint" name="test_create_order_success" time="0.362" /><testcase classname="backend.tests.test_post_order_workflow.TestPublicOrdersEndpoint" name="test_create_order_duplicate_email" time="0.346" /><testcase classname="backend.tests.test_post_order_workflow.TestPublicOrdersEndpoint" name="test_create_order_no_addons" time="0.032" /><testcase classname="backend.tests.test_post_order_workflow.TestPublicOrdersEndpoint" name="test_create_order_short_password" time="0.114" /><testcase classname="backend.tests.test_post_order_workflow.TestMyAddonRequestsEndpoint" name="test_get_my_addon_requests" time="0.379" /><testcase classname="backend.tests.test_post_order_workflow.TestMyAddonRequestsEndpoint" name="test_get_my_addon_requests_unauthorized" time="0.041" /><testcase classname="backend.tests.test_post_order_workflow.TestMyActiveAddonsEndpoint" name="test_get_my_active_addons" time="0.379" /><testcase classname="backend.tests.test_post_order_workflow.TestMyActiveAddonsEndpoint" name="test_get_my_active_addons_unauthorized" time="0.038" /><testcase classname="backend.tests.test_post_order_workflow.TestAdminAddonRequestsEndpoint" name="test_get_admin_addon_requests" time="0.303" /><testcase classname="backend.tests.test_post_order_workflow.TestAdminAddonRequestsEndpoint" name="test_get_admin_addon_requests_unauthorized" time="0.337" /><testcase classname="backend.tests.test_post_order_workflow.TestApproveRejectAddonRequests" name="test_approve_addon_request" time="0.680"><failure message="assert None is not None">backend/tests/test_post_order_workflow.py:373: in test_approve_addon_request
    assert approved_request is not None
E   assert None is not None</failure></testcase><testcase classname="backend.tests.test_post_order_workflow.TestApproveRejectAddonRequests" name="test_reject_addon_request" time="0.711" /><testcase classname="backend.tests.test_post_order_workflow.TestApproveRejectAddonRequests" name="test_approve_nonexistent_request" time="0.299" /><testcase classname="backend.tests.test_post_order_workflow.TestAutoLoginFlow" name="test_token_can_access_protected_endpoints" time="0.446" /><testcase classname="backend.tests.test_post_order_workflow.TestPublicAddonsEndpoint" name="test_get_public_addons" time="0.035" /></testsuite></testsuites>