<?xml version="1.0" encoding="utf-8"?><testsuites name="pytest tests"><testsuite name="pytest" errors="0" failures="0" skipped="0" tests="7" time="3.686" timestamp="2026-02-27T21:08:28.634261+00:00" hostname="agent-env-c93b23f9-2dc8-4bf4-94e8-ba6f5cc690d2"><testcase classname="backend.tests.test_instellingen_template.TestInstellingenTemplateAPI" name="test_get_instellingen_returns_template_fields" time="0.507" /><testcase classname="backend.tests.test_instellingen_template.TestInstellingenTemplateAPI" name="test_update_instellingen_template_fields" time="0.671" /><testcase classname="backend.tests.test_instellingen_template.TestVerkoopfacturenAPI" name="test_get_debiteuren" time="0.449" /><testcase classname="backend.tests.test_instellingen_template.TestVerkoopfacturenAPI" name="test_create_verkoopfactuur" time="0.457" /><testcase classname="backend.tests.test_instellingen_template.TestVerkoopfacturenAPI" name="test_get_verkoopfacturen" time="0.449" /><testcase classname="backend.tests.test_instellingen_template.TestVerkoopfacturenAPI" name="test_pdf_download_endpoint" time="0.543" /><testcase classname="backend.tests.test_instellingen_template.TestFieldNameTranslation" name="test_backend_api_accepts_dutch_field_names" time="0.535" /></testsuite></testsuites>