<?xml version="1.0" encoding="utf-8"?><testsuites name="pytest tests"><testsuite name="pytest" errors="0" failures="0" skipped="0" tests="14" time="6.150" timestamp="2026-02-27T17:19:27.310482+00:00" hostname="agent-env-e1a5a9fc-f63b-4565-81e5-9b9ca11d49d0"><testcase classname="backend.tests.test_boekhouding_api.TestAuthentication" name="test_login_success" time="0.393" /><testcase classname="backend.tests.test_boekhouding_api.TestDashboard" name="test_get_dashboard" time="0.513" /><testcase classname="backend.tests.test_boekhouding_api.TestRekeningen" name="test_get_rekeningen" time="0.512" /><testcase classname="backend.tests.test_boekhouding_api.TestDebiteuren" name="test_get_debiteuren" time="0.481" /><testcase classname="backend.tests.test_boekhouding_api.TestCrediteuren" name="test_get_crediteuren" time="0.480" /><testcase classname="backend.tests.test_boekhouding_api.TestBTWCodes" name="test_get_btw_codes" time="0.478" /><testcase classname="backend.tests.test_boekhouding_api.TestBankrekeningen" name="test_get_bankrekeningen" time="0.449" /><testcase classname="backend.tests.test_boekhouding_api.TestVerkoopfacturen" name="test_get_verkoopfacturen" time="0.505" /><testcase classname="backend.tests.test_boekhouding_api.TestInkoopfacturen" name="test_get_inkoopfacturen" time="0.448" /><testcase classname="backend.tests.test_boekhouding_api.TestWisselkoersen" name="test_get_wisselkoersen" time="0.564" /><testcase classname="backend.tests.test_boekhouding_api.TestWisselkoersen" name="test_get_latest_wisselkoersen" time="0.138" /><testcase classname="backend.tests.test_boekhouding_api.TestJournaalposten" name="test_get_journaalposten" time="0.470" /><testcase classname="backend.tests.test_boekhouding_api.TestRapportages" name="test_get_balans" time="0.515" /><testcase classname="backend.tests.test_boekhouding_api.TestRapportages" name="test_get_winst_verlies" time="0.122" /></testsuite></testsuites>