<?xml version="1.0" encoding="utf-8"?><testsuites name="pytest tests"><testsuite name="pytest" errors="0" failures="0" skipped="0" tests="11" time="5.369" timestamp="2026-02-24T14:39:53.490562+00:00" hostname="agent-env-1b1366f9-6bc2-4ded-9e3b-4b771d58fd20"><testcase classname="backend.tests.test_invoice_pdf_email.TestInvoicePDFGeneration" name="test_pdf_download_endpoint_returns_pdf" time="0.623" /><testcase classname="backend.tests.test_invoice_pdf_email.TestInvoicePDFGeneration" name="test_pdf_preview_endpoint_returns_pdf" time="0.452" /><testcase classname="backend.tests.test_invoice_pdf_email.TestInvoicePDFGeneration" name="test_pdf_endpoint_with_invalid_factuur_id" time="0.399" /><testcase classname="backend.tests.test_invoice_pdf_email.TestInvoicePDFGeneration" name="test_pdf_endpoint_without_auth" time="0.504" /><testcase classname="backend.tests.test_invoice_pdf_email.TestInvoiceEmailSend" name="test_email_send_endpoint_exists" time="0.516" /><testcase classname="backend.tests.test_invoice_pdf_email.TestInvoiceEmailSend" name="test_email_send_returns_expected_error_without_smtp" time="0.549" /><testcase classname="backend.tests.test_invoice_pdf_email.TestInvoiceEmailSend" name="test_email_send_with_invalid_factuur_id" time="0.502" /><testcase classname="backend.tests.test_invoice_pdf_email.TestInvoiceEmailSend" name="test_email_send_without_auth" time="0.461" /><testcase classname="backend.tests.test_invoice_pdf_email.TestInvoiceEmailSend" name="test_email_send_validates_email_format" time="0.431" /><testcase classname="backend.tests.test_invoice_pdf_email.TestVerkoopfactuurEndpoints" name="test_get_verkoopfacturen_list" time="0.411" /><testcase classname="backend.tests.test_invoice_pdf_email.TestVerkoopfactuurEndpoints" name="test_get_single_verkoopfactuur" time="0.408" /></testsuite></testsuites>