<?xml version="1.0" encoding="utf-8"?><testsuites name="pytest tests"><testsuite name="pytest" errors="0" failures="0" skipped="0" tests="17" time="3.753" timestamp="2026-01-24T14:20:09.857993+00:00" hostname="agent-env-34e025d7-7d2e-4083-b7e2-c903b85941ff"><testcase classname="backend.tests.test_forgot_password_facturen.TestForgotPasswordEndpoint" name="test_forgot_password_with_valid_email" time="1.488" /><testcase classname="backend.tests.test_forgot_password_facturen.TestForgotPasswordEndpoint" name="test_forgot_password_with_nonexistent_email" time="0.034" /><testcase classname="backend.tests.test_forgot_password_facturen.TestForgotPasswordEndpoint" name="test_forgot_password_with_invalid_email_format" time="0.042" /><testcase classname="backend.tests.test_forgot_password_facturen.TestForgotPasswordEndpoint" name="test_forgot_password_without_email" time="0.032" /><testcase classname="backend.tests.test_forgot_password_facturen.TestResetPasswordEndpoint" name="test_reset_password_with_invalid_token" time="0.033" /><testcase classname="backend.tests.test_forgot_password_facturen.TestResetPasswordEndpoint" name="test_reset_password_with_short_password" time="0.037" /><testcase classname="backend.tests.test_forgot_password_facturen.TestResetPasswordEndpoint" name="test_reset_password_without_token" time="0.034" /><testcase classname="backend.tests.test_forgot_password_facturen.TestResetPasswordEndpoint" name="test_reset_password_without_password" time="0.038" /><testcase classname="backend.tests.test_forgot_password_facturen.TestFacturenDataEndpoints" name="test_get_tenants" time="0.292" /><testcase classname="backend.tests.test_forgot_password_facturen.TestFacturenDataEndpoints" name="test_get_apartments" time="0.292" /><testcase classname="backend.tests.test_forgot_password_facturen.TestFacturenDataEndpoints" name="test_get_payments" time="0.302" /><testcase classname="backend.tests.test_forgot_password_facturen.TestFacturenDataEndpoints" name="test_get_loans" time="0.289" /><testcase classname="backend.tests.test_forgot_password_facturen.TestFacturenDataEndpoints" name="test_get_maintenance" time="0.305" /><testcase classname="backend.tests.test_forgot_password_facturen.TestFacturenDataEndpoints" name="test_payments_have_period_fields" time="0.300" /><testcase classname="backend.tests.test_forgot_password_facturen.TestAuthenticationRequired" name="test_tenants_requires_auth" time="0.034" /><testcase classname="backend.tests.test_forgot_password_facturen.TestAuthenticationRequired" name="test_apartments_requires_auth" time="0.039" /><testcase classname="backend.tests.test_forgot_password_facturen.TestAuthenticationRequired" name="test_payments_requires_auth" time="0.034" /></testsuite></testsuites>