<?xml version="1.0" encoding="utf-8"?><testsuites name="pytest tests"><testsuite name="pytest" errors="0" failures="2" skipped="0" tests="13" time="2.777" timestamp="2026-02-01T03:59:57.314111+00:00" hostname="agent-env-64454025-2df7-49aa-9185-c8bbcc7c4a15"><testcase classname="tests.test_auth_login_logout.TestAuthLoginLogout" name="test_01_login_success" time="0.299" /><testcase classname="tests.test_auth_login_logout.TestAuthLoginLogout" name="test_02_login_invalid_credentials" time="0.039" /><testcase classname="tests.test_auth_login_logout.TestAuthLoginLogout" name="test_03_login_empty_email" time="0.037" /><testcase classname="tests.test_auth_login_logout.TestAuthLoginLogout" name="test_04_login_empty_password" time="0.256" /><testcase classname="tests.test_auth_login_logout.TestAuthLoginLogout" name="test_05_get_me_with_valid_token" time="0.265" /><testcase classname="tests.test_auth_login_logout.TestAuthLoginLogout" name="test_06_get_me_without_token" time="0.037"><failure message="AssertionError: Expected 401, got 403&#10;assert 403 == 401&#10; +  where 403 = &lt;Response [403]&gt;.status_code">tests/test_auth_login_logout.py:93: in test_06_get_me_without_token
    assert response.status_code == 401, f"Expected 401, got {response.status_code}"
E   AssertionError: Expected 401, got 403
E   assert 403 == 401
E    +  where 403 = &lt;Response [403]&gt;.status_code</failure></testcase><testcase classname="tests.test_auth_login_logout.TestAuthLoginLogout" name="test_07_get_me_with_invalid_token" time="0.039" /><testcase classname="tests.test_auth_login_logout.TestAuthLoginLogout" name="test_08_login_logout_login_flow" time="0.543" /><testcase classname="tests.test_auth_login_logout.TestAuthLoginLogout" name="test_09_multiple_login_sessions" time="0.539" /><testcase classname="tests.test_auth_login_logout.TestAuthRegister" name="test_01_register_success" time="0.261" /><testcase classname="tests.test_auth_login_logout.TestAuthRegister" name="test_02_register_duplicate_email" time="0.039" /><testcase classname="tests.test_auth_login_logout.TestAuthRegister" name="test_03_register_short_password" time="0.259"><failure message="AssertionError: Expected 400/422, got 200&#10;assert 200 in [400, 422]&#10; +  where 200 = &lt;Response [200]&gt;.status_code">tests/test_auth_login_logout.py:217: in test_03_register_short_password
    assert response.status_code in [400, 422], f"Expected 400/422, got {response.status_code}"
E   AssertionError: Expected 400/422, got 200
E   assert 200 in [400, 422]
E    +  where 200 = &lt;Response [200]&gt;.status_code</failure></testcase><testcase classname="tests.test_auth_login_logout.TestAuthRegister" name="test_04_register_invalid_email" time="0.041" /></testsuite></testsuites>