<?xml version="1.0" encoding="utf-8"?><testsuites name="pytest tests"><testsuite name="pytest" errors="0" failures="0" skipped="0" tests="17" time="16.633" timestamp="2026-02-24T14:57:42.414198+00:00" hostname="agent-env-1b1366f9-6bc2-4ded-9e3b-4b771d58fd20"><testcase classname="backend.tests.test_verkoop_inkoop_crud.TestVerkoopOrdersCRUD" name="test_create_verkooporder" time="0.920" /><testcase classname="backend.tests.test_verkoop_inkoop_crud.TestVerkoopOrdersCRUD" name="test_update_verkooporder_concept" time="0.846" /><testcase classname="backend.tests.test_verkoop_inkoop_crud.TestVerkoopOrdersCRUD" name="test_update_non_concept_verkooporder_fails" time="1.496" /><testcase classname="backend.tests.test_verkoop_inkoop_crud.TestVerkoopOrdersCRUD" name="test_delete_verkooporder_concept" time="0.934" /><testcase classname="backend.tests.test_verkoop_inkoop_crud.TestVerkoopOrdersCRUD" name="test_delete_non_concept_verkooporder_fails" time="1.466" /><testcase classname="backend.tests.test_verkoop_inkoop_crud.TestVerkoopOffertesCRUD" name="test_create_verkoopofferte" time="0.677" /><testcase classname="backend.tests.test_verkoop_inkoop_crud.TestVerkoopOffertesCRUD" name="test_update_verkoopofferte_concept" time="0.907" /><testcase classname="backend.tests.test_verkoop_inkoop_crud.TestVerkoopOffertesCRUD" name="test_update_non_concept_verkoopofferte_fails" time="1.240" /><testcase classname="backend.tests.test_verkoop_inkoop_crud.TestVerkoopOffertesCRUD" name="test_delete_verkoopofferte_concept" time="0.821" /><testcase classname="backend.tests.test_verkoop_inkoop_crud.TestInkoopOrdersCRUD" name="test_create_inkooporder" time="0.618" /><testcase classname="backend.tests.test_verkoop_inkoop_crud.TestInkoopOrdersCRUD" name="test_update_inkooporder_concept" time="0.833" /><testcase classname="backend.tests.test_verkoop_inkoop_crud.TestInkoopOrdersCRUD" name="test_update_non_concept_inkooporder_fails" time="1.114" /><testcase classname="backend.tests.test_verkoop_inkoop_crud.TestInkoopOrdersCRUD" name="test_delete_inkooporder_concept" time="0.927" /><testcase classname="backend.tests.test_verkoop_inkoop_crud.TestInkoopOffertesCRUD" name="test_create_inkoopofferte" time="0.621" /><testcase classname="backend.tests.test_verkoop_inkoop_crud.TestInkoopOffertesCRUD" name="test_update_inkoopofferte_concept" time="0.913" /><testcase classname="backend.tests.test_verkoop_inkoop_crud.TestInkoopOffertesCRUD" name="test_update_inkoopofferte_verzonden" time="1.252" /><testcase classname="backend.tests.test_verkoop_inkoop_crud.TestInkoopOffertesCRUD" name="test_delete_inkoopofferte_concept" time="0.962" /></testsuite></testsuites>