<?xml version="1.0" encoding="utf-8"?><testsuites name="pytest tests"><testsuite name="pytest" errors="0" failures="1" skipped="0" tests="14" time="3.366" timestamp="2026-01-25T12:32:29.707229+00:00" hostname="agent-env-6031aa1d-fa43-4f27-901e-e26f595db74a"><testcase classname="backend.tests.test_prijzen_mope.TestPublicAddons" name="test_get_public_addons_returns_200" time="0.086" /><testcase classname="backend.tests.test_prijzen_mope.TestPublicAddons" name="test_get_public_addons_returns_list" time="0.038" /><testcase classname="backend.tests.test_prijzen_mope.TestPublicAddons" name="test_public_addons_have_required_fields" time="0.037" /><testcase classname="backend.tests.test_prijzen_mope.TestPublicOrders" name="test_create_order_without_addons_fails" time="0.277"><failure message="AssertionError: Expected 400/422, got 200&#10;assert 200 in [400, 422]&#10; +  where 200 = &lt;Response [200]&gt;.status_code">backend/tests/test_prijzen_mope.py:68: in test_create_order_without_addons_fails
    assert response.status_code in [400, 422], f"Expected 400/422, got {response.status_code}"
E   AssertionError: Expected 400/422, got 200
E   assert 200 in [400, 422]
E    +  where 200 = &lt;Response [200]&gt;.status_code</failure></testcase><testcase classname="backend.tests.test_prijzen_mope.TestPublicOrders" name="test_create_order_with_short_password_fails" time="0.068" /><testcase classname="backend.tests.test_prijzen_mope.TestPublicOrders" name="test_create_order_success" time="0.289" /><testcase classname="backend.tests.test_prijzen_mope.TestPublicOrders" name="test_create_order_duplicate_email_fails" time="0.322" /><testcase classname="backend.tests.test_prijzen_mope.TestMopeSettingsAdmin" name="test_get_mope_settings_without_auth_fails" time="0.032" /><testcase classname="backend.tests.test_prijzen_mope.TestMopeSettingsAdmin" name="test_get_mope_settings_with_superadmin" time="0.292" /><testcase classname="backend.tests.test_prijzen_mope.TestMopeSettingsAdmin" name="test_update_mope_settings_without_auth_fails" time="0.031" /><testcase classname="backend.tests.test_prijzen_mope.TestMopeSettingsAdmin" name="test_update_mope_settings_with_superadmin" time="0.359" /><testcase classname="backend.tests.test_prijzen_mope.TestPaymentInitiation" name="test_pay_nonexistent_order_fails" time="0.032" /><testcase classname="backend.tests.test_prijzen_mope.TestPaymentInitiation" name="test_pay_order_without_mope_config_fails" time="0.830" /><testcase classname="backend.tests.test_prijzen_mope.TestCustomerLogin" name="test_customer_can_login_after_order" time="0.551" /></testsuite></testsuites>