<?xml version="1.0" encoding="utf-8"?><testsuites name="pytest tests"><testsuite name="pytest" errors="0" failures="0" skipped="0" tests="6" time="2.427" timestamp="2026-03-23T23:56:02.361494+00:00" hostname="agent-env-335c68a8-89cb-4328-ad71-5e133e17c8be"><testcase classname="backend.tests.test_unique_pin.TestUniquePinEnforcement" name="test_duplicate_pin_rejected" time="0.492" /><testcase classname="backend.tests.test_unique_pin.TestUniquePinEnforcement" name="test_same_company_can_keep_own_pin" time="0.443" /><testcase classname="backend.tests.test_unique_pin.TestUniquePinEnforcement" name="test_unique_pin_allowed" time="0.668" /><testcase classname="backend.tests.test_unique_pin.TestValidPinLogin" name="test_valid_pin_login_redirects" time="0.099" /><testcase classname="backend.tests.test_unique_pin.TestPasswordLogin" name="test_password_login_works" time="0.325" /><testcase classname="backend.tests.test_unique_pin.TestPasswordLogin" name="test_invalid_password_rejected" time="0.344" /></testsuite></testsuites>