<?xml version="1.0" encoding="utf-8"?><testsuites name="pytest tests"><testsuite name="pytest" errors="0" failures="0" skipped="0" tests="8" time="3.456" timestamp="2026-02-28T03:14:17.013553+00:00" hostname="agent-env-e373affa-c835-4541-8d4c-d5a8db9dc459"><testcase classname="backend.tests.test_pos_boekhouding.TestPOSModule" name="test_auth_login" time="0.362" /><testcase classname="backend.tests.test_pos_boekhouding.TestPOSModule" name="test_get_pos_products" time="0.404" /><testcase classname="backend.tests.test_pos_boekhouding.TestPOSModule" name="test_get_artikelen" time="0.413" /><testcase classname="backend.tests.test_pos_boekhouding.TestPOSModule" name="test_create_pos_sale_contant" time="0.433" /><testcase classname="backend.tests.test_pos_boekhouding.TestPOSModule" name="test_create_pos_sale_pin" time="0.448" /><testcase classname="backend.tests.test_pos_boekhouding.TestPOSModule" name="test_dashboard_endpoint" time="0.407" /><testcase classname="backend.tests.test_pos_boekhouding.TestPOSModule" name="test_boekhouding_instellingen" time="0.418" /><testcase classname="backend.tests.test_pos_boekhouding.TestPOSDataPersistence" name="test_pos_sale_creates_voorraadmutatie" time="0.513" /></testsuite></testsuites>