<?xml version="1.0" encoding="utf-8"?><testsuites name="pytest tests"><testsuite name="pytest" errors="0" failures="0" skipped="0" tests="15" time="7.236" timestamp="2026-02-25T20:06:22.301106+00:00" hostname="agent-env-837b492a-45b5-456c-a819-781111153e98"><testcase classname="backend.tests.test_iteration42_features.TestAuthentication" name="test_login_success" time="0.515" /><testcase classname="backend.tests.test_iteration42_features.TestArtikelenMultiCurrency" name="test_create_artikel_with_multi_currency_prices" time="0.537" /><testcase classname="backend.tests.test_iteration42_features.TestArtikelenMultiCurrency" name="test_get_artikelen_shows_voorraad" time="0.266" /><testcase classname="backend.tests.test_iteration42_features.TestArtikelenMultiCurrency" name="test_update_artikel_multi_currency" time="0.366" /><testcase classname="backend.tests.test_iteration42_features.TestInkoopfacturenBetaling" name="test_get_inkoopfacturen" time="1.303" /><testcase classname="backend.tests.test_iteration42_features.TestInkoopfacturenBetaling" name="test_create_crediteur_for_inkoopfactuur" time="0.182" /><testcase classname="backend.tests.test_iteration42_features.TestInkoopfacturenBetaling" name="test_create_inkoopfactuur" time="0.259" /><testcase classname="backend.tests.test_iteration42_features.TestInkoopfacturenBetaling" name="test_register_betaling_inkoopfactuur" time="0.475" /><testcase classname="backend.tests.test_iteration42_features.TestInkoopfacturenBetaling" name="test_update_inkoopfactuur_status" time="0.490" /><testcase classname="backend.tests.test_iteration42_features.TestGrootboekMapping" name="test_get_rekeningen" time="0.459" /><testcase classname="backend.tests.test_iteration42_features.TestGrootboekMapping" name="test_get_mapping" time="0.135" /><testcase classname="backend.tests.test_iteration42_features.TestGrootboekMapping" name="test_save_mapping" time="0.501" /><testcase classname="backend.tests.test_iteration42_features.TestVoorraadDashboard" name="test_voorraad_dashboard" time="0.479" /><testcase classname="backend.tests.test_iteration42_features.TestNavigationRemoval" name="test_valuta_rapportages_route_removed" time="0.570" /><testcase classname="backend.tests.test_iteration42_features.TestBoekhoudingDashboard" name="test_dashboard_loads" time="0.513" /></testsuite></testsuites>