<?xml version="1.0" encoding="utf-8"?><testsuites name="pytest tests"><testsuite name="pytest" errors="0" failures="0" skipped="0" tests="15" time="4.444" timestamp="2026-01-26T13:11:40.617438+00:00" hostname="agent-env-f15534ba-812e-49d1-8c33-fe148957fcc4"><testcase classname="backend.tests.test_post_order_workflow.TestPublicOrdersEndpoint" name="test_create_order_success" time="0.350" /><testcase classname="backend.tests.test_post_order_workflow.TestPublicOrdersEndpoint" name="test_create_order_duplicate_email" time="0.338" /><testcase classname="backend.tests.test_post_order_workflow.TestPublicOrdersEndpoint" name="test_create_order_no_addons" time="0.078" /><testcase classname="backend.tests.test_post_order_workflow.TestPublicOrdersEndpoint" name="test_create_order_short_password" time="0.085" /><testcase classname="backend.tests.test_post_order_workflow.TestMyAddonRequestsEndpoint" name="test_get_my_addon_requests" time="0.335" /><testcase classname="backend.tests.test_post_order_workflow.TestMyAddonRequestsEndpoint" name="test_get_my_addon_requests_unauthorized" time="0.033" /><testcase classname="backend.tests.test_post_order_workflow.TestMyActiveAddonsEndpoint" name="test_get_my_active_addons" time="0.341" /><testcase classname="backend.tests.test_post_order_workflow.TestMyActiveAddonsEndpoint" name="test_get_my_active_addons_unauthorized" time="0.035" /><testcase classname="backend.tests.test_post_order_workflow.TestAdminAddonRequestsEndpoint" name="test_get_admin_addon_requests" time="0.297" /><testcase classname="backend.tests.test_post_order_workflow.TestAdminAddonRequestsEndpoint" name="test_get_admin_addon_requests_unauthorized" time="0.379" /><testcase classname="backend.tests.test_post_order_workflow.TestApproveRejectAddonRequests" name="test_approve_addon_request" time="0.666" /><testcase classname="backend.tests.test_post_order_workflow.TestApproveRejectAddonRequests" name="test_reject_addon_request" time="0.666" /><testcase classname="backend.tests.test_post_order_workflow.TestApproveRejectAddonRequests" name="test_approve_nonexistent_request" time="0.292" /><testcase classname="backend.tests.test_post_order_workflow.TestAutoLoginFlow" name="test_token_can_access_protected_endpoints" time="0.413" /><testcase classname="backend.tests.test_post_order_workflow.TestPublicAddonsEndpoint" name="test_get_public_addons" time="0.037" /></testsuite></testsuites>