<?xml version="1.0" encoding="utf-8"?><testsuites name="pytest tests"><testsuite name="pytest" errors="0" failures="1" skipped="0" tests="14" time="5.891" timestamp="2026-01-23T15:55:48.376751+00:00" hostname="agent-env-34e025d7-7d2e-4083-b7e2-c903b85941ff"><testcase classname="backend.tests.test_loans_feature.TestLoansFeature" name="test_get_loans_endpoint_returns_200" time="0.378" /><testcase classname="backend.tests.test_loans_feature.TestLoansFeature" name="test_get_loans_returns_correct_structure" time="0.348" /><testcase classname="backend.tests.test_loans_feature.TestLoansFeature" name="test_create_loan_success" time="0.446" /><testcase classname="backend.tests.test_loans_feature.TestLoansFeature" name="test_create_loan_invalid_tenant" time="0.367" /><testcase classname="backend.tests.test_loans_feature.TestLoansFeature" name="test_update_loan_success" time="0.388" /><testcase classname="backend.tests.test_loans_feature.TestLoansFeature" name="test_delete_loan_success" time="0.418" /><testcase classname="backend.tests.test_loans_feature.TestLoansFeature" name="test_get_tenant_loans_endpoint" time="0.531" /><testcase classname="backend.tests.test_loans_feature.TestLoansFeature" name="test_loan_status_open_to_partial" time="0.477" /><testcase classname="backend.tests.test_loans_feature.TestLoansFeature" name="test_loan_status_partial_to_paid" time="0.530" /><testcase classname="backend.tests.test_loans_feature.TestLoansFeature" name="test_tenant_loans_for_payment_dropdown" time="0.480" /><testcase classname="backend.tests.test_loans_feature.TestFacturenPage" name="test_get_invoices_endpoint" time="0.281" /><testcase classname="backend.tests.test_loans_feature.TestFacturenPage" name="test_invoices_structure" time="0.263" /><testcase classname="backend.tests.test_loans_feature.TestFacturenPage" name="test_invoices_summary" time="0.270"><failure message="AssertionError: Missing summary field: outstanding_amount&#10;assert 'outstanding_amount' in {'paid': 0, 'paid_amount': 0, 'partial': 0, 'total_amount': 0, ...}">backend/tests/test_loans_feature.py:428: in test_invoices_summary
    assert field in summary, f"Missing summary field: {field}"
E   AssertionError: Missing summary field: outstanding_amount
E   assert 'outstanding_amount' in {'paid': 0, 'paid_amount': 0, 'partial': 0, 'total_amount': 0, ...}</failure></testcase><testcase classname="backend.tests.test_loans_feature.TestLeningenSummaryCards" name="test_loans_summary_calculation" time="0.612" /></testsuite></testsuites>