<?xml version="1.0" encoding="utf-8"?><testsuites name="pytest tests"><testsuite name="pytest" errors="0" failures="0" skipped="0" tests="17" time="5.439" timestamp="2026-02-25T07:51:45.953899+00:00" hostname="agent-env-1b1366f9-6bc2-4ded-9e3b-4b771d58fd20"><testcase classname="backend.tests.test_bank_reconciliatie.TestBankReconciliatieAuth" name="test_get_transacties_without_auth" time="0.235" /><testcase classname="backend.tests.test_bank_reconciliatie.TestBankReconciliatieAuth" name="test_get_stats_without_auth" time="0.136" /><testcase classname="backend.tests.test_bank_reconciliatie.TestBankTransacties" name="test_get_all_transacties" time="0.439" /><testcase classname="backend.tests.test_bank_reconciliatie.TestBankTransacties" name="test_get_transacties_with_status_filter" time="0.107" /><testcase classname="backend.tests.test_bank_reconciliatie.TestBankTransacties" name="test_get_single_transactie" time="0.250" /><testcase classname="backend.tests.test_bank_reconciliatie.TestBankTransacties" name="test_get_nonexistent_transactie" time="0.108" /><testcase classname="backend.tests.test_bank_reconciliatie.TestBankStats" name="test_get_reconciliation_stats" time="0.440" /><testcase classname="backend.tests.test_bank_reconciliatie.TestCSVUpload" name="test_upload_valid_csv" time="0.432" /><testcase classname="backend.tests.test_bank_reconciliatie.TestCSVUpload" name="test_upload_invalid_file_type" time="0.098" /><testcase classname="backend.tests.test_bank_reconciliatie.TestCSVUpload" name="test_upload_empty_csv" time="0.103" /><testcase classname="backend.tests.test_bank_reconciliatie.TestTransactionActions" name="test_ignore_transaction" time="0.642" /><testcase classname="backend.tests.test_bank_reconciliatie.TestTransactionActions" name="test_delete_unmatched_transaction" time="0.346" /><testcase classname="backend.tests.test_bank_reconciliatie.TestTransactionActions" name="test_delete_nonexistent_transaction" time="0.108" /><testcase classname="backend.tests.test_bank_reconciliatie.TestAutoMatch" name="test_auto_match_endpoint" time="0.439" /><testcase classname="backend.tests.test_bank_reconciliatie.TestManualMatch" name="test_match_with_invalid_transaction" time="0.452" /><testcase classname="backend.tests.test_bank_reconciliatie.TestManualMatch" name="test_match_with_invalid_factuur" time="0.217" /><testcase classname="backend.tests.test_bank_reconciliatie.TestCleanup" name="test_cleanup_test_transactions" time="0.752" /></testsuite></testsuites>