<?xml version="1.0" encoding="utf-8"?><testsuites name="pytest tests"><testsuite name="pytest" errors="0" failures="0" skipped="0" tests="23" time="9.002" timestamp="2026-03-30T23:23:55.750329+00:00" hostname="agent-env-56f04ace-3576-417d-8155-b302e9b813b2"><testcase classname="backend.tests.test_kiosk_refactored.TestKioskAuth" name="test_01_login_with_email_password" time="0.363" /><testcase classname="backend.tests.test_kiosk_refactored.TestKioskAuth" name="test_02_login_with_pin" time="0.122" /><testcase classname="backend.tests.test_kiosk_refactored.TestKioskAuth" name="test_03_login_invalid_credentials" time="0.111" /><testcase classname="backend.tests.test_kiosk_refactored.TestKioskAuth" name="test_04_get_me_authenticated" time="0.437" /><testcase classname="backend.tests.test_kiosk_refactored.TestKioskAdminDashboard" name="test_05_get_dashboard" time="0.436" /><testcase classname="backend.tests.test_kiosk_refactored.TestKioskAdminDashboard" name="test_06_list_tenants" time="0.442" /><testcase classname="backend.tests.test_kiosk_refactored.TestKioskAdminDashboard" name="test_07_list_apartments" time="0.464" /><testcase classname="backend.tests.test_kiosk_refactored.TestKioskAdminDashboard" name="test_08_list_payments" time="0.453" /><testcase classname="backend.tests.test_kiosk_refactored.TestKioskAdminDashboard" name="test_09_list_leases" time="0.442" /><testcase classname="backend.tests.test_kiosk_refactored.TestKioskLoans" name="test_10_list_loans" time="0.460" /><testcase classname="backend.tests.test_kiosk_refactored.TestKioskEmployees" name="test_11_list_employees" time="0.442" /><testcase classname="backend.tests.test_kiosk_refactored.TestKioskKas" name="test_12_list_kas_entries" time="0.506" /><testcase classname="backend.tests.test_kiosk_refactored.TestKioskDevices" name="test_13_list_shelly_devices" time="0.465" /><testcase classname="backend.tests.test_kiosk_refactored.TestKioskDevices" name="test_14_list_tenda_routers" time="0.449" /><testcase classname="backend.tests.test_kiosk_refactored.TestKioskInternet" name="test_15_list_internet_plans" time="0.470" /><testcase classname="backend.tests.test_kiosk_refactored.TestKioskMessaging" name="test_16_list_whatsapp_history" time="0.485" /><testcase classname="backend.tests.test_kiosk_refactored.TestKioskMessaging" name="test_17_email_test_requires_recipient" time="0.441" /><testcase classname="backend.tests.test_kiosk_refactored.TestKioskSuperAdmin" name="test_18_superadmin_login" time="0.103" /><testcase classname="backend.tests.test_kiosk_refactored.TestKioskSuperAdmin" name="test_19_superadmin_stats" time="0.215" /><testcase classname="backend.tests.test_kiosk_refactored.TestKioskSuperAdmin" name="test_20_superadmin_companies_list" time="0.258" /><testcase classname="backend.tests.test_kiosk_refactored.TestKioskPublicEndpoints" name="test_21_public_company_info" time="0.460" /><testcase classname="backend.tests.test_kiosk_refactored.TestKioskPublicEndpoints" name="test_22_public_tenants_list" time="0.453" /><testcase classname="backend.tests.test_kiosk_refactored.TestKioskPublicEndpoints" name="test_23_public_apartments_list" time="0.441" /></testsuite></testsuites>