<?xml version="1.0" encoding="utf-8"?><testsuites name="pytest tests"><testsuite name="pytest" errors="0" failures="2" skipped="0" tests="23" time="4.428" timestamp="2026-01-27T12:41:50.240668+00:00" hostname="agent-env-11e9c828-4815-4c68-8f49-7f70c9bd3c5d"><testcase classname="backend.tests.test_erp_comprehensive.TestHealthAndPublicEndpoints" name="test_landing_settings" time="0.141" /><testcase classname="backend.tests.test_erp_comprehensive.TestHealthAndPublicEndpoints" name="test_public_addons" time="0.048" /><testcase classname="backend.tests.test_erp_comprehensive.TestHealthAndPublicEndpoints" name="test_public_landing_sections" time="0.036" /><testcase classname="backend.tests.test_erp_comprehensive.TestAdminAuthentication" name="test_admin_login_success" time="0.267" /><testcase classname="backend.tests.test_erp_comprehensive.TestAdminAuthentication" name="test_admin_login_invalid_credentials" time="0.255" /><testcase classname="backend.tests.test_erp_comprehensive.TestAdminAuthentication" name="test_get_current_user" time="0.305" /><testcase classname="backend.tests.test_erp_comprehensive.TestCMSFunctionality" name="test_get_cms_pages" time="0.289"><failure message="assert 404 == 200&#10; +  where 404 = &lt;Response [404]&gt;.status_code">backend/tests/test_erp_comprehensive.py:118: in test_get_cms_pages
    assert response.status_code == 200
E   assert 404 == 200
E    +  where 404 = &lt;Response [404]&gt;.status_code</failure></testcase><testcase classname="backend.tests.test_erp_comprehensive.TestCMSFunctionality" name="test_get_landing_sections" time="0.292" /><testcase classname="backend.tests.test_erp_comprehensive.TestCMSFunctionality" name="test_update_landing_section" time="0.336" /><testcase classname="backend.tests.test_erp_comprehensive.TestModuleOrdering" name="test_create_order_with_account" time="0.314"><failure message="AssertionError: assert ('access_token' in {'order': {'addon_ids': ['4390ded9-d005-4f47-a4b5-08d985d173e0'], 'addon_names': ['Vastgoed Beheer'], 'company_name': 'Test Company', 'created_at': '2026-01-27T12:41:52.417582+00:00', ...}, 'token': 'eyJhbGciOiJIUzI1NiIsInR5cCI6IkpXVCJ9.eyJ1c2VyX2lkIjoiMGIwMTRmOGItZTNmYi00MGJmLWFlZmEtMmY3ODM3OTMyZTQxIiwiZW1haWwiOiJ0ZXN0X29yZGVyXzQ4MjI5NmI2QGV4YW1wbGUuY29tIiwiZXhwIjoxNzY5NjA0MTEyfQ.Y1ZxcC8bQrnnn7aPAbPPfxGNxqGtw_vQ9JdW9yxoNRQ', 'user': {'email': 'test_order_482296b6@example.com', 'id': '0b014f8b-e3fb-40bf-aefa-2f7837932e41', 'name': 'Test User 482296b6', 'role': 'customer'}} or 'id' in {'order': {'addon_ids': ['4390ded9-d005-4f47-a4b5-08d985d173e0'], 'addon_names': ['Vastgoed Beheer'], 'company_name': 'Test Company', 'created_at': '2026-01-27T12:41:52.417582+00:00', ...}, 'token': 'eyJhbGciOiJIUzI1NiIsInR5cCI6IkpXVCJ9.eyJ1c2VyX2lkIjoiMGIwMTRmOGItZTNmYi00MGJmLWFlZmEtMmY3ODM3OTMyZTQxIiwiZW1haWwiOiJ0ZXN0X29yZGVyXzQ4MjI5NmI2QGV4YW1wbGUuY29tIiwiZXhwIjoxNzY5NjA0MTEyfQ.Y1ZxcC8bQrnnn7aPAbPPfxGNxqGtw_vQ9JdW9yxoNRQ', 'user': {'email': 'test_order_482296b6@example.com', 'id': '0b014f8b-e3fb-40bf-aefa-2f7837932e41', 'name': 'Test User 482296b6', 'role': 'customer'}})">backend/tests/test_erp_comprehensive.py:194: in test_create_order_with_account
    assert "access_token" in data or "id" in data
E   AssertionError: assert ('access_token' in {'order': {'addon_ids': ['4390ded9-d005-4f47-a4b5-08d985d173e0'], 'addon_names': ['Vastgoed Beheer'], 'company_name': 'Test Company', 'created_at': '2026-01-27T12:41:52.417582+00:00', ...}, 'token': 'eyJhbGciOiJIUzI1NiIsInR5cCI6IkpXVCJ9.eyJ1c2VyX2lkIjoiMGIwMTRmOGItZTNmYi00MGJmLWFlZmEtMmY3ODM3OTMyZTQxIiwiZW1haWwiOiJ0ZXN0X29yZGVyXzQ4MjI5NmI2QGV4YW1wbGUuY29tIiwiZXhwIjoxNzY5NjA0MTEyfQ.Y1ZxcC8bQrnnn7aPAbPPfxGNxqGtw_vQ9JdW9yxoNRQ', 'user': {'email': 'test_order_482296b6@example.com', 'id': '0b014f8b-e3fb-40bf-aefa-2f7837932e41', 'name': 'Test User 482296b6', 'role': 'customer'}} or 'id' in {'order': {'addon_ids': ['4390ded9-d005-4f47-a4b5-08d985d173e0'], 'addon_names': ['Vastgoed Beheer'], 'company_name': 'Test Company', 'created_at': '2026-01-27T12:41:52.417582+00:00', ...}, 'token': 'eyJhbGciOiJIUzI1NiIsInR5cCI6IkpXVCJ9.eyJ1c2VyX2lkIjoiMGIwMTRmOGItZTNmYi00MGJmLWFlZmEtMmY3ODM3OTMyZTQxIiwiZW1haWwiOiJ0ZXN0X29yZGVyXzQ4MjI5NmI2QGV4YW1wbGUuY29tIiwiZXhwIjoxNzY5NjA0MTEyfQ.Y1ZxcC8bQrnnn7aPAbPPfxGNxqGtw_vQ9JdW9yxoNRQ', 'user': {'email': 'test_order_482296b6@example.com', 'id': '0b014f8b-e3fb-40bf-aefa-2f7837932e41', 'name': 'Test User 482296b6', 'role': 'customer'}})</failure></testcase><testcase classname="backend.tests.test_erp_comprehensive.TestModuleOrdering" name="test_order_validation_duplicate_email" time="0.037" /><testcase classname="backend.tests.test_erp_comprehensive.TestAdminDashboard" name="test_admin_dashboard_stats" time="0.304" /><testcase classname="backend.tests.test_erp_comprehensive.TestAdminDashboard" name="test_admin_customers_list" time="0.310" /><testcase classname="backend.tests.test_erp_comprehensive.TestAdminDashboard" name="test_admin_addon_requests" time="0.309" /><testcase classname="backend.tests.test_erp_comprehensive.TestAdminDashboard" name="test_admin_addons_management" time="0.297" /><testcase classname="backend.tests.test_erp_comprehensive.TestAIChatbot" name="test_chat_endpoint" time="0.036" /><testcase classname="backend.tests.test_erp_comprehensive.TestAIChatbot" name="test_chat_with_auth" time="0.293" /><testcase classname="backend.tests.test_erp_comprehensive.TestPublicPages" name="test_prijzen_page_data" time="0.032" /><testcase classname="backend.tests.test_erp_comprehensive.TestPublicPages" name="test_over_ons_page_data" time="0.070" /><testcase classname="backend.tests.test_erp_comprehensive.TestPublicPages" name="test_voorwaarden_page" time="0.060" /><testcase classname="backend.tests.test_erp_comprehensive.TestPublicPages" name="test_privacy_page" time="0.037" /><testcase classname="backend.tests.test_erp_comprehensive.TestNavigationAndRouting" name="test_cms_menu" time="0.038" /><testcase classname="backend.tests.test_erp_comprehensive.TestNavigationAndRouting" name="test_cms_page_by_slug" time="0.169" /></testsuite></testsuites>