<?xml version="1.0" encoding="utf-8"?><testsuites name="pytest tests"><testsuite name="pytest" errors="0" failures="0" skipped="0" tests="18" time="2.393" timestamp="2026-01-30T19:54:54.041691+00:00" hostname="agent-env-5cbeeeef-67ba-4326-ac88-8446ef2ef64a"><testcase classname="backend.tests.test_autodealer_portal_hrm.TestAutoDealerPortalAuth" name="test_portal_login_success" time="0.376" /><testcase classname="backend.tests.test_autodealer_portal_hrm.TestAutoDealerPortalAuth" name="test_portal_login_invalid_credentials" time="0.090" /><testcase classname="backend.tests.test_autodealer_portal_hrm.TestAutoDealerPortalAuth" name="test_portal_register_new_customer" time="0.280" /><testcase classname="backend.tests.test_autodealer_portal_hrm.TestAutoDealerPortalAuth" name="test_portal_register_duplicate_email" time="0.059" /><testcase classname="backend.tests.test_autodealer_portal_hrm.TestAutoDealerPortalProfile" name="test_get_customer_profile" time="0.335" /><testcase classname="backend.tests.test_autodealer_portal_hrm.TestAutoDealerPortalProfile" name="test_get_profile_unauthorized" time="0.038" /><testcase classname="backend.tests.test_autodealer_portal_hrm.TestAutoDealerPortalDashboard" name="test_get_dashboard" time="0.078" /><testcase classname="backend.tests.test_autodealer_portal_hrm.TestAutoDealerPortalPurchases" name="test_get_purchases" time="0.040" /><testcase classname="backend.tests.test_autodealer_portal_hrm.TestHRMStats" name="test_get_hrm_stats" time="0.325" /><testcase classname="backend.tests.test_autodealer_portal_hrm.TestHRMStats" name="test_hrm_stats_unauthorized" time="0.040" /><testcase classname="backend.tests.test_autodealer_portal_hrm.TestHRMEmployees" name="test_get_employees" time="0.042" /><testcase classname="backend.tests.test_autodealer_portal_hrm.TestHRMEmployees" name="test_create_employee" time="0.040" /><testcase classname="backend.tests.test_autodealer_portal_hrm.TestHRMDepartments" name="test_get_departments" time="0.044" /><testcase classname="backend.tests.test_autodealer_portal_hrm.TestHRMDepartments" name="test_create_department" time="0.039" /><testcase classname="backend.tests.test_autodealer_portal_hrm.TestHRMDashboard" name="test_get_hrm_dashboard" time="0.045" /><testcase classname="backend.tests.test_autodealer_portal_hrm.TestHRMSettings" name="test_get_hrm_settings" time="0.040" /><testcase classname="backend.tests.test_autodealer_portal_hrm.TestWorkspaceBranding" name="test_get_current_workspace" time="0.040" /><testcase classname="backend.tests.test_autodealer_portal_hrm.TestPortalIntegration" name="test_full_customer_flow" time="0.340" /></testsuite></testsuites>