<?xml version="1.0" encoding="utf-8"?><testsuites name="pytest tests"><testsuite name="pytest" errors="0" failures="0" skipped="0" tests="14" time="6.503" timestamp="2026-02-28T03:34:30.061579+00:00" hostname="agent-env-e373affa-c835-4541-8d4c-d5a8db9dc459"><testcase classname="backend.tests.test_pos_extended_features.TestPOSExtendedFeatures" name="test_auth_login" time="0.462" /><testcase classname="backend.tests.test_pos_extended_features.TestPOSExtendedFeatures" name="test_pos_sale_with_wisselgeld" time="0.468" /><testcase classname="backend.tests.test_pos_extended_features.TestPOSExtendedFeatures" name="test_pos_sale_with_percentage_discount" time="0.472" /><testcase classname="backend.tests.test_pos_extended_features.TestPOSExtendedFeatures" name="test_pos_sale_with_fixed_discount" time="0.429" /><testcase classname="backend.tests.test_pos_extended_features.TestPOSExtendedFeatures" name="test_get_debiteuren_for_customer_selection" time="0.403" /><testcase classname="backend.tests.test_pos_extended_features.TestPOSExtendedFeatures" name="test_pos_sale_with_customer" time="0.515" /><testcase classname="backend.tests.test_pos_extended_features.TestPOSExtendedFeatures" name="test_pos_receipt_pdf_download" time="0.751" /><testcase classname="backend.tests.test_pos_extended_features.TestPOSExtendedFeatures" name="test_pos_dagoverzicht" time="0.391" /><testcase classname="backend.tests.test_pos_extended_features.TestPOSExtendedFeatures" name="test_pos_dagoverzicht_with_date" time="0.421" /><testcase classname="backend.tests.test_pos_extended_features.TestPOSExtendedFeatures" name="test_pos_kassa_status" time="0.389" /><testcase classname="backend.tests.test_pos_extended_features.TestPOSExtendedFeatures" name="test_pos_sale_contant_creates_kas_boeking" time="0.518" /><testcase classname="backend.tests.test_pos_extended_features.TestPOSExtendedFeatures" name="test_pos_sale_pin_creates_bank_boeking" time="0.460" /><testcase classname="backend.tests.test_pos_extended_features.TestPOSGetSales" name="test_get_pos_sales" time="0.394" /><testcase classname="backend.tests.test_pos_extended_features.TestPOSGetSales" name="test_get_pos_sales_with_pagination" time="0.376" /></testsuite></testsuites>