<?xml version="1.0" encoding="utf-8"?><testsuites name="pytest tests"><testsuite name="pytest" errors="0" failures="0" skipped="0" tests="12" time="69.466" timestamp="2026-01-23T15:19:41.535033+00:00" hostname="agent-env-dfbf50af-cd90-43ae-b628-4f4de69fd5fa"><testcase classname="backend.tests.test_maintenance_tenant_costs.TestMaintenanceTenantCosts" name="test_create_maintenance_with_tenant_cost_type" time="0.646" /><testcase classname="backend.tests.test_maintenance_tenant_costs.TestMaintenanceTenantCosts" name="test_create_maintenance_with_kasgeld_cost_type" time="0.618" /><testcase classname="backend.tests.test_maintenance_tenant_costs.TestMaintenanceTenantCosts" name="test_invoices_api_returns_maintenance_cost_field" time="0.656" /><testcase classname="backend.tests.test_maintenance_tenant_costs.TestMaintenanceTenantCosts" name="test_invoices_api_returns_maintenance_items_field" time="0.701" /><testcase classname="backend.tests.test_maintenance_tenant_costs.TestMaintenanceTenantCosts" name="test_invoices_total_includes_maintenance" time="0.740" /><testcase classname="backend.tests.test_maintenance_tenant_costs.TestMaintenanceTenantCosts" name="test_maintenance_only_on_first_invoice" time="0.638" /><testcase classname="backend.tests.test_maintenance_tenant_costs.TestMaintenanceTenantCosts" name="test_outstanding_includes_maintenance_costs" time="0.684" /><testcase classname="backend.tests.test_maintenance_tenant_costs.TestMaintenanceTenantCosts" name="test_outstanding_amount_includes_rent_plus_maintenance" time="0.737" /><testcase classname="backend.tests.test_maintenance_tenant_costs.TestMaintenanceTenantCosts" name="test_maintenance_costs_details_in_outstanding" time="0.687" /><testcase classname="backend.tests.test_maintenance_tenant_costs.TestMaintenanceTenantCosts" name="test_kasgeld_maintenance_not_in_tenant_outstanding" time="52.527" /><testcase classname="backend.tests.test_maintenance_tenant_costs.TestMaintenanceTenantCosts" name="test_cumulative_balance_includes_maintenance" time="9.989" /><testcase classname="backend.tests.test_maintenance_tenant_costs.TestMaintenanceTenantCosts" name="test_multiple_maintenance_items_summed" time="0.789" /></testsuite></testsuites>