<?xml version="1.0" encoding="utf-8"?><testsuites name="pytest tests"><testsuite name="pytest" errors="0" failures="3" skipped="0" tests="17" time="6.364" timestamp="2026-03-30T15:12:02.348317+00:00" hostname="agent-env-a7c620a3-b812-4d2f-9836-d9c50152fafb"><testcase classname="backend.tests.test_meter_readings.TestMeterReadingsFeature" name="test_01_get_meter_settings" time="0.633" /><testcase classname="backend.tests.test_meter_readings.TestMeterReadingsFeature" name="test_02_update_meter_settings_ebs" time="0.279" /><testcase classname="backend.tests.test_meter_readings.TestMeterReadingsFeature" name="test_03_update_meter_settings_swm" time="0.255" /><testcase classname="backend.tests.test_meter_readings.TestMeterReadingsFeature" name="test_04_reset_tariffs_to_default" time="0.303" /><testcase classname="backend.tests.test_meter_readings.TestMeterReadingsFeature" name="test_05_list_meter_readings" time="0.142" /><testcase classname="backend.tests.test_meter_readings.TestMeterReadingsFeature" name="test_06_create_ebs_reading" time="0.235"><failure message="AssertionError: Usage mismatch: 250.0 != 100.0&#10;assert 250.0 == 100.0">backend/tests/test_meter_readings.py:189: in test_06_create_ebs_reading
    assert data["usage"] == expected_usage, f"Usage mismatch: {data['usage']} != {expected_usage}"
E   AssertionError: Usage mismatch: 250.0 != 100.0
E   assert 250.0 == 100.0</failure></testcase><testcase classname="backend.tests.test_meter_readings.TestMeterReadingsFeature" name="test_07_create_swm_reading" time="0.443"><failure message="AssertionError: Cost mismatch: 493.64 != 193.93&#10;assert 493.64 == 193.93">backend/tests/test_meter_readings.py:226: in test_07_create_swm_reading
    assert data["cost"] == expected_cost, f"Cost mismatch: {data['cost']} != {expected_cost}"
E   AssertionError: Cost mismatch: 493.64 != 193.93
E   assert 493.64 == 193.93</failure></testcase><testcase classname="backend.tests.test_meter_readings.TestMeterReadingsFeature" name="test_08_validation_new_stand_lower_than_previous" time="0.141" /><testcase classname="backend.tests.test_meter_readings.TestMeterReadingsFeature" name="test_09_validation_invalid_meter_type" time="1.097" /><testcase classname="backend.tests.test_meter_readings.TestMeterReadingsFeature" name="test_10_validation_invalid_apartment" time="0.137" /><testcase classname="backend.tests.test_meter_readings.TestMeterReadingsFeature" name="test_11_charge_meter_costs_to_tenant" time="0.745" /><testcase classname="backend.tests.test_meter_readings.TestMeterReadingsFeature" name="test_12_charge_no_tenant_fails" time="0.360" /><testcase classname="backend.tests.test_meter_readings.TestMeterReadingsFeature" name="test_13_charge_no_costs_fails" time="0.496" /><testcase classname="backend.tests.test_meter_readings.TestMeterReadingsFeature" name="test_14_whatsapp_notification_on_charge" time="0.115"><failure message="AttributeError: 'str' object has no attribute 'get'">backend/tests/test_meter_readings.py:399: in test_14_whatsapp_notification_on_charge
    meter_messages = [m for m in messages if m.get("message_type") == "meter_charge"]
                     ^^^^^^^^^^^^^^^^^^^^^^^^^^^^^^^^^^^^^^^^^^^^^^^^^^^^^^^^^^^^^^^^
backend/tests/test_meter_readings.py:399: in &lt;listcomp&gt;
    meter_messages = [m for m in messages if m.get("message_type") == "meter_charge"]
                                             ^^^^^
E   AttributeError: 'str' object has no attribute 'get'</failure></testcase><testcase classname="backend.tests.test_meter_readings.TestMeterReadingsFeature" name="test_15_verify_usage_calculation" time="0.161" /><testcase classname="backend.tests.test_meter_readings.TestMeterReadingsFeature" name="test_16_verify_cost_calculation" time="0.112" /><testcase classname="backend.tests.test_meter_readings.TestMeterReadingsFeature" name="test_17_endpoints_require_auth" time="0.587" /></testsuite></testsuites>