<?xml version="1.0" encoding="utf-8"?><testsuites name="pytest tests"><testsuite name="pytest" errors="0" failures="0" skipped="0" tests="15" time="7.024" timestamp="2026-01-23T14:43:12.606930+00:00" hostname="agent-env-dfbf50af-cd90-43ae-b628-4f4de69fd5fa"><testcase classname="backend.tests.test_outstanding_warning.TestOutstandingWarningFeature" name="test_warning_shows_for_unpaid_month" time="0.527" /><testcase classname="backend.tests.test_outstanding_warning.TestOutstandingWarningFeature" name="test_warning_shows_for_partially_paid_month" time="0.447" /><testcase classname="backend.tests.test_outstanding_warning.TestOutstandingWarningFeature" name="test_warning_disappears_when_fully_paid" time="0.449" /><testcase classname="backend.tests.test_outstanding_warning.TestOutstandingWarningFeature" name="test_total_outstanding_includes_partial_remainders" time="0.465" /><testcase classname="backend.tests.test_outstanding_warning.TestOutstandingWarningFeature" name="test_partial_payments_list_exists" time="0.490" /><testcase classname="backend.tests.test_outstanding_warning.TestOutstandingWarningFeature" name="test_partial_payments_shows_amount_paid_and_remaining" time="0.489" /><testcase classname="backend.tests.test_outstanding_warning.TestOutstandingWarningFeature" name="test_partial_payments_has_label" time="0.466" /><testcase classname="backend.tests.test_outstanding_warning.TestOutstandingWarningFeature" name="test_outstanding_month_has_status_partial" time="0.557" /><testcase classname="backend.tests.test_outstanding_warning.TestOutstandingWarningFeature" name="test_outstanding_month_has_remaining_amount" time="0.492" /><testcase classname="backend.tests.test_outstanding_warning.TestOutstandingWarningFeature" name="test_unpaid_month_has_status_unpaid" time="0.390" /><testcase classname="backend.tests.test_outstanding_warning.TestOutstandingWarningFeature" name="test_status_distinguishes_partial_from_unpaid" time="0.424" /><testcase classname="backend.tests.test_outstanding_warning.TestOutstandingWarningFeature" name="test_unpaid_count_in_response" time="0.473" /><testcase classname="backend.tests.test_outstanding_warning.TestOutstandingWarningFeature" name="test_partial_count_in_response" time="0.423" /><testcase classname="backend.tests.test_outstanding_warning.TestOutstandingWarningFeature" name="test_counts_are_separate" time="0.465" /><testcase classname="backend.tests.test_outstanding_warning.TestOutstandingWarningScenario" name="test_scenario_1500_rent_500_partial" time="0.381" /></testsuite></testsuites>