<?xml version="1.0" encoding="utf-8"?><testsuites name="pytest tests"><testsuite name="pytest" errors="0" failures="0" skipped="0" tests="25" time="5.393" timestamp="2026-01-27T13:47:36.012195+00:00" hostname="agent-env-11e29ed7-a7ad-4cfd-bf34-9be63f7db7ad"><testcase classname="backend.tests.test_hrm_cms_iteration20.TestAdminLogin" name="test_admin_login_success" time="0.294" /><testcase classname="backend.tests.test_hrm_cms_iteration20.TestAdminLogin" name="test_admin_login_invalid_credentials" time="0.051" /><testcase classname="backend.tests.test_hrm_cms_iteration20.TestHRMDashboard" name="test_hrm_dashboard_returns_stats" time="0.307" /><testcase classname="backend.tests.test_hrm_cms_iteration20.TestHRMEmployees" name="test_get_employees_list" time="0.047" /><testcase classname="backend.tests.test_hrm_cms_iteration20.TestHRMEmployees" name="test_create_employee" time="0.035" /><testcase classname="backend.tests.test_hrm_cms_iteration20.TestHRMEmployees" name="test_get_employee_by_id" time="0.041" /><testcase classname="backend.tests.test_hrm_cms_iteration20.TestHRMEmployees" name="test_update_employee" time="0.043" /><testcase classname="backend.tests.test_hrm_cms_iteration20.TestHRMEmployees" name="test_delete_employee" time="0.039" /><testcase classname="backend.tests.test_hrm_cms_iteration20.TestHRMDepartments" name="test_get_departments_list" time="0.035" /><testcase classname="backend.tests.test_hrm_cms_iteration20.TestHRMDepartments" name="test_create_department" time="0.035" /><testcase classname="backend.tests.test_hrm_cms_iteration20.TestHRMDepartments" name="test_delete_department" time="0.040" /><testcase classname="backend.tests.test_hrm_cms_iteration20.TestHRMSettings" name="test_get_hrm_settings" time="0.037" /><testcase classname="backend.tests.test_hrm_cms_iteration20.TestHRMSettings" name="test_update_hrm_settings" time="0.036" /><testcase classname="backend.tests.test_hrm_cms_iteration20.TestHRMLeaveRequests" name="test_get_leave_requests" time="0.038" /><testcase classname="backend.tests.test_hrm_cms_iteration20.TestHRMContracts" name="test_get_contracts" time="0.077" /><testcase classname="backend.tests.test_hrm_cms_iteration20.TestHRMVacancies" name="test_get_vacancies" time="0.039" /><testcase classname="backend.tests.test_hrm_cms_iteration20.TestHRMAttendance" name="test_get_attendance" time="0.036" /><testcase classname="backend.tests.test_hrm_cms_iteration20.TestHRMPayroll" name="test_get_payroll" time="0.040" /><testcase classname="backend.tests.test_hrm_cms_iteration20.TestCMSImageUpload" name="test_cms_upload_image_endpoint_exists" time="0.041" /><testcase classname="backend.tests.test_hrm_cms_iteration20.TestCMSPages" name="test_get_cms_pages" time="0.040" /><testcase classname="backend.tests.test_hrm_cms_iteration20.TestPublicEndpoints" name="test_public_landing_settings" time="0.069" /><testcase classname="backend.tests.test_hrm_cms_iteration20.TestPublicEndpoints" name="test_public_landing_sections" time="0.037" /><testcase classname="backend.tests.test_hrm_cms_iteration20.TestPublicEndpoints" name="test_public_addons" time="0.038" /><testcase classname="backend.tests.test_hrm_cms_iteration20.TestAIChatbot" name="test_public_chat_endpoint" time="2.926" /><testcase classname="backend.tests.test_hrm_cms_iteration20.TestAIChatbot" name="test_authenticated_chat_endpoint" time="0.895" /></testsuite></testsuites>