<?xml version="1.0" encoding="utf-8"?><testsuites name="pytest tests"><testsuite name="pytest" errors="0" failures="0" skipped="0" tests="28" time="5.046" timestamp="2026-02-01T12:45:11.587683+00:00" hostname="agent-env-77b80f52-8082-4055-a443-4cec5c796928"><testcase classname="backend.tests.test_pompstation.TestPompstationAuth" name="test_login_success" time="0.325" /><testcase classname="backend.tests.test_pompstation.TestPompstationDashboard" name="test_get_dashboard" time="0.306" /><testcase classname="backend.tests.test_pompstation.TestPompstationTanks" name="test_get_tanks" time="0.335" /><testcase classname="backend.tests.test_pompstation.TestPompstationTanks" name="test_create_tank" time="0.045" /><testcase classname="backend.tests.test_pompstation.TestPompstationTanks" name="test_update_tank" time="0.075" /><testcase classname="backend.tests.test_pompstation.TestPompstationTanks" name="test_add_tank_reading" time="0.046" /><testcase classname="backend.tests.test_pompstation.TestPompstationEmployees" name="test_get_employees" time="0.301" /><testcase classname="backend.tests.test_pompstation.TestPompstationEmployees" name="test_create_employee" time="0.035" /><testcase classname="backend.tests.test_pompstation.TestPompstationProducts" name="test_get_products" time="0.295" /><testcase classname="backend.tests.test_pompstation.TestPompstationProducts" name="test_create_product" time="0.036" /><testcase classname="backend.tests.test_pompstation.TestPompstationProducts" name="test_update_product" time="0.076" /><testcase classname="backend.tests.test_pompstation.TestPompstationPumps" name="test_get_pumps" time="0.293" /><testcase classname="backend.tests.test_pompstation.TestPompstationPumps" name="test_create_pump" time="0.084" /><testcase classname="backend.tests.test_pompstation.TestPompstationDeliveries" name="test_get_deliveries" time="0.294" /><testcase classname="backend.tests.test_pompstation.TestPompstationDeliveries" name="test_create_delivery" time="0.089" /><testcase classname="backend.tests.test_pompstation.TestPompstationSales" name="test_get_sales" time="0.296" /><testcase classname="backend.tests.test_pompstation.TestPompstationSales" name="test_create_sale" time="0.045" /><testcase classname="backend.tests.test_pompstation.TestPompstationShifts" name="test_get_shifts" time="0.295" /><testcase classname="backend.tests.test_pompstation.TestPompstationShifts" name="test_start_shift" time="0.081" /><testcase classname="backend.tests.test_pompstation.TestPompstationShifts" name="test_close_shift" time="0.118" /><testcase classname="backend.tests.test_pompstation.TestPompstationInspections" name="test_get_inspections" time="0.294" /><testcase classname="backend.tests.test_pompstation.TestPompstationInspections" name="test_create_inspection" time="0.093" /><testcase classname="backend.tests.test_pompstation.TestPompstationIncidents" name="test_get_incidents" time="0.295" /><testcase classname="backend.tests.test_pompstation.TestPompstationIncidents" name="test_create_incident" time="0.056" /><testcase classname="backend.tests.test_pompstation.TestPompstationReports" name="test_get_daily_report" time="0.295" /><testcase classname="backend.tests.test_pompstation.TestPompstationReports" name="test_get_daily_report_with_date" time="0.036" /><testcase classname="backend.tests.test_pompstation.TestPompstationPrices" name="test_get_prices" time="0.295" /><testcase classname="backend.tests.test_pompstation.TestPompstationPrices" name="test_set_price" time="0.050" /></testsuite></testsuites>