<?xml version="1.0" encoding="utf-8"?><testsuites name="pytest tests"><testsuite name="pytest" errors="0" failures="1" skipped="0" tests="14" time="6.706" timestamp="2026-02-28T03:32:46.202449+00:00" hostname="agent-env-e373affa-c835-4541-8d4c-d5a8db9dc459"><testcase classname="backend.tests.test_pos_extended_features.TestPOSExtendedFeatures" name="test_auth_login" time="0.483" /><testcase classname="backend.tests.test_pos_extended_features.TestPOSExtendedFeatures" name="test_pos_sale_with_wisselgeld" time="0.508" /><testcase classname="backend.tests.test_pos_extended_features.TestPOSExtendedFeatures" name="test_pos_sale_with_percentage_discount" time="0.525" /><testcase classname="backend.tests.test_pos_extended_features.TestPOSExtendedFeatures" name="test_pos_sale_with_fixed_discount" time="0.480" /><testcase classname="backend.tests.test_pos_extended_features.TestPOSExtendedFeatures" name="test_get_debiteuren_for_customer_selection" time="0.401" /><testcase classname="backend.tests.test_pos_extended_features.TestPOSExtendedFeatures" name="test_pos_sale_with_customer" time="0.541" /><testcase classname="backend.tests.test_pos_extended_features.TestPOSExtendedFeatures" name="test_pos_receipt_pdf_download" time="0.524" /><testcase classname="backend.tests.test_pos_extended_features.TestPOSExtendedFeatures" name="test_pos_dagoverzicht" time="0.394" /><testcase classname="backend.tests.test_pos_extended_features.TestPOSExtendedFeatures" name="test_pos_dagoverzicht_with_date" time="0.432" /><testcase classname="backend.tests.test_pos_extended_features.TestPOSExtendedFeatures" name="test_pos_kassa_status" time="0.405"><failure message="AssertionError: Expected 200, got 500: {&quot;detail&quot;:&quot;Internal server error: name '_find_rekening' is not defined&quot;}&#10;assert 500 == 200&#10; +  where 500 = &lt;Response [500]&gt;.status_code">backend/tests/test_pos_extended_features.py:432: in test_pos_kassa_status
    assert response.status_code == 200, f"Expected 200, got {response.status_code}: {response.text}"
E   AssertionError: Expected 200, got 500: {"detail":"Internal server error: name '_find_rekening' is not defined"}
E   assert 500 == 200
E    +  where 500 = &lt;Response [500]&gt;.status_code</failure></testcase><testcase classname="backend.tests.test_pos_extended_features.TestPOSExtendedFeatures" name="test_pos_sale_contant_creates_kas_boeking" time="0.595" /><testcase classname="backend.tests.test_pos_extended_features.TestPOSExtendedFeatures" name="test_pos_sale_pin_creates_bank_boeking" time="0.471" /><testcase classname="backend.tests.test_pos_extended_features.TestPOSGetSales" name="test_get_pos_sales" time="0.390" /><testcase classname="backend.tests.test_pos_extended_features.TestPOSGetSales" name="test_get_pos_sales_with_pagination" time="0.454" /></testsuite></testsuites>