<?xml version="1.0" encoding="utf-8"?><testsuites name="pytest tests"><testsuite name="pytest" errors="0" failures="2" skipped="0" tests="15" time="1.246" timestamp="2026-01-30T08:55:46.168228+00:00" hostname="agent-env-7ca3bbca-5653-45f1-bcd0-7e3715b37a22"><testcase classname="backend.tests.test_workspace_backups.TestWorkspaceBackupsAPI" name="test_01_get_backups_list" time="0.405" /><testcase classname="backend.tests.test_workspace_backups.TestWorkspaceBackupsAPI" name="test_02_create_backup" time="0.048" /><testcase classname="backend.tests.test_workspace_backups.TestWorkspaceBackupsAPI" name="test_03_verify_backup_in_list" time="0.041" /><testcase classname="backend.tests.test_workspace_backups.TestWorkspaceBackupsAPI" name="test_04_download_backup" time="0.042" /><testcase classname="backend.tests.test_workspace_backups.TestWorkspaceBackupsAPI" name="test_05_restore_backup_without_confirm" time="0.043" /><testcase classname="backend.tests.test_workspace_backups.TestWorkspaceBackupsAPI" name="test_06_restore_backup_with_confirm" time="0.036"><failure message="AssertionError: Failed to restore backup: {&quot;detail&quot;:&quot;Bevestig door confirm=true mee te sturen&quot;}&#10;assert 400 == 200&#10; +  where 400 = &lt;Response [400]&gt;.status_code">backend/tests/test_workspace_backups.py:193: in test_06_restore_backup_with_confirm
    assert response.status_code == 200, f"Failed to restore backup: {response.text}"
E   AssertionError: Failed to restore backup: {"detail":"Bevestig door confirm=true mee te sturen"}
E   assert 400 == 200
E    +  where 400 = &lt;Response [400]&gt;.status_code</failure></testcase><testcase classname="backend.tests.test_workspace_backups.TestWorkspaceBackupsAPI" name="test_07_restore_nonexistent_backup" time="0.043"><failure message="AssertionError: Expected 404, got 400&#10;assert 400 == 404&#10; +  where 400 = &lt;Response [400]&gt;.status_code">backend/tests/test_workspace_backups.py:217: in test_07_restore_nonexistent_backup
    assert response.status_code == 404, f"Expected 404, got {response.status_code}"
E   AssertionError: Expected 404, got 400
E   assert 400 == 404
E    +  where 400 = &lt;Response [400]&gt;.status_code</failure></testcase><testcase classname="backend.tests.test_workspace_backups.TestWorkspaceBackupsAPI" name="test_08_delete_backup" time="0.039" /><testcase classname="backend.tests.test_workspace_backups.TestWorkspaceBackupsAPI" name="test_09_verify_backup_deleted" time="0.053" /><testcase classname="backend.tests.test_workspace_backups.TestWorkspaceBackupsAPI" name="test_10_delete_nonexistent_backup" time="0.041" /><testcase classname="backend.tests.test_workspace_backups.TestWorkspaceBackupsAPI" name="test_11_download_nonexistent_backup" time="0.042" /><testcase classname="backend.tests.test_workspace_backups.TestBackupValidation" name="test_create_backup_without_name" time="0.040" /><testcase classname="backend.tests.test_workspace_backups.TestBackupValidation" name="test_create_backup_empty_name" time="0.046" /><testcase classname="backend.tests.test_workspace_backups.TestBackupWithoutAuth" name="test_get_backups_no_auth" time="0.035" /><testcase classname="backend.tests.test_workspace_backups.TestBackupWithoutAuth" name="test_create_backup_no_auth" time="0.078" /></testsuite></testsuites>