<?xml version="1.0" encoding="utf-8"?><testsuites name="pytest tests"><testsuite name="pytest" errors="0" failures="7" skipped="0" tests="10" time="1.767" timestamp="2026-02-27T23:02:20.112680+00:00" hostname="agent-env-fbae60d8-addb-4cd7-af08-0f3b5db4a7a1"><testcase classname="backend.tests.test_product_image_upload.TestImageUpload" name="test_upload_image_success" time="0.550"><failure message="AssertionError: Upload failed: {&quot;detail&quot;:&quot;Ongeldige token&quot;}&#10;assert 401 == 200&#10; +  where 401 = &lt;Response [401]&gt;.status_code">backend/tests/test_product_image_upload.py:72: in test_upload_image_success
    assert response.status_code == 200, f"Upload failed: {response.text}"
E   AssertionError: Upload failed: {"detail":"Ongeldige token"}
E   assert 401 == 200
E    +  where 401 = &lt;Response [401]&gt;.status_code</failure></testcase><testcase classname="backend.tests.test_product_image_upload.TestImageUpload" name="test_upload_image_invalid_type" time="0.132"><failure message="AssertionError: Should reject non-image files&#10;assert 401 == 400&#10; +  where 401 = &lt;Response [401]&gt;.status_code">backend/tests/test_product_image_upload.py:97: in test_upload_image_invalid_type
    assert response.status_code == 400, "Should reject non-image files"
E   AssertionError: Should reject non-image files
E   assert 401 == 400
E    +  where 401 = &lt;Response [401]&gt;.status_code</failure></testcase><testcase classname="backend.tests.test_product_image_upload.TestImageUpload" name="test_upload_image_unauthorized" time="0.125" /><testcase classname="backend.tests.test_product_image_upload.TestArtikelWithImage" name="test_create_artikel_with_foto_url" time="0.122"><failure message="AssertionError: Create artikel failed: {&quot;detail&quot;:&quot;Ongeldige token&quot;}&#10;assert 401 == 200&#10; +  where 401 = &lt;Response [401]&gt;.status_code">backend/tests/test_product_image_upload.py:140: in test_create_artikel_with_foto_url
    assert response.status_code == 200, f"Create artikel failed: {response.text}"
E   AssertionError: Create artikel failed: {"detail":"Ongeldige token"}
E   assert 401 == 200
E    +  where 401 = &lt;Response [401]&gt;.status_code</failure></testcase><testcase classname="backend.tests.test_product_image_upload.TestArtikelWithImage" name="test_create_artikel_without_foto_url" time="0.121"><failure message="AssertionError: Create artikel failed: {&quot;detail&quot;:&quot;Ongeldige token&quot;}&#10;assert 401 == 200&#10; +  where 401 = &lt;Response [401]&gt;.status_code">backend/tests/test_product_image_upload.py:171: in test_create_artikel_without_foto_url
    assert response.status_code == 200, f"Create artikel failed: {response.text}"
E   AssertionError: Create artikel failed: {"detail":"Ongeldige token"}
E   assert 401 == 200
E    +  where 401 = &lt;Response [401]&gt;.status_code</failure></testcase><testcase classname="backend.tests.test_product_image_upload.TestArtikelDropdown" name="test_get_artikelen_list" time="0.126"><failure message="AssertionError: Get artikelen failed: {&quot;detail&quot;:&quot;Ongeldige token&quot;}&#10;assert 401 == 200&#10; +  where 401 = &lt;Response [401]&gt;.status_code">backend/tests/test_product_image_upload.py:192: in test_get_artikelen_list
    assert response.status_code == 200, f"Get artikelen failed: {response.text}"
E   AssertionError: Get artikelen failed: {"detail":"Ongeldige token"}
E   assert 401 == 200
E    +  where 401 = &lt;Response [401]&gt;.status_code</failure></testcase><testcase classname="backend.tests.test_product_image_upload.TestArtikelDropdown" name="test_artikelen_have_verkoopprijs" time="0.106"><failure message="assert 401 == 200&#10; +  where 401 = &lt;Response [401]&gt;.status_code">backend/tests/test_product_image_upload.py:215: in test_artikelen_have_verkoopprijs
    assert response.status_code == 200
E   assert 401 == 200
E    +  where 401 = &lt;Response [401]&gt;.status_code</failure></testcase><testcase classname="backend.tests.test_product_image_upload.TestImageServing" name="test_serve_uploaded_image" time="0.112"><failure message="assert 401 == 200&#10; +  where 401 = &lt;Response [401]&gt;.status_code">backend/tests/test_product_image_upload.py:260: in test_serve_uploaded_image
    assert upload_response.status_code == 200
E   assert 401 == 200
E    +  where 401 = &lt;Response [401]&gt;.status_code</failure></testcase><testcase classname="backend.tests.test_product_image_upload.TestImageServing" name="test_serve_nonexistent_image" time="0.109" /><testcase classname="backend.tests.test_product_image_upload.TestCleanup" name="test_cleanup_test_artikelen" time="0.107" /></testsuite></testsuites>