<?xml version="1.0" encoding="utf-8"?><testsuites name="pytest tests"><testsuite name="pytest" errors="0" failures="7" skipped="0" tests="7" time="3.070" timestamp="2026-02-28T04:27:44.447226+00:00" hostname="agent-env-d0ccc884-b11e-4fbc-b777-afea11831d0a"><testcase classname="backend.tests.test_barcode_voorraad.TestBarcodeVoorraad" name="test_01_create_product_with_barcode" time="0.531"><failure message="AssertionError: Create product failed: {&quot;detail&quot;:&quot;Ongeldige token&quot;}&#10;assert 401 == 200&#10; +  where 401 = &lt;Response [401]&gt;.status_code">backend/tests/test_barcode_voorraad.py:65: in test_01_create_product_with_barcode
    assert response.status_code == 200, f"Create product failed: {response.text}"
E   AssertionError: Create product failed: {"detail":"Ongeldige token"}
E   assert 401 == 200
E    +  where 401 = &lt;Response [401]&gt;.status_code</failure></testcase><testcase classname="backend.tests.test_barcode_voorraad.TestBarcodeVoorraad" name="test_02_create_product_without_barcode" time="0.408"><failure message="AssertionError: Create product failed: {&quot;detail&quot;:&quot;Ongeldige token&quot;}&#10;assert 401 == 200&#10; +  where 401 = &lt;Response [401]&gt;.status_code">backend/tests/test_barcode_voorraad.py:91: in test_02_create_product_without_barcode
    assert response.status_code == 200, f"Create product failed: {response.text}"
E   AssertionError: Create product failed: {"detail":"Ongeldige token"}
E   assert 401 == 200
E    +  where 401 = &lt;Response [401]&gt;.status_code</failure></testcase><testcase classname="backend.tests.test_barcode_voorraad.TestBarcodeVoorraad" name="test_03_update_product_add_barcode" time="0.394"><failure message="AssertionError: Create product failed: {&quot;detail&quot;:&quot;Ongeldige token&quot;}&#10;assert 401 == 200&#10; +  where 401 = &lt;Response [401]&gt;.status_code">backend/tests/test_barcode_voorraad.py:116: in test_03_update_product_add_barcode
    assert create_response.status_code == 200, f"Create product failed: {create_response.text}"
E   AssertionError: Create product failed: {"detail":"Ongeldige token"}
E   assert 401 == 200
E    +  where 401 = &lt;Response [401]&gt;.status_code</failure></testcase><testcase classname="backend.tests.test_barcode_voorraad.TestBarcodeVoorraad" name="test_04_update_product_change_barcode" time="0.377"><failure message="assert 401 == 200&#10; +  where 401 = &lt;Response [401]&gt;.status_code">backend/tests/test_barcode_voorraad.py:157: in test_04_update_product_change_barcode
    assert create_response.status_code == 200
E   assert 401 == 200
E    +  where 401 = &lt;Response [401]&gt;.status_code</failure></testcase><testcase classname="backend.tests.test_barcode_voorraad.TestBarcodeVoorraad" name="test_05_get_products_includes_barcode" time="0.402"><failure message="AssertionError: Get products failed: {&quot;detail&quot;:&quot;Ongeldige token&quot;}&#10;assert 401 == 200&#10; +  where 401 = &lt;Response [401]&gt;.status_code">backend/tests/test_barcode_voorraad.py:186: in test_05_get_products_includes_barcode
    assert response.status_code == 200, f"Get products failed: {response.text}"
E   AssertionError: Get products failed: {"detail":"Ongeldige token"}
E   assert 401 == 200
E    +  where 401 = &lt;Response [401]&gt;.status_code</failure></testcase><testcase classname="backend.tests.test_barcode_voorraad.TestBarcodeVoorraad" name="test_06_pos_scanner_find_by_barcode" time="0.429"><failure message="assert 401 == 200&#10; +  where 401 = &lt;Response [401]&gt;.status_code">backend/tests/test_barcode_voorraad.py:216: in test_06_pos_scanner_find_by_barcode
    assert create_response.status_code == 200
E   assert 401 == 200
E    +  where 401 = &lt;Response [401]&gt;.status_code</failure></testcase><testcase classname="backend.tests.test_barcode_voorraad.TestBarcodeVoorraad" name="test_07_barcode_field_in_artikelcreate_model" time="0.381"><failure message="AssertionError: Model validation failed: {&quot;detail&quot;:&quot;Ongeldige token&quot;}&#10;assert 401 == 200&#10; +  where 401 = &lt;Response [401]&gt;.status_code">backend/tests/test_barcode_voorraad.py:266: in test_07_barcode_field_in_artikelcreate_model
    assert response.status_code == 200, f"Model validation failed: {response.text}"
E   AssertionError: Model validation failed: {"detail":"Ongeldige token"}
E   assert 401 == 200
E    +  where 401 = &lt;Response [401]&gt;.status_code</failure></testcase></testsuite></testsuites>