<?xml version="1.0" encoding="utf-8"?><testsuites name="pytest tests"><testsuite name="pytest" errors="0" failures="5" skipped="0" tests="7" time="8.832" timestamp="2026-02-25T08:07:35.909899+00:00" hostname="agent-env-1b1366f9-6bc2-4ded-9e3b-4b771d58fd20"><testcase classname="backend.tests.test_stock_reservation_mutation.TestStockReservation" name="test_bevestigd_reserves_stock" time="0.899"><failure message="assert 0 == 100">backend/tests/test_stock_reservation_mutation.py:164: in test_bevestigd_reserves_stock
    assert initial_stock["voorraad_aantal"] == 100
E   assert 0 == 100</failure></testcase><testcase classname="backend.tests.test_stock_reservation_mutation.TestStockReservation" name="test_geleverd_decreases_stock_and_creates_mutatie" time="1.261"><failure message="assert 400 == 200&#10; +  where 400 = &lt;Response [400]&gt;.status_code">backend/tests/test_stock_reservation_mutation.py:215: in test_geleverd_decreases_stock_and_creates_mutatie
    assert response.status_code == 200
E   assert 400 == 200
E    +  where 400 = &lt;Response [400]&gt;.status_code</failure></testcase><testcase classname="backend.tests.test_stock_reservation_mutation.TestStockReservation" name="test_geannuleerd_releases_reserved_stock" time="1.066"><failure message="assert 400 == 200&#10; +  where 400 = &lt;Response [400]&gt;.status_code">backend/tests/test_stock_reservation_mutation.py:275: in test_geannuleerd_releases_reserved_stock
    assert response.status_code == 200
E   assert 400 == 200
E    +  where 400 = &lt;Response [400]&gt;.status_code</failure></testcase><testcase classname="backend.tests.test_stock_reservation_mutation.TestStockReservation" name="test_insufficient_stock_error" time="1.273"><failure message="assert 0 == 5">backend/tests/test_stock_reservation_mutation.py:333: in test_insufficient_stock_error
    assert stock["voorraad_aantal"] == 5
E   assert 0 == 5</failure></testcase><testcase classname="backend.tests.test_stock_reservation_mutation.TestGoederenontvangst" name="test_goederenontvangst_increases_stock" time="1.584" /><testcase classname="backend.tests.test_stock_reservation_mutation.TestGoederenontvangst" name="test_goederenontvangst_creates_grootboek_boeking" time="1.486" /><testcase classname="backend.tests.test_stock_reservation_mutation.TestVerkooporderDeliveryGrootboek" name="test_delivery_creates_grootboek_boeking" time="1.088"><failure message="assert 400 == 200&#10; +  where 400 = &lt;Response [400]&gt;.status_code">backend/tests/test_stock_reservation_mutation.py:714: in test_delivery_creates_grootboek_boeking
    assert response.status_code == 200
E   assert 400 == 200
E    +  where 400 = &lt;Response [400]&gt;.status_code</failure></testcase></testsuite></testsuites>