<?xml version="1.0" encoding="utf-8"?><testsuites name="pytest tests"><testsuite name="pytest" errors="0" failures="0" skipped="0" tests="15" time="1.125" timestamp="2026-01-30T08:56:41.535466+00:00" hostname="agent-env-7ca3bbca-5653-45f1-bcd0-7e3715b37a22"><testcase classname="backend.tests.test_workspace_backups.TestWorkspaceBackupsAPI" name="test_01_get_backups_list" time="0.421" /><testcase classname="backend.tests.test_workspace_backups.TestWorkspaceBackupsAPI" name="test_02_create_backup" time="0.049" /><testcase classname="backend.tests.test_workspace_backups.TestWorkspaceBackupsAPI" name="test_03_verify_backup_in_list" time="0.043" /><testcase classname="backend.tests.test_workspace_backups.TestWorkspaceBackupsAPI" name="test_04_download_backup" time="0.039" /><testcase classname="backend.tests.test_workspace_backups.TestWorkspaceBackupsAPI" name="test_05_restore_backup_without_confirm" time="0.038" /><testcase classname="backend.tests.test_workspace_backups.TestWorkspaceBackupsAPI" name="test_06_restore_backup_with_confirm" time="0.055" /><testcase classname="backend.tests.test_workspace_backups.TestWorkspaceBackupsAPI" name="test_07_restore_nonexistent_backup" time="0.039" /><testcase classname="backend.tests.test_workspace_backups.TestWorkspaceBackupsAPI" name="test_08_delete_backup" time="0.042" /><testcase classname="backend.tests.test_workspace_backups.TestWorkspaceBackupsAPI" name="test_09_verify_backup_deleted" time="0.039" /><testcase classname="backend.tests.test_workspace_backups.TestWorkspaceBackupsAPI" name="test_10_delete_nonexistent_backup" time="0.046" /><testcase classname="backend.tests.test_workspace_backups.TestWorkspaceBackupsAPI" name="test_11_download_nonexistent_backup" time="0.038" /><testcase classname="backend.tests.test_workspace_backups.TestBackupValidation" name="test_create_backup_without_name" time="0.036" /><testcase classname="backend.tests.test_workspace_backups.TestBackupValidation" name="test_create_backup_empty_name" time="0.049" /><testcase classname="backend.tests.test_workspace_backups.TestBackupWithoutAuth" name="test_get_backups_no_auth" time="0.040" /><testcase classname="backend.tests.test_workspace_backups.TestBackupWithoutAuth" name="test_create_backup_no_auth" time="0.078" /></testsuite></testsuites>