<?xml version="1.0" encoding="utf-8"?><testsuites name="pytest tests"><testsuite name="pytest" errors="0" failures="0" skipped="0" tests="12" time="4.570" timestamp="2026-03-07T10:33:37.213439+00:00" hostname="agent-env-9ad6c965-ca41-47c9-ab4b-13c556a106c7"><testcase classname="backend.tests.test_debiteuren_facturen.TestAuthAndSetup" name="test_login_success" time="0.364" /><testcase classname="backend.tests.test_debiteuren_facturen.TestDebiteurenAPI" name="test_get_all_debiteuren" time="0.435" /><testcase classname="backend.tests.test_debiteuren_facturen.TestDebiteurenAPI" name="test_create_debiteur" time="0.106" /><testcase classname="backend.tests.test_debiteuren_facturen.TestDebiteurenAPI" name="test_get_single_debiteur" time="0.215" /><testcase classname="backend.tests.test_debiteuren_facturen.TestVerkoopfacturenAPI" name="test_get_all_verkoopfacturen" time="0.432" /><testcase classname="backend.tests.test_debiteuren_facturen.TestVerkoopfacturenAPI" name="test_create_verkoopfactuur" time="0.202" /><testcase classname="backend.tests.test_debiteuren_facturen.TestVerkoopfacturenAPI" name="test_update_factuur_status_to_verzonden" time="0.316" /><testcase classname="backend.tests.test_debiteuren_facturen.TestVerkoopfacturenAPI" name="test_add_betaling_afletteren" time="0.316" /><testcase classname="backend.tests.test_debiteuren_facturen.TestGrootboekIntegratie" name="test_journaalposten_created_on_verzonden" time="0.774" /><testcase classname="backend.tests.test_debiteuren_facturen.TestGrootboekIntegratie" name="test_journaalpost_created_on_betaling" time="0.495" /><testcase classname="backend.tests.test_debiteuren_facturen.TestHerberekenSaldi" name="test_herbereken_saldi_endpoint" time="0.425" /><testcase classname="backend.tests.test_debiteuren_facturen.TestRekeningenAPI" name="test_get_rekeningen" time="0.424" /></testsuite></testsuites>