<?xml version="1.0" encoding="utf-8"?><testsuites name="pytest tests"><testsuite name="pytest" errors="0" failures="0" skipped="1" tests="10" time="2.666" timestamp="2026-02-01T02:41:17.539534+00:00" hostname="agent-env-6a9b1de2-b94d-40bb-a3db-bd1310e4834b"><testcase classname="tests.test_demo_account.TestDemoUserLogin" name="test_demo_user_login_success" time="0.283" /><testcase classname="tests.test_demo_account.TestDemoUserLogin" name="test_demo_user_login_wrong_password" time="0.260" /><testcase classname="tests.test_demo_account.TestDemoUserSubscription" name="test_demo_user_subscription_status" time="0.291" /><testcase classname="tests.test_demo_account.TestDemoUserSubscription" name="test_demo_user_addons" time="0.294" /><testcase classname="tests.test_demo_account.TestDemoUserSubscription" name="test_demo_user_dashboard_access" time="0.298" /><testcase classname="tests.test_demo_account.TestAdminCleanupEndpoint" name="test_admin_login" time="0.255" /><testcase classname="tests.test_demo_account.TestAdminCleanupEndpoint" name="test_cleanup_demo_data_endpoint_exists" time="0.297" /><testcase classname="tests.test_demo_account.TestAdminCleanupEndpoint" name="test_cleanup_requires_admin_auth" time="0.034" /><testcase classname="tests.test_demo_account.TestDemoDataCreationAndCleanup" name="test_demo_user_can_create_tenant" time="0.291"><skipped type="pytest.skip" message="Demo user subscription not active">/app/backend/tests/test_demo_account.py:222: Demo user subscription not active</skipped></testcase><testcase classname="tests.test_demo_account.TestSidebarModulesForDemoUser" name="test_get_user_active_addons_endpoint" time="0.303" /></testsuite></testsuites>