<?xml version="1.0" encoding="utf-8"?><testsuites name="pytest tests"><testsuite name="pytest" errors="10" failures="0" skipped="0" tests="10" time="2.151" timestamp="2026-02-27T18:29:17.673487+00:00" hostname="agent-env-dc4beb3a-5b2a-41db-a00c-55862e21eab4"><testcase classname="backend.tests.test_instellingen_bedrijven_charts.TestAuthentication" name="test_login_success" time="0.477"><error message="failed on setup with &quot;AssertionError: Token not in response&#10;assert 'token' in {'access_token': 'eyJhbGciOiJIUzI1NiIsInR5cCI6IkpXVCJ9.eyJ1c2VyX2lkIjoiYWIxNzhlMGEtM2MzNy00N2RmLTgxZWYtMjUyMDJkMzA4Zjk3IiwiZW1haWwiOiJkZW1vQGZhY3R1cmF0aWUuc3IiLCJleHAiOjE3NzIzMDMzNTh9.CUgeYGwEzXWf4gzJe4aHmxLEs4iG6nKaC0xD0H2AFYs', 'token_type': 'bearer', 'user': {'address': None, 'company_name': 'Demo Bedrijf N.V.', 'created_at': '2026-02-27T11:39:35.286378+00:00', 'email': 'demo@facturatie.sr', ...}}&quot;">backend/tests/test_instellingen_bedrijven_charts.py:24: in auth_token
    assert "token" in data, "Token not in response"
E   AssertionError: Token not in response
E   assert 'token' in {'access_token': 'eyJhbGciOiJIUzI1NiIsInR5cCI6IkpXVCJ9.eyJ1c2VyX2lkIjoiYWIxNzhlMGEtM2MzNy00N2RmLTgxZWYtMjUyMDJkMzA4Zjk3IiwiZW1haWwiOiJkZW1vQGZhY3R1cmF0aWUuc3IiLCJleHAiOjE3NzIzMDMzNTh9.CUgeYGwEzXWf4gzJe4aHmxLEs4iG6nKaC0xD0H2AFYs', 'token_type': 'bearer', 'user': {'address': None, 'company_name': 'Demo Bedrijf N.V.', 'created_at': '2026-02-27T11:39:35.286378+00:00', 'email': 'demo@facturatie.sr', ...}}</error></testcase><testcase classname="backend.tests.test_instellingen_bedrijven_charts.TestInstellingenAPI" name="test_get_instellingen" time="0.379"><error message="failed on setup with &quot;KeyError: 'token'&quot;">backend/tests/test_instellingen_bedrijven_charts.py:45: in auth_token
    return response.json()["token"]
           ^^^^^^^^^^^^^^^^^^^^^^^^
E   KeyError: 'token'</error></testcase><testcase classname="backend.tests.test_instellingen_bedrijven_charts.TestInstellingenAPI" name="test_update_instellingen_with_smtp" time="0.000"><error message="failed on setup with &quot;KeyError: 'token'&quot;">backend/tests/test_instellingen_bedrijven_charts.py:45: in auth_token
    return response.json()["token"]
           ^^^^^^^^^^^^^^^^^^^^^^^^
E   KeyError: 'token'</error></testcase><testcase classname="backend.tests.test_instellingen_bedrijven_charts.TestBedrijvenAPI" name="test_get_bedrijven_list" time="0.369"><error message="failed on setup with &quot;KeyError: 'token'&quot;">backend/tests/test_instellingen_bedrijven_charts.py:119: in auth_token
    return response.json()["token"]
           ^^^^^^^^^^^^^^^^^^^^^^^^
E   KeyError: 'token'</error></testcase><testcase classname="backend.tests.test_instellingen_bedrijven_charts.TestBedrijvenAPI" name="test_get_actief_bedrijf" time="0.000"><error message="failed on setup with &quot;KeyError: 'token'&quot;">backend/tests/test_instellingen_bedrijven_charts.py:119: in auth_token
    return response.json()["token"]
           ^^^^^^^^^^^^^^^^^^^^^^^^
E   KeyError: 'token'</error></testcase><testcase classname="backend.tests.test_instellingen_bedrijven_charts.TestBedrijvenAPI" name="test_create_bedrijf" time="0.000"><error message="failed on setup with &quot;KeyError: 'token'&quot;">backend/tests/test_instellingen_bedrijven_charts.py:119: in auth_token
    return response.json()["token"]
           ^^^^^^^^^^^^^^^^^^^^^^^^
E   KeyError: 'token'</error></testcase><testcase classname="backend.tests.test_instellingen_bedrijven_charts.TestBedrijvenAPI" name="test_activeer_bedrijf" time="0.000"><error message="failed on setup with &quot;KeyError: 'token'&quot;">backend/tests/test_instellingen_bedrijven_charts.py:119: in auth_token
    return response.json()["token"]
           ^^^^^^^^^^^^^^^^^^^^^^^^
E   KeyError: 'token'</error></testcase><testcase classname="backend.tests.test_instellingen_bedrijven_charts.TestDashboardChartsAPI" name="test_get_dashboard" time="0.345"><error message="failed on setup with &quot;KeyError: 'token'&quot;">backend/tests/test_instellingen_bedrijven_charts.py:233: in auth_token
    return response.json()["token"]
           ^^^^^^^^^^^^^^^^^^^^^^^^
E   KeyError: 'token'</error></testcase><testcase classname="backend.tests.test_instellingen_bedrijven_charts.TestDashboardChartsAPI" name="test_get_dashboard_charts" time="0.000"><error message="failed on setup with &quot;KeyError: 'token'&quot;">backend/tests/test_instellingen_bedrijven_charts.py:233: in auth_token
    return response.json()["token"]
           ^^^^^^^^^^^^^^^^^^^^^^^^
E   KeyError: 'token'</error></testcase><testcase classname="backend.tests.test_instellingen_bedrijven_charts.TestCleanup" name="test_cleanup_test_bedrijven" time="0.371"><error message="failed on setup with &quot;KeyError: 'token'&quot;">backend/tests/test_instellingen_bedrijven_charts.py:327: in auth_token
    return response.json()["token"]
           ^^^^^^^^^^^^^^^^^^^^^^^^
E   KeyError: 'token'</error></testcase></testsuite></testsuites>