<?xml version="1.0" encoding="utf-8"?><testsuites name="pytest tests"><testsuite name="pytest" errors="0" failures="0" skipped="0" tests="14" time="6.052" timestamp="2026-01-23T15:56:18.288486+00:00" hostname="agent-env-34e025d7-7d2e-4083-b7e2-c903b85941ff"><testcase classname="backend.tests.test_loans_feature.TestLoansFeature" name="test_get_loans_endpoint_returns_200" time="0.389" /><testcase classname="backend.tests.test_loans_feature.TestLoansFeature" name="test_get_loans_returns_correct_structure" time="0.303" /><testcase classname="backend.tests.test_loans_feature.TestLoansFeature" name="test_create_loan_success" time="0.439" /><testcase classname="backend.tests.test_loans_feature.TestLoansFeature" name="test_create_loan_invalid_tenant" time="0.361" /><testcase classname="backend.tests.test_loans_feature.TestLoansFeature" name="test_update_loan_success" time="0.432" /><testcase classname="backend.tests.test_loans_feature.TestLoansFeature" name="test_delete_loan_success" time="0.450" /><testcase classname="backend.tests.test_loans_feature.TestLoansFeature" name="test_get_tenant_loans_endpoint" time="0.511" /><testcase classname="backend.tests.test_loans_feature.TestLoansFeature" name="test_loan_status_open_to_partial" time="0.661" /><testcase classname="backend.tests.test_loans_feature.TestLoansFeature" name="test_loan_status_partial_to_paid" time="0.469" /><testcase classname="backend.tests.test_loans_feature.TestLoansFeature" name="test_tenant_loans_for_payment_dropdown" time="0.497" /><testcase classname="backend.tests.test_loans_feature.TestFacturenPage" name="test_get_invoices_endpoint" time="0.314" /><testcase classname="backend.tests.test_loans_feature.TestFacturenPage" name="test_invoices_structure" time="0.269" /><testcase classname="backend.tests.test_loans_feature.TestFacturenPage" name="test_invoices_summary" time="0.325" /><testcase classname="backend.tests.test_loans_feature.TestLeningenSummaryCards" name="test_loans_summary_calculation" time="0.545" /></testsuite></testsuites>