<?xml version="1.0" encoding="utf-8"?><testsuites name="pytest tests"><testsuite name="pytest" errors="0" failures="0" skipped="0" tests="10" time="3.113" timestamp="2026-04-07T22:03:39.748099+00:00" hostname="agent-env-56f04ace-3576-417d-8155-b302e9b813b2"><testcase classname="backend.tests.test_domain_settings.TestDomainSettings" name="test_save_custom_domain" time="0.924" /><testcase classname="backend.tests.test_domain_settings.TestDomainSettings" name="test_verify_domain_saved" time="0.104" /><testcase classname="backend.tests.test_domain_settings.TestDomainSettings" name="test_save_domain_with_login_landing" time="0.198" /><testcase classname="backend.tests.test_domain_settings.TestDomainSettings" name="test_save_domain_with_kiosk_landing" time="0.136" /><testcase classname="backend.tests.test_domain_settings.TestDomainVerification" name="test_verify_domain_endpoint" time="0.260" /><testcase classname="backend.tests.test_domain_settings.TestDomainVerification" name="test_verify_domain_without_domain_set" time="0.341" /><testcase classname="backend.tests.test_domain_settings.TestDomainLookup" name="test_domain_lookup_existing" time="0.273" /><testcase classname="backend.tests.test_domain_settings.TestDomainLookup" name="test_domain_lookup_nonexistent" time="0.110" /><testcase classname="backend.tests.test_domain_settings.TestDomainNormalization" name="test_domain_strips_protocol" time="0.323" /><testcase classname="backend.tests.test_domain_settings.TestDomainNormalization" name="test_domain_lowercase" time="0.387" /></testsuite></testsuites>