<?xml version="1.0" encoding="utf-8"?><testsuites name="pytest tests"><testsuite name="pytest" errors="0" failures="4" skipped="0" tests="18" time="2.394" timestamp="2026-01-30T19:53:48.396009+00:00" hostname="agent-env-5cbeeeef-67ba-4326-ac88-8446ef2ef64a"><testcase classname="backend.tests.test_autodealer_portal_hrm.TestAutoDealerPortalAuth" name="test_portal_login_success" time="0.374" /><testcase classname="backend.tests.test_autodealer_portal_hrm.TestAutoDealerPortalAuth" name="test_portal_login_invalid_credentials" time="0.045" /><testcase classname="backend.tests.test_autodealer_portal_hrm.TestAutoDealerPortalAuth" name="test_portal_register_new_customer" time="0.267" /><testcase classname="backend.tests.test_autodealer_portal_hrm.TestAutoDealerPortalAuth" name="test_portal_register_duplicate_email" time="0.044" /><testcase classname="backend.tests.test_autodealer_portal_hrm.TestAutoDealerPortalProfile" name="test_get_customer_profile" time="0.312" /><testcase classname="backend.tests.test_autodealer_portal_hrm.TestAutoDealerPortalProfile" name="test_get_profile_unauthorized" time="0.041" /><testcase classname="backend.tests.test_autodealer_portal_hrm.TestAutoDealerPortalDashboard" name="test_get_dashboard" time="0.044" /><testcase classname="backend.tests.test_autodealer_portal_hrm.TestAutoDealerPortalPurchases" name="test_get_purchases" time="0.048" /><testcase classname="backend.tests.test_autodealer_portal_hrm.TestHRMStats" name="test_get_hrm_stats" time="0.314"><failure message="AssertionError: assert 'open_vacancies' in {'active_employees': 1, 'departments': 1, 'on_leave': 0, 'pending_leave_requests': 0, ...}">backend/tests/test_autodealer_portal_hrm.py:177: in test_get_hrm_stats
    assert "open_vacancies" in data
E   AssertionError: assert 'open_vacancies' in {'active_employees': 1, 'departments': 1, 'on_leave': 0, 'pending_leave_requests': 0, ...}</failure></testcase><testcase classname="backend.tests.test_autodealer_portal_hrm.TestHRMStats" name="test_hrm_stats_unauthorized" time="0.043" /><testcase classname="backend.tests.test_autodealer_portal_hrm.TestHRMEmployees" name="test_get_employees" time="0.041" /><testcase classname="backend.tests.test_autodealer_portal_hrm.TestHRMEmployees" name="test_create_employee" time="0.046"><failure message="assert 422 == 200&#10; +  where 422 = &lt;Response [422]&gt;.status_code">backend/tests/test_autodealer_portal_hrm.py:218: in test_create_employee
    assert response.status_code == 200
E   assert 422 == 200
E    +  where 422 = &lt;Response [422]&gt;.status_code</failure></testcase><testcase classname="backend.tests.test_autodealer_portal_hrm.TestHRMDepartments" name="test_get_departments" time="0.051" /><testcase classname="backend.tests.test_autodealer_portal_hrm.TestHRMDepartments" name="test_create_department" time="0.046" /><testcase classname="backend.tests.test_autodealer_portal_hrm.TestHRMDashboard" name="test_get_hrm_dashboard" time="0.058"><failure message="AssertionError: assert 'total_employees' in {'contracts': {'expiring_soon': 0}, 'department_breakdown': [{'count': 1, 'name': 'IT Afdeling'}], 'departments': 2, 'employees': {'active': 1, 'on_leave': 0, 'present_today': 0, 'total': 1}, ...}">backend/tests/test_autodealer_portal_hrm.py:268: in test_get_hrm_dashboard
    assert "total_employees" in data
E   AssertionError: assert 'total_employees' in {'contracts': {'expiring_soon': 0}, 'department_breakdown': [{'count': 1, 'name': 'IT Afdeling'}], 'departments': 2, 'employees': {'active': 1, 'on_leave': 0, 'present_today': 0, 'total': 1}, ...}</failure></testcase><testcase classname="backend.tests.test_autodealer_portal_hrm.TestHRMSettings" name="test_get_hrm_settings" time="0.044"><failure message="AssertionError: assert 'currency' in {'allow_remote_work': True, 'company_name': None, 'default_currency': 'SRD', 'overtime_rate': 1.5, ...}">backend/tests/test_autodealer_portal_hrm.py:287: in test_get_hrm_settings
    assert "currency" in data
E   AssertionError: assert 'currency' in {'allow_remote_work': True, 'company_name': None, 'default_currency': 'SRD', 'overtime_rate': 1.5, ...}</failure></testcase><testcase classname="backend.tests.test_autodealer_portal_hrm.TestWorkspaceBranding" name="test_get_current_workspace" time="0.036" /><testcase classname="backend.tests.test_autodealer_portal_hrm.TestPortalIntegration" name="test_full_customer_flow" time="0.337" /></testsuite></testsuites>