<?xml version="1.0" encoding="utf-8"?><testsuites name="pytest tests"><testsuite name="pytest" errors="0" failures="0" skipped="1" tests="9" time="3.278" timestamp="2026-01-24T15:00:50.434204+00:00" hostname="agent-env-046cdf6f-b1c7-41b3-90f5-b9940095f873"><testcase classname="backend.tests.test_invoice_pdf_download.TestInvoicePdfDownload" name="test_invoice_pdf_endpoint_returns_200" time="0.390" /><testcase classname="backend.tests.test_invoice_pdf_download.TestInvoicePdfDownload" name="test_invoice_pdf_returns_pdf_content_type" time="0.346" /><testcase classname="backend.tests.test_invoice_pdf_download.TestInvoicePdfDownload" name="test_invoice_pdf_returns_valid_pdf" time="0.344" /><testcase classname="backend.tests.test_invoice_pdf_download.TestInvoicePdfDownload" name="test_invoice_pdf_has_content" time="0.342" /><testcase classname="backend.tests.test_invoice_pdf_download.TestInvoicePdfDownload" name="test_invoice_pdf_requires_authentication" time="0.334" /><testcase classname="backend.tests.test_invoice_pdf_download.TestInvoicePdfDownload" name="test_invoice_pdf_invalid_tenant_returns_404" time="0.339" /><testcase classname="backend.tests.test_invoice_pdf_download.TestInvoicePdfDownload" name="test_invoice_pdf_different_months" time="0.385" /><testcase classname="backend.tests.test_invoice_pdf_download.TestInvoicePdfDownload" name="test_invoice_pdf_different_years" time="0.381" /><testcase classname="backend.tests.test_invoice_pdf_download.TestInvoicePdfWithSuperAdmin" name="test_superadmin_can_access_invoice_pdf" time="0.300"><skipped type="pytest.skip" message="No tenants available for superadmin">/app/backend/tests/test_invoice_pdf_download.py:132: No tenants available for superadmin</skipped></testcase></testsuite></testsuites>