<?xml version="1.0" encoding="utf-8"?><testsuites name="pytest tests"><testsuite name="pytest" errors="0" failures="0" skipped="0" tests="10" time="3.226" timestamp="2026-01-23T16:22:08.930477+00:00" hostname="agent-env-34e025d7-7d2e-4083-b7e2-c903b85941ff"><testcase classname="backend.tests.test_iteration11.TestDashboardAndRentSettings" name="test_01_dashboard_returns_200" time="0.347" /><testcase classname="backend.tests.test_iteration11.TestDashboardAndRentSettings" name="test_02_dashboard_has_total_outstanding_loans" time="0.306" /><testcase classname="backend.tests.test_iteration11.TestDashboardAndRentSettings" name="test_03_dashboard_has_total_outstanding" time="0.310" /><testcase classname="backend.tests.test_iteration11.TestDashboardAndRentSettings" name="test_04_dashboard_has_total_income_this_month" time="0.312" /><testcase classname="backend.tests.test_iteration11.TestDashboardAndRentSettings" name="test_05_dashboard_combined_outstanding_calculation" time="0.300" /><testcase classname="backend.tests.test_iteration11.TestDashboardAndRentSettings" name="test_06_profile_returns_rent_settings" time="0.298" /><testcase classname="backend.tests.test_iteration11.TestDashboardAndRentSettings" name="test_07_update_rent_settings_with_deadline" time="0.306" /><testcase classname="backend.tests.test_iteration11.TestDashboardAndRentSettings" name="test_08_verify_rent_settings_persisted" time="0.336" /><testcase classname="backend.tests.test_iteration11.TestDashboardAndRentSettings" name="test_09_rent_settings_validation" time="0.294" /><testcase classname="backend.tests.test_iteration11.TestDashboardAndRentSettings" name="test_10_dashboard_income_based_on_payment_date" time="0.342" /></testsuite></testsuites>