<?xml version="1.0" encoding="utf-8"?><testsuites name="pytest tests"><testsuite name="pytest" errors="0" failures="0" skipped="0" tests="38" time="6.632" timestamp="2026-02-25T08:38:43.406575+00:00" hostname="agent-env-8105b3db-b72c-4e6e-bc9d-d73084958f30"><testcase classname="tests.test_p2_modules.TestAuthentication" name="test_vaste_activa_requires_auth" time="0.129" /><testcase classname="tests.test_p2_modules.TestAuthentication" name="test_kostenplaatsen_requires_auth" time="0.133" /><testcase classname="tests.test_p2_modules.TestAuthentication" name="test_wisselkoersen_requires_auth" time="0.105" /><testcase classname="tests.test_p2_modules.TestWisselkoersen" name="test_get_wisselkoersen_list" time="0.464" /><testcase classname="tests.test_p2_modules.TestWisselkoersen" name="test_get_standaard_koersen_no_auth" time="0.110" /><testcase classname="tests.test_p2_modules.TestWisselkoersen" name="test_create_wisselkoers" time="0.102" /><testcase classname="tests.test_p2_modules.TestWisselkoersen" name="test_create_wisselkoers_srd_fails" time="0.101" /><testcase classname="tests.test_p2_modules.TestWisselkoersen" name="test_get_actuele_koers" time="0.111" /><testcase classname="tests.test_p2_modules.TestWisselkoersen" name="test_get_wisselkoers_historie" time="0.104" /><testcase classname="tests.test_p2_modules.TestWisselkoersen" name="test_converteer_usd_to_srd" time="0.099" /><testcase classname="tests.test_p2_modules.TestWisselkoersen" name="test_converteer_srd_to_eur" time="0.110" /><testcase classname="tests.test_p2_modules.TestWisselkoersen" name="test_converteer_usd_to_eur" time="0.103" /><testcase classname="tests.test_p2_modules.TestWisselkoersen" name="test_converteer_same_currency" time="0.113" /><testcase classname="tests.test_p2_modules.TestWisselkoersen" name="test_bulk_import_koersen" time="0.105" /><testcase classname="tests.test_p2_modules.TestKostenplaatsen" name="test_get_kostenplaatsen_list" time="0.477" /><testcase classname="tests.test_p2_modules.TestKostenplaatsen" name="test_create_kostenplaats" time="0.106" /><testcase classname="tests.test_p2_modules.TestKostenplaatsen" name="test_create_kostenplaats_duplicate_code_fails" time="0.205" /><testcase classname="tests.test_p2_modules.TestKostenplaatsen" name="test_get_kostenplaats_by_id" time="0.104" /><testcase classname="tests.test_p2_modules.TestKostenplaatsen" name="test_update_kostenplaats" time="0.224" /><testcase classname="tests.test_p2_modules.TestKostenplaatsen" name="test_create_kostenboeking" time="0.113" /><testcase classname="tests.test_p2_modules.TestKostenplaatsen" name="test_get_kostenboekingen" time="0.104" /><testcase classname="tests.test_p2_modules.TestKostenplaatsen" name="test_get_kostenplaatsen_stats" time="0.121" /><testcase classname="tests.test_p2_modules.TestKostenplaatsen" name="test_get_kostenplaatsen_rapportage" time="0.107" /><testcase classname="tests.test_p2_modules.TestKostenplaatsen" name="test_delete_kostenplaats_with_boekingen_fails" time="0.208" /><testcase classname="tests.test_p2_modules.TestVasteActiva" name="test_get_vaste_activa_list" time="0.438" /><testcase classname="tests.test_p2_modules.TestVasteActiva" name="test_create_vast_activum_lineair" time="0.104" /><testcase classname="tests.test_p2_modules.TestVasteActiva" name="test_create_vast_activum_degressief" time="0.103" /><testcase classname="tests.test_p2_modules.TestVasteActiva" name="test_create_vast_activum_geen_afschrijving" time="0.106" /><testcase classname="tests.test_p2_modules.TestVasteActiva" name="test_get_vast_activum_by_id" time="0.221" /><testcase classname="tests.test_p2_modules.TestVasteActiva" name="test_update_vast_activum" time="0.202" /><testcase classname="tests.test_p2_modules.TestVasteActiva" name="test_boek_afschrijving" time="0.364" /><testcase classname="tests.test_p2_modules.TestVasteActiva" name="test_get_afschrijvingen" time="0.103" /><testcase classname="tests.test_p2_modules.TestVasteActiva" name="test_get_vaste_activa_stats" time="0.097" /><testcase classname="tests.test_p2_modules.TestVasteActiva" name="test_maandelijkse_afschrijvingen" time="0.139" /><testcase classname="tests.test_p2_modules.TestVasteActiva" name="test_delete_vast_activum_with_afschrijvingen_fails" time="0.212" /><testcase classname="tests.test_p2_modules.TestVasteActiva" name="test_filter_vaste_activa_by_categorie" time="0.112" /><testcase classname="tests.test_p2_modules.TestVasteActiva" name="test_filter_vaste_activa_by_status" time="0.103" /><testcase classname="tests.test_p2_modules.TestCleanup" name="test_cleanup_test_data" time="0.545" /></testsuite></testsuites>