<?xml version="1.0" encoding="utf-8"?><testsuites name="pytest tests"><testsuite name="pytest" errors="0" failures="0" skipped="0" tests="13" time="2.687" timestamp="2026-02-01T04:00:17.866229+00:00" hostname="agent-env-64454025-2df7-49aa-9185-c8bbcc7c4a15"><testcase classname="tests.test_auth_login_logout.TestAuthLoginLogout" name="test_01_login_success" time="0.287" /><testcase classname="tests.test_auth_login_logout.TestAuthLoginLogout" name="test_02_login_invalid_credentials" time="0.036" /><testcase classname="tests.test_auth_login_logout.TestAuthLoginLogout" name="test_03_login_empty_email" time="0.035" /><testcase classname="tests.test_auth_login_logout.TestAuthLoginLogout" name="test_04_login_empty_password" time="0.258" /><testcase classname="tests.test_auth_login_logout.TestAuthLoginLogout" name="test_05_get_me_with_valid_token" time="0.263" /><testcase classname="tests.test_auth_login_logout.TestAuthLoginLogout" name="test_06_get_me_without_token" time="0.072" /><testcase classname="tests.test_auth_login_logout.TestAuthLoginLogout" name="test_07_get_me_with_invalid_token" time="0.034" /><testcase classname="tests.test_auth_login_logout.TestAuthLoginLogout" name="test_08_login_logout_login_flow" time="0.512" /><testcase classname="tests.test_auth_login_logout.TestAuthLoginLogout" name="test_09_multiple_login_sessions" time="0.542" /><testcase classname="tests.test_auth_login_logout.TestAuthRegister" name="test_01_register_success" time="0.260" /><testcase classname="tests.test_auth_login_logout.TestAuthRegister" name="test_02_register_duplicate_email" time="0.034" /><testcase classname="tests.test_auth_login_logout.TestAuthRegister" name="test_03_register_short_password" time="0.260" /><testcase classname="tests.test_auth_login_logout.TestAuthRegister" name="test_04_register_invalid_email" time="0.037" /></testsuite></testsuites>