<?xml version="1.0" encoding="utf-8"?><testsuites name="pytest tests"><testsuite name="pytest" errors="0" failures="0" skipped="0" tests="14" time="2.837" timestamp="2026-02-03T23:36:35.846934+00:00" hostname="agent-env-664231ed-8f5c-44e7-bd04-b30852bcced7"><testcase classname="backend.tests.test_domain_management.TestDomainManagementAuth" name="test_login_superadmin" time="0.356" /><testcase classname="backend.tests.test_domain_management.TestDomainStatusEndpoint" name="test_get_domain_status_success" time="0.467" /><testcase classname="backend.tests.test_domain_management.TestDomainStatusEndpoint" name="test_get_domain_status_unauthorized" time="0.035" /><testcase classname="backend.tests.test_domain_management.TestCustomersEndpoint" name="test_get_customers_success" time="0.298" /><testcase classname="backend.tests.test_domain_management.TestAutomatedDomainSetup" name="test_setup_automated_missing_fields" time="0.334" /><testcase classname="backend.tests.test_domain_management.TestAutomatedDomainSetup" name="test_setup_automated_invalid_user" time="0.038" /><testcase classname="backend.tests.test_domain_management.TestAutomatedDomainSetup" name="test_setup_automated_invalid_domain" time="0.081" /><testcase classname="backend.tests.test_domain_management.TestAutomatedDomainSetup" name="test_setup_automated_success" time="0.077" /><testcase classname="backend.tests.test_domain_management.TestAutomatedDomainSetup" name="test_setup_automated_unauthorized" time="0.037" /><testcase classname="backend.tests.test_domain_management.TestDNSVerification" name="test_verify_dns_invalid_workspace" time="0.305" /><testcase classname="backend.tests.test_domain_management.TestDNSVerification" name="test_verify_dns_success" time="0.078" /><testcase classname="backend.tests.test_domain_management.TestNginxConfigPreview" name="test_nginx_preview_invalid_workspace" time="0.295" /><testcase classname="backend.tests.test_domain_management.TestNginxConfigPreview" name="test_nginx_preview_success" time="0.066" /><testcase classname="backend.tests.test_domain_management.TestAdminDomainsEndpoint" name="test_admin_domains_success" time="0.290" /></testsuite></testsuites>