<?xml version="1.0" encoding="utf-8"?><testsuites name="pytest tests"><testsuite name="pytest" errors="0" failures="1" skipped="0" tests="20" time="6.844" timestamp="2026-01-22T12:46:16.070757+00:00" hostname="agent-env-0818bd84-67f0-4052-9b23-86c81e39e128"><testcase classname="tests.test_saas_subscription.TestSuperAdminAuth" name="test_superadmin_login_success" time="0.342" /><testcase classname="tests.test_saas_subscription.TestSuperAdminAuth" name="test_superadmin_has_no_subscription_end_date" time="0.264" /><testcase classname="tests.test_saas_subscription.TestCustomerRegistration" name="test_register_new_customer_gets_trial" time="0.268" /><testcase classname="tests.test_saas_subscription.TestCustomerRegistration" name="test_duplicate_email_registration_fails" time="0.039" /><testcase classname="tests.test_saas_subscription.TestTrialUserAccess" name="test_trial_user_can_access_dashboard" time="0.325" /><testcase classname="tests.test_saas_subscription.TestTrialUserAccess" name="test_trial_user_can_access_tenants" time="0.306" /><testcase classname="tests.test_saas_subscription.TestTrialUserAccess" name="test_trial_user_can_access_apartments" time="0.305" /><testcase classname="tests.test_saas_subscription.TestSubscriptionStatus" name="test_get_subscription_status" time="0.295" /><testcase classname="tests.test_saas_subscription.TestSubscriptionStatus" name="test_request_subscription_activation" time="0.322" /><testcase classname="tests.test_saas_subscription.TestAdminDashboard" name="test_superadmin_can_access_admin_dashboard" time="0.295" /><testcase classname="tests.test_saas_subscription.TestAdminDashboard" name="test_customer_cannot_access_admin_dashboard" time="0.295" /><testcase classname="tests.test_saas_subscription.TestAdminCustomerManagement" name="test_superadmin_can_list_customers" time="0.301" /><testcase classname="tests.test_saas_subscription.TestAdminCustomerManagement" name="test_superadmin_can_search_customers" time="0.298" /><testcase classname="tests.test_saas_subscription.TestSubscriptionActivation" name="test_superadmin_can_activate_subscription" time="0.558" /><testcase classname="tests.test_saas_subscription.TestSubscriptionActivation" name="test_subscription_extends_from_current_end_date" time="0.595" /><testcase classname="tests.test_saas_subscription.TestSubscriptionDeactivation" name="test_superadmin_can_deactivate_subscription" time="0.630" /><testcase classname="tests.test_saas_subscription.TestSubscriptionDeactivation" name="test_deactivated_customer_loses_access" time="0.669"><failure message="AssertionError: Expected 403, got 200&#10;assert 200 == 403&#10; +  where 200 = &lt;Response [200]&gt;.status_code">tests/test_saas_subscription.py:394: in test_deactivated_customer_loses_access
    assert response.status_code == 403, f"Expected 403, got {response.status_code}"
E   AssertionError: Expected 403, got 200
E   assert 200 == 403
E    +  where 200 = &lt;Response [200]&gt;.status_code</failure></testcase><testcase classname="tests.test_saas_subscription.TestExpiredSubscriptionRedirect" name="test_expired_user_cannot_access_dashboard" time="0.000" /><testcase classname="tests.test_saas_subscription.TestSubscriptionRequests" name="test_superadmin_can_view_subscription_requests" time="0.292" /><testcase classname="tests.test_saas_subscription.TestAllSubscriptions" name="test_superadmin_can_view_all_subscriptions" time="0.293" /></testsuite></testsuites>