<?xml version="1.0" encoding="utf-8"?><testsuites name="pytest tests"><testsuite name="pytest" errors="0" failures="1" skipped="1" tests="15" time="7.570" timestamp="2026-03-01T12:49:39.330089+00:00" hostname="agent-env-31023cd8-ae17-462d-9209-b74b21452dc3"><testcase classname="backend.tests.test_nieuwe_factuur.TestNieuweFactuurAPI" name="test_01_authentication" time="0.717" /><testcase classname="backend.tests.test_nieuwe_factuur.TestNieuweFactuurAPI" name="test_02_get_debiteuren" time="0.374" /><testcase classname="backend.tests.test_nieuwe_factuur.TestNieuweFactuurAPI" name="test_03_create_test_debiteur" time="0.432" /><testcase classname="backend.tests.test_nieuwe_factuur.TestNieuweFactuurAPI" name="test_04_get_artikelen" time="0.418" /><testcase classname="backend.tests.test_nieuwe_factuur.TestNieuweFactuurAPI" name="test_05_create_test_artikel" time="0.393"><failure message="assert 422 == 200&#10; +  where 422 = &lt;Response [422]&gt;.status_code">backend/tests/test_nieuwe_factuur.py:115: in test_05_create_test_artikel
    assert response.status_code == 200
E   assert 422 == 200
E    +  where 422 = &lt;Response [422]&gt;.status_code</failure></testcase><testcase classname="backend.tests.test_nieuwe_factuur.TestNieuweFactuurAPI" name="test_06_get_verkoopfacturen" time="0.399" /><testcase classname="backend.tests.test_nieuwe_factuur.TestNieuweFactuurAPI" name="test_07_create_concept_factuur" time="0.463" /><testcase classname="backend.tests.test_nieuwe_factuur.TestNieuweFactuurAPI" name="test_08_create_factuur_with_product" time="0.493"><skipped type="pytest.skip" message="No products available">/app/backend/tests/test_nieuwe_factuur.py:194: No products available</skipped></testcase><testcase classname="backend.tests.test_nieuwe_factuur.TestNieuweFactuurAPI" name="test_09_create_factuur_multiple_lines" time="0.474" /><testcase classname="backend.tests.test_nieuwe_factuur.TestNieuweFactuurAPI" name="test_10_update_status_to_verzonden" time="0.621" /><testcase classname="backend.tests.test_nieuwe_factuur.TestNieuweFactuurAPI" name="test_11_currency_selection" time="0.595" /><testcase classname="backend.tests.test_nieuwe_factuur.TestNieuweFactuurAPI" name="test_12_btw_calculation" time="0.444" /><testcase classname="backend.tests.test_nieuwe_factuur.TestNieuweFactuurAPI" name="test_13_get_single_factuur" time="0.438" /><testcase classname="backend.tests.test_nieuwe_factuur.TestNieuweFactuurAPI" name="test_14_delete_factuur" time="0.583" /><testcase classname="backend.tests.test_nieuwe_factuur.TestNieuweFactuurAPI" name="test_15_invoice_appears_in_list" time="0.579" /></testsuite></testsuites>