<?xml version="1.0" encoding="utf-8"?><testsuites name="pytest tests"><testsuite name="pytest" errors="0" failures="0" skipped="0" tests="14" time="3.378" timestamp="2026-01-23T12:13:19.929133+00:00" hostname="agent-env-dfbf50af-cd90-43ae-b628-4f4de69fd5fa"><testcase classname="backend.tests.test_features.TestFeature1KasgeldTransactionHistory" name="test_kasgeld_endpoint_returns_transactions" time="0.362" /><testcase classname="backend.tests.test_features.TestFeature1KasgeldTransactionHistory" name="test_kasgeld_includes_salary_transactions" time="0.095" /><testcase classname="backend.tests.test_features.TestFeature2MaintenanceCostType" name="test_create_maintenance_with_kasgeld_cost_type" time="0.434" /><testcase classname="backend.tests.test_features.TestFeature2MaintenanceCostType" name="test_create_maintenance_with_tenant_cost_type" time="0.076" /><testcase classname="backend.tests.test_features.TestFeature2MaintenanceCostType" name="test_kasgeld_only_deducts_kasgeld_type_maintenance" time="0.201" /><testcase classname="backend.tests.test_features.TestFeature2MaintenanceCostType" name="test_kasgeld_transactions_only_show_kasgeld_type_maintenance" time="0.156" /><testcase classname="backend.tests.test_features.TestFeature3PayslipPDF" name="test_payslip_pdf_endpoint_exists" time="0.387" /><testcase classname="backend.tests.test_features.TestFeature3PayslipPDF" name="test_payslip_pdf_not_found_for_invalid_id" time="0.009" /><testcase classname="backend.tests.test_features.TestFeature4DepositRefundPDF" name="test_deposit_refund_pdf_endpoint_exists" time="0.501" /><testcase classname="backend.tests.test_features.TestFeature4DepositRefundPDF" name="test_deposit_refund_pdf_not_found_for_invalid_id" time="0.010" /><testcase classname="backend.tests.test_features.TestFeature5TenantBalanceDeposit" name="test_tenant_balance_includes_deposit_info" time="0.480" /><testcase classname="backend.tests.test_features.TestFeature5TenantBalanceDeposit" name="test_tenant_balance_without_deposit" time="0.069" /><testcase classname="backend.tests.test_features.TestMaintenanceEndpoints" name="test_get_maintenance_list" time="0.374" /><testcase classname="backend.tests.test_features.TestMaintenanceEndpoints" name="test_maintenance_response_includes_cost_type" time="0.089" /></testsuite></testsuites>