<?xml version="1.0" encoding="utf-8"?><testsuites name="pytest tests"><testsuite name="pytest" errors="0" failures="1" skipped="0" tests="38" time="6.973" timestamp="2026-02-25T08:21:05.952160+00:00" hostname="agent-env-1b1366f9-6bc2-4ded-9e3b-4b771d58fd20"><testcase classname="backend.tests.test_p2_modules.TestAuthentication" name="test_vaste_activa_requires_auth" time="0.231" /><testcase classname="backend.tests.test_p2_modules.TestAuthentication" name="test_kostenplaatsen_requires_auth" time="0.121" /><testcase classname="backend.tests.test_p2_modules.TestAuthentication" name="test_wisselkoersen_requires_auth" time="0.104" /><testcase classname="backend.tests.test_p2_modules.TestWisselkoersen" name="test_get_wisselkoersen_list" time="0.469" /><testcase classname="backend.tests.test_p2_modules.TestWisselkoersen" name="test_get_standaard_koersen_no_auth" time="0.114" /><testcase classname="backend.tests.test_p2_modules.TestWisselkoersen" name="test_create_wisselkoers" time="0.110" /><testcase classname="backend.tests.test_p2_modules.TestWisselkoersen" name="test_create_wisselkoers_srd_fails" time="0.139" /><testcase classname="backend.tests.test_p2_modules.TestWisselkoersen" name="test_get_actuele_koers" time="0.120" /><testcase classname="backend.tests.test_p2_modules.TestWisselkoersen" name="test_get_wisselkoers_historie" time="0.100" /><testcase classname="backend.tests.test_p2_modules.TestWisselkoersen" name="test_converteer_usd_to_srd" time="0.121" /><testcase classname="backend.tests.test_p2_modules.TestWisselkoersen" name="test_converteer_srd_to_eur" time="0.141" /><testcase classname="backend.tests.test_p2_modules.TestWisselkoersen" name="test_converteer_usd_to_eur" time="0.105" /><testcase classname="backend.tests.test_p2_modules.TestWisselkoersen" name="test_converteer_same_currency" time="0.109" /><testcase classname="backend.tests.test_p2_modules.TestWisselkoersen" name="test_bulk_import_koersen" time="0.108" /><testcase classname="backend.tests.test_p2_modules.TestKostenplaatsen" name="test_get_kostenplaatsen_list" time="0.479" /><testcase classname="backend.tests.test_p2_modules.TestKostenplaatsen" name="test_create_kostenplaats" time="0.103" /><testcase classname="backend.tests.test_p2_modules.TestKostenplaatsen" name="test_create_kostenplaats_duplicate_code_fails" time="0.213" /><testcase classname="backend.tests.test_p2_modules.TestKostenplaatsen" name="test_get_kostenplaats_by_id" time="0.109" /><testcase classname="backend.tests.test_p2_modules.TestKostenplaatsen" name="test_update_kostenplaats" time="0.207" /><testcase classname="backend.tests.test_p2_modules.TestKostenplaatsen" name="test_create_kostenboeking" time="0.111" /><testcase classname="backend.tests.test_p2_modules.TestKostenplaatsen" name="test_get_kostenboekingen" time="0.099" /><testcase classname="backend.tests.test_p2_modules.TestKostenplaatsen" name="test_get_kostenplaatsen_stats" time="0.096" /><testcase classname="backend.tests.test_p2_modules.TestKostenplaatsen" name="test_get_kostenplaatsen_rapportage" time="0.125"><failure message="AssertionError: Expected 200, got 500: {&quot;detail&quot;:&quot;Internal server error: 'status'&quot;}&#10;assert 500 == 200&#10; +  where 500 = &lt;Response [500]&gt;.status_code">backend/tests/test_p2_modules.py:352: in test_get_kostenplaatsen_rapportage
    assert response.status_code == 200, f"Expected 200, got {response.status_code}: {response.text}"
E   AssertionError: Expected 200, got 500: {"detail":"Internal server error: 'status'"}
E   assert 500 == 200
E    +  where 500 = &lt;Response [500]&gt;.status_code</failure></testcase><testcase classname="backend.tests.test_p2_modules.TestKostenplaatsen" name="test_delete_kostenplaats_with_boekingen_fails" time="0.222" /><testcase classname="backend.tests.test_p2_modules.TestVasteActiva" name="test_get_vaste_activa_list" time="0.421" /><testcase classname="backend.tests.test_p2_modules.TestVasteActiva" name="test_create_vast_activum_lineair" time="0.123" /><testcase classname="backend.tests.test_p2_modules.TestVasteActiva" name="test_create_vast_activum_degressief" time="0.102" /><testcase classname="backend.tests.test_p2_modules.TestVasteActiva" name="test_create_vast_activum_geen_afschrijving" time="0.101" /><testcase classname="backend.tests.test_p2_modules.TestVasteActiva" name="test_get_vast_activum_by_id" time="0.218" /><testcase classname="backend.tests.test_p2_modules.TestVasteActiva" name="test_update_vast_activum" time="0.211" /><testcase classname="backend.tests.test_p2_modules.TestVasteActiva" name="test_boek_afschrijving" time="0.370" /><testcase classname="backend.tests.test_p2_modules.TestVasteActiva" name="test_get_afschrijvingen" time="0.097" /><testcase classname="backend.tests.test_p2_modules.TestVasteActiva" name="test_get_vaste_activa_stats" time="0.117" /><testcase classname="backend.tests.test_p2_modules.TestVasteActiva" name="test_maandelijkse_afschrijvingen" time="0.168" /><testcase classname="backend.tests.test_p2_modules.TestVasteActiva" name="test_delete_vast_activum_with_afschrijvingen_fails" time="0.224" /><testcase classname="backend.tests.test_p2_modules.TestVasteActiva" name="test_filter_vaste_activa_by_categorie" time="0.107" /><testcase classname="backend.tests.test_p2_modules.TestVasteActiva" name="test_filter_vaste_activa_by_status" time="0.110" /><testcase classname="backend.tests.test_p2_modules.TestCleanup" name="test_cleanup_test_data" time="0.554" /></testsuite></testsuites>