<?xml version="1.0" encoding="utf-8"?><testsuites name="pytest tests"><testsuite name="pytest" errors="0" failures="0" skipped="0" tests="10" time="2.127" timestamp="2026-02-27T23:02:39.321223+00:00" hostname="agent-env-fbae60d8-addb-4cd7-af08-0f3b5db4a7a1"><testcase classname="backend.tests.test_product_image_upload.TestImageUpload" name="test_upload_image_success" time="0.537" /><testcase classname="backend.tests.test_product_image_upload.TestImageUpload" name="test_upload_image_invalid_type" time="0.113" /><testcase classname="backend.tests.test_product_image_upload.TestImageUpload" name="test_upload_image_unauthorized" time="0.117" /><testcase classname="backend.tests.test_product_image_upload.TestArtikelWithImage" name="test_create_artikel_with_foto_url" time="0.130" /><testcase classname="backend.tests.test_product_image_upload.TestArtikelWithImage" name="test_create_artikel_without_foto_url" time="0.122" /><testcase classname="backend.tests.test_product_image_upload.TestArtikelDropdown" name="test_get_artikelen_list" time="0.112" /><testcase classname="backend.tests.test_product_image_upload.TestArtikelDropdown" name="test_artikelen_have_verkoopprijs" time="0.124" /><testcase classname="backend.tests.test_product_image_upload.TestImageServing" name="test_serve_uploaded_image" time="0.229" /><testcase classname="backend.tests.test_product_image_upload.TestImageServing" name="test_serve_nonexistent_image" time="0.104" /><testcase classname="backend.tests.test_product_image_upload.TestCleanup" name="test_cleanup_test_artikelen" time="0.468" /></testsuite></testsuites>