<?xml version="1.0" encoding="utf-8"?><testsuites name="pytest tests"><testsuite name="pytest" errors="0" failures="0" skipped="0" tests="8" time="4.652" timestamp="2026-03-26T22:09:28.340224+00:00" hostname="agent-env-351e6683-d825-4edf-adfc-ce1863bc7531"><testcase classname="backend.tests.test_face_id.TestFaceIdEndpoints" name="test_admin_tenants_returns_face_id_enabled" time="0.486" /><testcase classname="backend.tests.test_face_id.TestFaceIdEndpoints" name="test_admin_face_status" time="0.489" /><testcase classname="backend.tests.test_face_id.TestFaceIdEndpoints" name="test_register_admin_face" time="0.525" /><testcase classname="backend.tests.test_face_id.TestFaceIdEndpoints" name="test_delete_admin_face" time="0.645" /><testcase classname="backend.tests.test_face_id.TestFaceIdEndpoints" name="test_register_tenant_face" time="0.700" /><testcase classname="backend.tests.test_face_id.TestFaceIdEndpoints" name="test_delete_tenant_face" time="0.707" /><testcase classname="backend.tests.test_face_id.TestFaceIdEndpoints" name="test_verify_tenant_face" time="0.619" /><testcase classname="backend.tests.test_face_id.TestFaceIdEndpoints" name="test_verify_tenant_face_no_match" time="0.360" /></testsuite></testsuites>