<?xml version="1.0" encoding="utf-8"?><testsuites name="pytest tests"><testsuite name="pytest" errors="0" failures="0" skipped="0" tests="7" time="2.579" timestamp="2026-01-23T12:37:28.606682+00:00" hostname="agent-env-dfbf50af-cd90-43ae-b628-4f4de69fd5fa"><testcase classname="backend.tests.test_feature6_outstanding.TestFeature6Outstanding" name="test_outstanding_endpoint_exists" time="0.312" /><testcase classname="backend.tests.test_feature6_outstanding.TestFeature6Outstanding" name="test_outstanding_returns_empty_when_no_apartment" time="0.330" /><testcase classname="backend.tests.test_feature6_outstanding.TestFeature6Outstanding" name="test_outstanding_returns_unpaid_months" time="0.355" /><testcase classname="backend.tests.test_feature6_outstanding.TestFeature6Outstanding" name="test_outstanding_excludes_paid_months" time="0.416" /><testcase classname="backend.tests.test_feature6_outstanding.TestFeature6Outstanding" name="test_outstanding_returns_404_for_invalid_tenant" time="0.270" /><testcase classname="backend.tests.test_feature6_outstanding.TestFeature6Outstanding" name="test_outstanding_suggestion_message" time="0.399" /><testcase classname="backend.tests.test_feature6_outstanding.TestFeature6Integration" name="test_outstanding_oldest_month_first" time="0.446" /></testsuite></testsuites>