<?xml version="1.0" encoding="utf-8"?><testsuites name="pytest tests"><testsuite name="pytest" errors="0" failures="0" skipped="0" tests="13" time="3.257" timestamp="2026-03-30T16:24:10.990199+00:00" hostname="agent-env-63271352-c719-4ada-8666-5b501d3aeddb"><testcase classname="backend.tests.test_internet_integration.TestInternetIntegration" name="test_01_dashboard_returns_total_internet" time="0.583" /><testcase classname="backend.tests.test_internet_integration.TestInternetIntegration" name="test_02_dashboard_has_all_required_fields" time="0.127" /><testcase classname="backend.tests.test_internet_integration.TestInternetIntegration" name="test_03_get_tenants_with_internet_fields" time="0.126" /><testcase classname="backend.tests.test_internet_integration.TestInternetIntegration" name="test_04_public_tenants_endpoint" time="0.133" /><testcase classname="backend.tests.test_internet_integration.TestInternetIntegration" name="test_05_list_internet_plans" time="0.143" /><testcase classname="backend.tests.test_internet_integration.TestInternetIntegration" name="test_06_create_internet_plan" time="0.125" /><testcase classname="backend.tests.test_internet_integration.TestInternetIntegration" name="test_07_update_internet_plan" time="0.134" /><testcase classname="backend.tests.test_internet_integration.TestInternetIntegration" name="test_08_list_internet_connections" time="0.110" /><testcase classname="backend.tests.test_internet_integration.TestInternetIntegration" name="test_09_assign_internet_plan_to_tenant" time="0.334" /><testcase classname="backend.tests.test_internet_integration.TestInternetIntegration" name="test_10_verify_tenant_has_internet_plan" time="0.156" /><testcase classname="backend.tests.test_internet_integration.TestInternetIntegration" name="test_11_payment_response_includes_remaining_internet" time="0.507" /><testcase classname="backend.tests.test_internet_integration.TestInternetIntegration" name="test_12_public_payment_response_includes_remaining_internet" time="0.435" /><testcase classname="backend.tests.test_internet_integration.TestInternetIntegration" name="test_99_cleanup_remove_internet_plan" time="0.281" /></testsuite></testsuites>