<?xml version="1.0" encoding="utf-8"?><testsuites name="pytest tests"><testsuite name="pytest" errors="0" failures="21" skipped="0" tests="21" time="6.692" timestamp="2026-02-28T02:41:15.963909+00:00" hostname="agent-env-e373affa-c835-4541-8d4c-d5a8db9dc459"><testcase classname="backend.tests.test_boekhouding_iteration54.TestAuthentication" name="test_login_success" time="0.520"><failure message="AssertionError: assert 'token' in {'access_token': 'eyJhbGciOiJIUzI1NiIsInR5cCI6IkpXVCJ9.eyJ1c2VyX2lkIjoiYWIxNzhlMGEtM2MzNy00N2RmLTgxZWYtMjUyMDJkMzA4Zjk3IiwiZW1haWwiOiJkZW1vQGZhY3R1cmF0aWUuc3IiLCJleHAiOjE3NzIzMzI4NzZ9.8NWSi30tXkVB1OdkRsqyNh18Bm-0KN85zUh5ciVA2P8', 'token_type': 'bearer', 'user': {'address': None, 'company_name': 'Demo Bedrijf N.V.', 'created_at': '2026-02-27T11:39:35.286378+00:00', 'email': 'demo@facturatie.sr', ...}}">backend/tests/test_boekhouding_iteration54.py:41: in test_login_success
    assert "token" in data
E   AssertionError: assert 'token' in {'access_token': 'eyJhbGciOiJIUzI1NiIsInR5cCI6IkpXVCJ9.eyJ1c2VyX2lkIjoiYWIxNzhlMGEtM2MzNy00N2RmLTgxZWYtMjUyMDJkMzA4Zjk3IiwiZW1haWwiOiJkZW1vQGZhY3R1cmF0aWUuc3IiLCJleHAiOjE3NzIzMzI4NzZ9.8NWSi30tXkVB1OdkRsqyNh18Bm-0KN85zUh5ciVA2P8', 'token_type': 'bearer', 'user': {'address': None, 'company_name': 'Demo Bedrijf N.V.', 'created_at': '2026-02-27T11:39:35.286378+00:00', 'email': 'demo@facturatie.sr', ...}}</failure></testcase><testcase classname="backend.tests.test_boekhouding_iteration54.TestDashboard" name="test_dashboard_kpis" time="0.485"><failure message="AssertionError: Dashboard failed: {&quot;detail&quot;:&quot;Ongeldige token&quot;}&#10;assert 401 == 200&#10; +  where 401 = &lt;Response [401]&gt;.status_code">backend/tests/test_boekhouding_iteration54.py:62: in test_dashboard_kpis
    assert response.status_code == 200, f"Dashboard failed: {response.text}"
E   AssertionError: Dashboard failed: {"detail":"Ongeldige token"}
E   assert 401 == 200
E    +  where 401 = &lt;Response [401]&gt;.status_code</failure></testcase><testcase classname="backend.tests.test_boekhouding_iteration54.TestDashboard" name="test_dashboard_charts" time="0.181"><failure message="AssertionError: Dashboard charts failed: {&quot;detail&quot;:&quot;Ongeldige token&quot;}&#10;assert 401 == 200&#10; +  where 401 = &lt;Response [401]&gt;.status_code">backend/tests/test_boekhouding_iteration54.py:77: in test_dashboard_charts
    assert response.status_code == 200, f"Dashboard charts failed: {response.text}"
E   AssertionError: Dashboard charts failed: {"detail":"Ongeldige token"}
E   assert 401 == 200
E    +  where 401 = &lt;Response [401]&gt;.status_code</failure></testcase><testcase classname="backend.tests.test_boekhouding_iteration54.TestLogoUpload" name="test_upload_image_endpoint_exists" time="0.458"><failure message="AssertionError: Upload failed: {&quot;detail&quot;:&quot;Ongeldige token&quot;}&#10;assert 401 == 200&#10; +  where 401 = &lt;Response [401]&gt;.status_code">backend/tests/test_boekhouding_iteration54.py:120: in test_upload_image_endpoint_exists
    assert response.status_code == 200, f"Upload failed: {response.text}"
E   AssertionError: Upload failed: {"detail":"Ongeldige token"}
E   assert 401 == 200
E    +  where 401 = &lt;Response [401]&gt;.status_code</failure></testcase><testcase classname="backend.tests.test_boekhouding_iteration54.TestLogoUpload" name="test_upload_invalid_file_type" time="0.196"><failure message="AssertionError: Should reject non-image files&#10;assert 401 == 400&#10; +  where 401 = &lt;Response [401]&gt;.status_code">backend/tests/test_boekhouding_iteration54.py:135: in test_upload_invalid_file_type
    assert response.status_code == 400, "Should reject non-image files"
E   AssertionError: Should reject non-image files
E   assert 401 == 400
E    +  where 401 = &lt;Response [401]&gt;.status_code</failure></testcase><testcase classname="backend.tests.test_boekhouding_iteration54.TestInstellingen" name="test_get_instellingen" time="0.506"><failure message="AssertionError: Get settings failed: {&quot;detail&quot;:&quot;Ongeldige token&quot;}&#10;assert 401 == 200&#10; +  where 401 = &lt;Response [401]&gt;.status_code">backend/tests/test_boekhouding_iteration54.py:155: in test_get_instellingen
    assert response.status_code == 200, f"Get settings failed: {response.text}"
E   AssertionError: Get settings failed: {"detail":"Ongeldige token"}
E   assert 401 == 200
E    +  where 401 = &lt;Response [401]&gt;.status_code</failure></testcase><testcase classname="backend.tests.test_boekhouding_iteration54.TestInstellingen" name="test_update_instellingen" time="0.108"><failure message="AssertionError: Update settings failed: {&quot;detail&quot;:&quot;Ongeldige token&quot;}&#10;assert 401 == 200&#10; +  where 401 = &lt;Response [401]&gt;.status_code">backend/tests/test_boekhouding_iteration54.py:170: in test_update_instellingen
    assert response.status_code == 200, f"Update settings failed: {response.text}"
E   AssertionError: Update settings failed: {"detail":"Ongeldige token"}
E   assert 401 == 200
E    +  where 401 = &lt;Response [401]&gt;.status_code</failure></testcase><testcase classname="backend.tests.test_boekhouding_iteration54.TestBedrijven" name="test_get_bedrijven" time="0.429"><failure message="AssertionError: Get bedrijven failed: {&quot;detail&quot;:&quot;Ongeldige token&quot;}&#10;assert 401 == 200&#10; +  where 401 = &lt;Response [401]&gt;.status_code">backend/tests/test_boekhouding_iteration54.py:190: in test_get_bedrijven
    assert response.status_code == 200, f"Get bedrijven failed: {response.text}"
E   AssertionError: Get bedrijven failed: {"detail":"Ongeldige token"}
E   assert 401 == 200
E    +  where 401 = &lt;Response [401]&gt;.status_code</failure></testcase><testcase classname="backend.tests.test_boekhouding_iteration54.TestBedrijven" name="test_get_actief_bedrijf" time="0.103"><failure message="AssertionError: Get actief bedrijf failed: {&quot;detail&quot;:&quot;Ongeldige token&quot;}&#10;assert 401 == 200&#10; +  where 401 = &lt;Response [401]&gt;.status_code">backend/tests/test_boekhouding_iteration54.py:198: in test_get_actief_bedrijf
    assert response.status_code == 200, f"Get actief bedrijf failed: {response.text}"
E   AssertionError: Get actief bedrijf failed: {"detail":"Ongeldige token"}
E   assert 401 == 200
E    +  where 401 = &lt;Response [401]&gt;.status_code</failure></testcase><testcase classname="backend.tests.test_boekhouding_iteration54.TestVerkoopfacturen" name="test_get_verkoopfacturen" time="0.476"><failure message="AssertionError: Get verkoopfacturen failed: {&quot;detail&quot;:&quot;Ongeldige token&quot;}&#10;assert 401 == 200&#10; +  where 401 = &lt;Response [401]&gt;.status_code">backend/tests/test_boekhouding_iteration54.py:220: in test_get_verkoopfacturen
    assert response.status_code == 200, f"Get verkoopfacturen failed: {response.text}"
E   AssertionError: Get verkoopfacturen failed: {"detail":"Ongeldige token"}
E   assert 401 == 200
E    +  where 401 = &lt;Response [401]&gt;.status_code</failure></testcase><testcase classname="backend.tests.test_boekhouding_iteration54.TestVerkoopfacturen" name="test_get_debiteuren" time="0.141"><failure message="AssertionError: Get debiteuren failed: {&quot;detail&quot;:&quot;Ongeldige token&quot;}&#10;assert 401 == 200&#10; +  where 401 = &lt;Response [401]&gt;.status_code">backend/tests/test_boekhouding_iteration54.py:228: in test_get_debiteuren
    assert response.status_code == 200, f"Get debiteuren failed: {response.text}"
E   AssertionError: Get debiteuren failed: {"detail":"Ongeldige token"}
E   assert 401 == 200
E    +  where 401 = &lt;Response [401]&gt;.status_code</failure></testcase><testcase classname="backend.tests.test_boekhouding_iteration54.TestInkoopfacturen" name="test_get_inkoopfacturen" time="0.442"><failure message="AssertionError: Get inkoopfacturen failed: {&quot;detail&quot;:&quot;Ongeldige token&quot;}&#10;assert 401 == 200&#10; +  where 401 = &lt;Response [401]&gt;.status_code">backend/tests/test_boekhouding_iteration54.py:250: in test_get_inkoopfacturen
    assert response.status_code == 200, f"Get inkoopfacturen failed: {response.text}"
E   AssertionError: Get inkoopfacturen failed: {"detail":"Ongeldige token"}
E   assert 401 == 200
E    +  where 401 = &lt;Response [401]&gt;.status_code</failure></testcase><testcase classname="backend.tests.test_boekhouding_iteration54.TestInkoopfacturen" name="test_get_crediteuren" time="0.105"><failure message="AssertionError: Get crediteuren failed: {&quot;detail&quot;:&quot;Ongeldige token&quot;}&#10;assert 401 == 200&#10; +  where 401 = &lt;Response [401]&gt;.status_code">backend/tests/test_boekhouding_iteration54.py:258: in test_get_crediteuren
    assert response.status_code == 200, f"Get crediteuren failed: {response.text}"
E   AssertionError: Get crediteuren failed: {"detail":"Ongeldige token"}
E   assert 401 == 200
E    +  where 401 = &lt;Response [401]&gt;.status_code</failure></testcase><testcase classname="backend.tests.test_boekhouding_iteration54.TestRapportages" name="test_balans_report" time="0.471"><failure message="AssertionError: Balans report failed: {&quot;detail&quot;:&quot;Ongeldige token&quot;}&#10;assert 401 == 200&#10; +  where 401 = &lt;Response [401]&gt;.status_code">backend/tests/test_boekhouding_iteration54.py:280: in test_balans_report
    assert response.status_code == 200, f"Balans report failed: {response.text}"
E   AssertionError: Balans report failed: {"detail":"Ongeldige token"}
E   assert 401 == 200
E    +  where 401 = &lt;Response [401]&gt;.status_code</failure></testcase><testcase classname="backend.tests.test_boekhouding_iteration54.TestRapportages" name="test_winst_verlies_report" time="0.105"><failure message="AssertionError: Winst/Verlies report failed: {&quot;detail&quot;:&quot;Ongeldige token&quot;}&#10;assert 401 == 200&#10; +  where 401 = &lt;Response [401]&gt;.status_code">backend/tests/test_boekhouding_iteration54.py:287: in test_winst_verlies_report
    assert response.status_code == 200, f"Winst/Verlies report failed: {response.text}"
E   AssertionError: Winst/Verlies report failed: {"detail":"Ongeldige token"}
E   assert 401 == 200
E    +  where 401 = &lt;Response [401]&gt;.status_code</failure></testcase><testcase classname="backend.tests.test_boekhouding_iteration54.TestRapportages" name="test_btw_report" time="0.115"><failure message="AssertionError: BTW report failed: {&quot;detail&quot;:&quot;Ongeldige token&quot;}&#10;assert 401 == 200&#10; +  where 401 = &lt;Response [401]&gt;.status_code">backend/tests/test_boekhouding_iteration54.py:294: in test_btw_report
    assert response.status_code == 200, f"BTW report failed: {response.text}"
E   AssertionError: BTW report failed: {"detail":"Ongeldige token"}
E   assert 401 == 200
E    +  where 401 = &lt;Response [401]&gt;.status_code</failure></testcase><testcase classname="backend.tests.test_boekhouding_iteration54.TestRapportages" name="test_ouderdom_debiteuren" time="0.110"><failure message="AssertionError: Ouderdom debiteuren failed: {&quot;detail&quot;:&quot;Not Found&quot;}&#10;assert 404 == 200&#10; +  where 404 = &lt;Response [404]&gt;.status_code">backend/tests/test_boekhouding_iteration54.py:301: in test_ouderdom_debiteuren
    assert response.status_code == 200, f"Ouderdom debiteuren failed: {response.text}"
E   AssertionError: Ouderdom debiteuren failed: {"detail":"Not Found"}
E   assert 404 == 200
E    +  where 404 = &lt;Response [404]&gt;.status_code</failure></testcase><testcase classname="backend.tests.test_boekhouding_iteration54.TestGrootboek" name="test_get_rekeningen" time="0.479"><failure message="AssertionError: Get rekeningen failed: {&quot;detail&quot;:&quot;Ongeldige token&quot;}&#10;assert 401 == 200&#10; +  where 401 = &lt;Response [401]&gt;.status_code">backend/tests/test_boekhouding_iteration54.py:322: in test_get_rekeningen
    assert response.status_code == 200, f"Get rekeningen failed: {response.text}"
E   AssertionError: Get rekeningen failed: {"detail":"Ongeldige token"}
E   assert 401 == 200
E    +  where 401 = &lt;Response [401]&gt;.status_code</failure></testcase><testcase classname="backend.tests.test_boekhouding_iteration54.TestGrootboek" name="test_get_journaalposten" time="0.125"><failure message="AssertionError: Get journaalposten failed: {&quot;detail&quot;:&quot;Ongeldige token&quot;}&#10;assert 401 == 200&#10; +  where 401 = &lt;Response [401]&gt;.status_code">backend/tests/test_boekhouding_iteration54.py:330: in test_get_journaalposten
    assert response.status_code == 200, f"Get journaalposten failed: {response.text}"
E   AssertionError: Get journaalposten failed: {"detail":"Ongeldige token"}
E   assert 401 == 200
E    +  where 401 = &lt;Response [401]&gt;.status_code</failure></testcase><testcase classname="backend.tests.test_boekhouding_iteration54.TestBTW" name="test_get_btw_codes" time="0.451"><failure message="AssertionError: Get BTW codes failed: {&quot;detail&quot;:&quot;Ongeldige token&quot;}&#10;assert 401 == 200&#10; +  where 401 = &lt;Response [401]&gt;.status_code">backend/tests/test_boekhouding_iteration54.py:352: in test_get_btw_codes
    assert response.status_code == 200, f"Get BTW codes failed: {response.text}"
E   AssertionError: Get BTW codes failed: {"detail":"Ongeldige token"}
E   assert 401 == 200
E    +  where 401 = &lt;Response [401]&gt;.status_code</failure></testcase><testcase classname="backend.tests.test_boekhouding_iteration54.TestArtikelen" name="test_get_artikelen" time="0.447"><failure message="AssertionError: Get artikelen failed: {&quot;detail&quot;:&quot;Ongeldige token&quot;}&#10;assert 401 == 200&#10; +  where 401 = &lt;Response [401]&gt;.status_code">backend/tests/test_boekhouding_iteration54.py:374: in test_get_artikelen
    assert response.status_code == 200, f"Get artikelen failed: {response.text}"
E   AssertionError: Get artikelen failed: {"detail":"Ongeldige token"}
E   assert 401 == 200
E    +  where 401 = &lt;Response [401]&gt;.status_code</failure></testcase></testsuite></testsuites>