<?xml version="1.0" encoding="utf-8"?><testsuites name="pytest tests"><testsuite name="pytest" errors="0" failures="0" skipped="0" tests="29" time="3.442" timestamp="2026-02-05T16:35:47.875009+00:00" hostname="agent-env-6f5555d6-0d88-4466-abc7-31be4401a933"><testcase classname="backend.tests.test_suribet_module.TestSuribetDashboard" name="test_get_dashboard_stats" time="0.356" /><testcase classname="backend.tests.test_suribet_module.TestSuribetDashboard" name="test_get_dashboard_stats_with_month_year" time="0.044" /><testcase classname="backend.tests.test_suribet_module.TestSuribetWisselkoersen" name="test_get_wisselkoersen" time="0.297" /><testcase classname="backend.tests.test_suribet_module.TestSuribetWisselkoersen" name="test_update_wisselkoersen" time="0.081" /><testcase classname="backend.tests.test_suribet_module.TestSuribetMachines" name="test_get_machines_empty" time="0.298" /><testcase classname="backend.tests.test_suribet_module.TestSuribetMachines" name="test_create_machine" time="0.037" /><testcase classname="backend.tests.test_suribet_module.TestSuribetMachines" name="test_get_machines_after_create" time="0.040" /><testcase classname="backend.tests.test_suribet_module.TestSuribetMachines" name="test_update_machine" time="0.074" /><testcase classname="backend.tests.test_suribet_module.TestSuribetMachines" name="test_delete_machine" time="0.077" /><testcase classname="backend.tests.test_suribet_module.TestSuribetWerknemers" name="test_get_werknemers" time="0.307" /><testcase classname="backend.tests.test_suribet_module.TestSuribetWerknemers" name="test_create_werknemer" time="0.039" /><testcase classname="backend.tests.test_suribet_module.TestSuribetWerknemers" name="test_update_werknemer" time="0.077" /><testcase classname="backend.tests.test_suribet_module.TestSuribetWerknemers" name="test_delete_werknemer" time="0.040" /><testcase classname="backend.tests.test_suribet_module.TestSuribetKasboek" name="test_get_kasboek" time="0.305" /><testcase classname="backend.tests.test_suribet_module.TestSuribetKasboek" name="test_create_kasboek_income" time="0.039" /><testcase classname="backend.tests.test_suribet_module.TestSuribetKasboek" name="test_create_kasboek_expense" time="0.084" /><testcase classname="backend.tests.test_suribet_module.TestSuribetKasboek" name="test_get_kasboek_with_filters" time="0.039" /><testcase classname="backend.tests.test_suribet_module.TestSuribetKasboek" name="test_delete_kasboek_entry" time="0.075" /><testcase classname="backend.tests.test_suribet_module.TestSuribetLoonbetalingen" name="test_create_werknemer_for_loon" time="0.298" /><testcase classname="backend.tests.test_suribet_module.TestSuribetLoonbetalingen" name="test_get_loonbetalingen" time="0.042" /><testcase classname="backend.tests.test_suribet_module.TestSuribetLoonbetalingen" name="test_create_loonbetaling" time="0.040" /><testcase classname="backend.tests.test_suribet_module.TestSuribetLoonbetalingen" name="test_loonbetaling_creates_kasboek_entry" time="0.037" /><testcase classname="backend.tests.test_suribet_module.TestSuribetLoonbetalingen" name="test_delete_loonbetaling" time="0.038" /><testcase classname="backend.tests.test_suribet_module.TestSuribetLoonbetalingen" name="test_cleanup_werknemer" time="0.082" /><testcase classname="backend.tests.test_suribet_module.TestSuribetDagstaten" name="test_create_machine_for_dagstaat" time="0.342" /><testcase classname="backend.tests.test_suribet_module.TestSuribetDagstaten" name="test_get_dagstaten" time="0.038" /><testcase classname="backend.tests.test_suribet_module.TestSuribetDagstaten" name="test_create_dagstaat" time="0.039" /><testcase classname="backend.tests.test_suribet_module.TestSuribetDagstaten" name="test_delete_dagstaat" time="0.038" /><testcase classname="backend.tests.test_suribet_module.TestSuribetDagstaten" name="test_cleanup_machine" time="0.073" /></testsuite></testsuites>