<?xml version="1.0" encoding="utf-8"?><testsuites name="pytest tests"><testsuite name="pytest" errors="0" failures="1" skipped="0" tests="23" time="4.141" timestamp="2026-01-30T12:52:52.388850+00:00" hostname="agent-env-7ee61f66-f5c2-40b2-a4d4-e926c60f649c"><testcase classname="tests.test_autodealer.TestAutoDealerAuth" name="test_login_success" time="0.323" /><testcase classname="tests.test_autodealer.TestAutoDealerStats" name="test_get_stats" time="0.345" /><testcase classname="tests.test_autodealer.TestAutoDealerStats" name="test_stats_unauthorized" time="0.037"><failure message="assert 403 == 401&#10; +  where 403 = &lt;Response [403]&gt;.status_code">tests/test_autodealer.py:97: in test_stats_unauthorized
    assert response.status_code == 401
E   assert 403 == 401
E    +  where 403 = &lt;Response [403]&gt;.status_code</failure></testcase><testcase classname="tests.test_autodealer.TestAutoDealerVehicles" name="test_create_vehicle" time="0.349" /><testcase classname="tests.test_autodealer.TestAutoDealerVehicles" name="test_get_vehicles" time="0.041" /><testcase classname="tests.test_autodealer.TestAutoDealerVehicles" name="test_get_vehicle_by_id" time="0.128" /><testcase classname="tests.test_autodealer.TestAutoDealerVehicles" name="test_update_vehicle" time="0.044" /><testcase classname="tests.test_autodealer.TestAutoDealerVehicles" name="test_get_vehicles_by_status" time="0.043" /><testcase classname="tests.test_autodealer.TestAutoDealerVehicles" name="test_vehicle_not_found" time="0.097" /><testcase classname="tests.test_autodealer.TestAutoDealerCustomers" name="test_create_customer" time="0.377" /><testcase classname="tests.test_autodealer.TestAutoDealerCustomers" name="test_create_business_customer" time="0.124" /><testcase classname="tests.test_autodealer.TestAutoDealerCustomers" name="test_get_customers" time="0.045" /><testcase classname="tests.test_autodealer.TestAutoDealerCustomers" name="test_get_customer_by_id" time="0.080" /><testcase classname="tests.test_autodealer.TestAutoDealerCustomers" name="test_update_customer" time="0.040" /><testcase classname="tests.test_autodealer.TestAutoDealerCustomers" name="test_search_customers" time="0.042" /><testcase classname="tests.test_autodealer.TestAutoDealerCustomers" name="test_customer_not_found" time="0.079" /><testcase classname="tests.test_autodealer.TestAutoDealerSales" name="test_create_sale" time="0.501" /><testcase classname="tests.test_autodealer.TestAutoDealerSales" name="test_get_sales" time="0.043" /><testcase classname="tests.test_autodealer.TestAutoDealerSales" name="test_sale_vehicle_not_found" time="0.043" /><testcase classname="tests.test_autodealer.TestAutoDealerSales" name="test_sale_customer_not_found" time="0.204" /><testcase classname="tests.test_autodealer.TestAutoDealerMultiCurrency" name="test_vehicle_multi_currency_prices" time="0.337" /><testcase classname="tests.test_autodealer.TestAutoDealerMultiCurrency" name="test_stats_multi_currency_revenue" time="0.050" /><testcase classname="tests.test_autodealer.TestAutoDealerDeleteConstraints" name="test_cannot_delete_sold_vehicle" time="0.510" /></testsuite></testsuites>