<?xml version="1.0" encoding="utf-8"?><testsuites name="pytest tests"><testsuite name="pytest" errors="0" failures="0" skipped="0" tests="11" time="6.043" timestamp="2026-03-24T13:05:07.852173+00:00" hostname="agent-env-13faffe8-503b-4d20-a2f3-2768f70755d4"><testcase classname="backend.tests.test_whatsapp_history.TestWhatsAppHistory" name="test_login_success" time="0.778" /><testcase classname="backend.tests.test_whatsapp_history.TestWhatsAppHistory" name="test_whatsapp_history_endpoint_returns_200" time="0.472" /><testcase classname="backend.tests.test_whatsapp_history.TestWhatsAppHistory" name="test_whatsapp_history_returns_array" time="0.466" /><testcase classname="backend.tests.test_whatsapp_history.TestWhatsAppHistory" name="test_whatsapp_history_message_fields" time="0.544" /><testcase classname="backend.tests.test_whatsapp_history.TestWhatsAppHistory" name="test_whatsapp_history_message_types" time="0.465" /><testcase classname="backend.tests.test_whatsapp_history.TestWhatsAppHistory" name="test_whatsapp_history_status_values" time="0.564" /><testcase classname="backend.tests.test_whatsapp_history.TestWhatsAppHistory" name="test_whatsapp_history_sorted_by_date" time="0.445" /><testcase classname="backend.tests.test_whatsapp_history.TestWhatsAppHistory" name="test_whatsapp_history_company_filter" time="0.468" /><testcase classname="backend.tests.test_whatsapp_history.TestWhatsAppHistory" name="test_whatsapp_history_unauthorized" time="0.481" /><testcase classname="backend.tests.test_whatsapp_history.TestWhatsAppHistory" name="test_whatsapp_history_invalid_token" time="0.519" /><testcase classname="backend.tests.test_whatsapp_history.TestAdminDashboardAccess" name="test_login_and_access_admin" time="0.735" /></testsuite></testsuites>