<?xml version="1.0" encoding="utf-8"?><testsuites name="pytest tests"><testsuite name="pytest" errors="12" failures="2" skipped="0" tests="14" time="2.201" timestamp="2026-02-03T23:35:32.302700+00:00" hostname="agent-env-664231ed-8f5c-44e7-bd04-b30852bcced7"><testcase classname="backend.tests.test_domain_management.TestDomainManagementAuth" name="test_login_superadmin" time="0.384"><error message="failed on setup with &quot;AssertionError: No token in response&#10;assert 'token' in {'access_token': 'eyJhbGciOiJIUzI1NiIsInR5cCI6IkpXVCJ9.eyJ1c2VyX2lkIjoiYjExMjAxOTctZThhOC00YTUzLWFhNzctY2U0YWUyZWYzMWUzIiwiZW1haWwiOiJhZG1pbkBmYWN0dXJhdGllLnNyIiwiZXhwIjoxNzcwMjQ4MTMyfQ.PWLAe9rreadoVQdAnV59SYoRaWQiWkQdJUNbVWfIzw0', 'token_type': 'bearer', 'user': {'company_name': None, 'created_at': '2026-02-03T00:59:29.900519+00:00', 'email': 'admin@facturatie.sr', 'id': 'b1120197-e8a8-4a53-aa77-ce4ae2ef31e3', ...}}&quot;">backend/tests/test_domain_management.py:35: in auth_token
    assert "token" in data, "No token in response"
E   AssertionError: No token in response
E   assert 'token' in {'access_token': 'eyJhbGciOiJIUzI1NiIsInR5cCI6IkpXVCJ9.eyJ1c2VyX2lkIjoiYjExMjAxOTctZThhOC00YTUzLWFhNzctY2U0YWUyZWYzMWUzIiwiZW1haWwiOiJhZG1pbkBmYWN0dXJhdGllLnNyIiwiZXhwIjoxNzcwMjQ4MTMyfQ.PWLAe9rreadoVQdAnV59SYoRaWQiWkQdJUNbVWfIzw0', 'token_type': 'bearer', 'user': {'company_name': None, 'created_at': '2026-02-03T00:59:29.900519+00:00', 'email': 'admin@facturatie.sr', 'id': 'b1120197-e8a8-4a53-aa77-ce4ae2ef31e3', ...}}</error></testcase><testcase classname="backend.tests.test_domain_management.TestDomainStatusEndpoint" name="test_get_domain_status_success" time="0.257"><error message="failed on setup with &quot;KeyError: 'token'&quot;">backend/tests/test_domain_management.py:55: in auth_token
    return response.json()["token"]
           ^^^^^^^^^^^^^^^^^^^^^^^^
E   KeyError: 'token'</error></testcase><testcase classname="backend.tests.test_domain_management.TestDomainStatusEndpoint" name="test_get_domain_status_unauthorized" time="0.035"><failure message="assert 403 == 401&#10; +  where 403 = &lt;Response [403]&gt;.status_code">backend/tests/test_domain_management.py:81: in test_get_domain_status_unauthorized
    assert response.status_code == 401
E   assert 403 == 401
E    +  where 403 = &lt;Response [403]&gt;.status_code</failure></testcase><testcase classname="backend.tests.test_domain_management.TestCustomersEndpoint" name="test_get_customers_success" time="0.257"><error message="failed on setup with &quot;KeyError: 'token'&quot;">backend/tests/test_domain_management.py:95: in auth_token
    return response.json()["token"]
           ^^^^^^^^^^^^^^^^^^^^^^^^
E   KeyError: 'token'</error></testcase><testcase classname="backend.tests.test_domain_management.TestAutomatedDomainSetup" name="test_setup_automated_missing_fields" time="0.261"><error message="failed on setup with &quot;KeyError: 'token'&quot;">backend/tests/test_domain_management.py:126: in auth_token
    return response.json()["token"]
           ^^^^^^^^^^^^^^^^^^^^^^^^
E   KeyError: 'token'</error></testcase><testcase classname="backend.tests.test_domain_management.TestAutomatedDomainSetup" name="test_setup_automated_invalid_user" time="0.000"><error message="failed on setup with &quot;KeyError: 'token'&quot;">backend/tests/test_domain_management.py:126: in auth_token
    return response.json()["token"]
           ^^^^^^^^^^^^^^^^^^^^^^^^
E   KeyError: 'token'</error></testcase><testcase classname="backend.tests.test_domain_management.TestAutomatedDomainSetup" name="test_setup_automated_invalid_domain" time="0.000"><error message="failed on setup with &quot;KeyError: 'token'&quot;">backend/tests/test_domain_management.py:126: in auth_token
    return response.json()["token"]
           ^^^^^^^^^^^^^^^^^^^^^^^^
E   KeyError: 'token'</error></testcase><testcase classname="backend.tests.test_domain_management.TestAutomatedDomainSetup" name="test_setup_automated_success" time="0.000"><error message="failed on setup with &quot;KeyError: 'token'&quot;">backend/tests/test_domain_management.py:126: in auth_token
    return response.json()["token"]
           ^^^^^^^^^^^^^^^^^^^^^^^^
E   KeyError: 'token'</error></testcase><testcase classname="backend.tests.test_domain_management.TestAutomatedDomainSetup" name="test_setup_automated_unauthorized" time="0.037"><failure message="assert 403 == 401&#10; +  where 403 = &lt;Response [403]&gt;.status_code">backend/tests/test_domain_management.py:235: in test_setup_automated_unauthorized
    assert response.status_code == 401
E   assert 403 == 401
E    +  where 403 = &lt;Response [403]&gt;.status_code</failure></testcase><testcase classname="backend.tests.test_domain_management.TestDNSVerification" name="test_verify_dns_invalid_workspace" time="0.258"><error message="failed on setup with &quot;KeyError: 'token'&quot;">backend/tests/test_domain_management.py:249: in auth_token
    return response.json()["token"]
           ^^^^^^^^^^^^^^^^^^^^^^^^
E   KeyError: 'token'</error></testcase><testcase classname="backend.tests.test_domain_management.TestDNSVerification" name="test_verify_dns_success" time="0.000"><error message="failed on setup with &quot;KeyError: 'token'&quot;">backend/tests/test_domain_management.py:249: in auth_token
    return response.json()["token"]
           ^^^^^^^^^^^^^^^^^^^^^^^^
E   KeyError: 'token'</error></testcase><testcase classname="backend.tests.test_domain_management.TestNginxConfigPreview" name="test_nginx_preview_invalid_workspace" time="0.261"><error message="failed on setup with &quot;KeyError: 'token'&quot;">backend/tests/test_domain_management.py:301: in auth_token
    return response.json()["token"]
           ^^^^^^^^^^^^^^^^^^^^^^^^
E   KeyError: 'token'</error></testcase><testcase classname="backend.tests.test_domain_management.TestNginxConfigPreview" name="test_nginx_preview_success" time="0.000"><error message="failed on setup with &quot;KeyError: 'token'&quot;">backend/tests/test_domain_management.py:301: in auth_token
    return response.json()["token"]
           ^^^^^^^^^^^^^^^^^^^^^^^^
E   KeyError: 'token'</error></testcase><testcase classname="backend.tests.test_domain_management.TestAdminDomainsEndpoint" name="test_admin_domains_success" time="0.260"><error message="failed on setup with &quot;KeyError: 'token'&quot;">backend/tests/test_domain_management.py:356: in auth_token
    return response.json()["token"]
           ^^^^^^^^^^^^^^^^^^^^^^^^
E   KeyError: 'token'</error></testcase></testsuite></testsuites>