<?xml version="1.0" encoding="utf-8"?><testsuites name="pytest tests"><testsuite name="pytest" errors="0" failures="0" skipped="0" tests="21" time="9.748" timestamp="2026-02-28T02:42:18.782666+00:00" hostname="agent-env-e373affa-c835-4541-8d4c-d5a8db9dc459"><testcase classname="backend.tests.test_boekhouding_iteration54.TestAuthentication" name="test_login_success" time="0.458" /><testcase classname="backend.tests.test_boekhouding_iteration54.TestDashboard" name="test_dashboard_kpis" time="0.470" /><testcase classname="backend.tests.test_boekhouding_iteration54.TestDashboard" name="test_dashboard_charts" time="0.446" /><testcase classname="backend.tests.test_boekhouding_iteration54.TestLogoUpload" name="test_upload_image_endpoint_exists" time="0.441" /><testcase classname="backend.tests.test_boekhouding_iteration54.TestLogoUpload" name="test_upload_invalid_file_type" time="0.455" /><testcase classname="backend.tests.test_boekhouding_iteration54.TestInstellingen" name="test_get_instellingen" time="0.440" /><testcase classname="backend.tests.test_boekhouding_iteration54.TestInstellingen" name="test_update_instellingen" time="0.439" /><testcase classname="backend.tests.test_boekhouding_iteration54.TestBedrijven" name="test_get_bedrijven" time="0.435" /><testcase classname="backend.tests.test_boekhouding_iteration54.TestBedrijven" name="test_get_actief_bedrijf" time="0.446" /><testcase classname="backend.tests.test_boekhouding_iteration54.TestVerkoopfacturen" name="test_get_verkoopfacturen" time="0.462" /><testcase classname="backend.tests.test_boekhouding_iteration54.TestVerkoopfacturen" name="test_get_debiteuren" time="0.495" /><testcase classname="backend.tests.test_boekhouding_iteration54.TestInkoopfacturen" name="test_get_inkoopfacturen" time="0.470" /><testcase classname="backend.tests.test_boekhouding_iteration54.TestInkoopfacturen" name="test_get_crediteuren" time="0.444" /><testcase classname="backend.tests.test_boekhouding_iteration54.TestRapportages" name="test_balans_report" time="0.447" /><testcase classname="backend.tests.test_boekhouding_iteration54.TestRapportages" name="test_winst_verlies_report" time="0.495" /><testcase classname="backend.tests.test_boekhouding_iteration54.TestRapportages" name="test_btw_report" time="0.498" /><testcase classname="backend.tests.test_boekhouding_iteration54.TestRapportages" name="test_ouderdom_debiteuren" time="0.512" /><testcase classname="backend.tests.test_boekhouding_iteration54.TestGrootboek" name="test_get_rekeningen" time="0.464" /><testcase classname="backend.tests.test_boekhouding_iteration54.TestGrootboek" name="test_get_journaalposten" time="0.484" /><testcase classname="backend.tests.test_boekhouding_iteration54.TestBTW" name="test_get_btw_codes" time="0.426" /><testcase classname="backend.tests.test_boekhouding_iteration54.TestArtikelen" name="test_get_artikelen" time="0.452" /></testsuite></testsuites>