<?xml version="1.0" encoding="utf-8"?><testsuites name="pytest tests"><testsuite name="pytest" errors="0" failures="0" skipped="0" tests="7" time="11.065" timestamp="2026-02-25T08:10:07.271549+00:00" hostname="agent-env-1b1366f9-6bc2-4ded-9e3b-4b771d58fd20"><testcase classname="backend.tests.test_stock_reservation_mutation.TestStockReservation" name="test_bevestigd_reserves_stock" time="1.795" /><testcase classname="backend.tests.test_stock_reservation_mutation.TestStockReservation" name="test_geleverd_decreases_stock_and_creates_mutatie" time="1.694" /><testcase classname="backend.tests.test_stock_reservation_mutation.TestStockReservation" name="test_geannuleerd_releases_reserved_stock" time="1.581" /><testcase classname="backend.tests.test_stock_reservation_mutation.TestStockReservation" name="test_insufficient_stock_error" time="1.507" /><testcase classname="backend.tests.test_stock_reservation_mutation.TestGoederenontvangst" name="test_goederenontvangst_increases_stock" time="1.486" /><testcase classname="backend.tests.test_stock_reservation_mutation.TestGoederenontvangst" name="test_goederenontvangst_creates_grootboek_boeking" time="1.386" /><testcase classname="backend.tests.test_stock_reservation_mutation.TestVerkooporderDeliveryGrootboek" name="test_delivery_creates_grootboek_boeking" time="1.533" /></testsuite></testsuites>