<?xml version="1.0" encoding="utf-8"?><testsuites name="pytest tests"><testsuite name="pytest" errors="0" failures="0" skipped="0" tests="23" time="4.308" timestamp="2026-01-27T12:42:14.393131+00:00" hostname="agent-env-11e9c828-4815-4c68-8f49-7f70c9bd3c5d"><testcase classname="backend.tests.test_erp_comprehensive.TestHealthAndPublicEndpoints" name="test_landing_settings" time="0.085" /><testcase classname="backend.tests.test_erp_comprehensive.TestHealthAndPublicEndpoints" name="test_public_addons" time="0.036" /><testcase classname="backend.tests.test_erp_comprehensive.TestHealthAndPublicEndpoints" name="test_public_landing_sections" time="0.037" /><testcase classname="backend.tests.test_erp_comprehensive.TestAdminAuthentication" name="test_admin_login_success" time="0.298" /><testcase classname="backend.tests.test_erp_comprehensive.TestAdminAuthentication" name="test_admin_login_invalid_credentials" time="0.260" /><testcase classname="backend.tests.test_erp_comprehensive.TestAdminAuthentication" name="test_get_current_user" time="0.302" /><testcase classname="backend.tests.test_erp_comprehensive.TestCMSFunctionality" name="test_get_cms_pages" time="0.291" /><testcase classname="backend.tests.test_erp_comprehensive.TestCMSFunctionality" name="test_get_landing_sections" time="0.299" /><testcase classname="backend.tests.test_erp_comprehensive.TestCMSFunctionality" name="test_update_landing_section" time="0.331" /><testcase classname="backend.tests.test_erp_comprehensive.TestModuleOrdering" name="test_create_order_with_account" time="0.331" /><testcase classname="backend.tests.test_erp_comprehensive.TestModuleOrdering" name="test_order_validation_duplicate_email" time="0.038" /><testcase classname="backend.tests.test_erp_comprehensive.TestAdminDashboard" name="test_admin_dashboard_stats" time="0.290" /><testcase classname="backend.tests.test_erp_comprehensive.TestAdminDashboard" name="test_admin_customers_list" time="0.307" /><testcase classname="backend.tests.test_erp_comprehensive.TestAdminDashboard" name="test_admin_addon_requests" time="0.305" /><testcase classname="backend.tests.test_erp_comprehensive.TestAdminDashboard" name="test_admin_addons_management" time="0.296" /><testcase classname="backend.tests.test_erp_comprehensive.TestAIChatbot" name="test_chat_endpoint" time="0.040" /><testcase classname="backend.tests.test_erp_comprehensive.TestAIChatbot" name="test_chat_with_auth" time="0.299" /><testcase classname="backend.tests.test_erp_comprehensive.TestPublicPages" name="test_prijzen_page_data" time="0.032" /><testcase classname="backend.tests.test_erp_comprehensive.TestPublicPages" name="test_over_ons_page_data" time="0.067" /><testcase classname="backend.tests.test_erp_comprehensive.TestPublicPages" name="test_voorwaarden_page" time="0.033" /><testcase classname="backend.tests.test_erp_comprehensive.TestPublicPages" name="test_privacy_page" time="0.036" /><testcase classname="backend.tests.test_erp_comprehensive.TestNavigationAndRouting" name="test_cms_menu" time="0.038" /><testcase classname="backend.tests.test_erp_comprehensive.TestNavigationAndRouting" name="test_cms_page_by_slug" time="0.170" /></testsuite></testsuites>