<?xml version="1.0" encoding="utf-8"?><testsuites name="pytest tests"><testsuite name="pytest" errors="0" failures="0" skipped="0" tests="10" time="3.990" timestamp="2026-02-27T18:30:23.698565+00:00" hostname="agent-env-dc4beb3a-5b2a-41db-a00c-55862e21eab4"><testcase classname="backend.tests.test_instellingen_bedrijven_charts.TestAuthentication" name="test_login_success" time="0.633" /><testcase classname="backend.tests.test_instellingen_bedrijven_charts.TestInstellingenAPI" name="test_get_instellingen" time="0.537" /><testcase classname="backend.tests.test_instellingen_bedrijven_charts.TestInstellingenAPI" name="test_update_instellingen_with_smtp" time="0.270" /><testcase classname="backend.tests.test_instellingen_bedrijven_charts.TestBedrijvenAPI" name="test_get_bedrijven_list" time="0.459" /><testcase classname="backend.tests.test_instellingen_bedrijven_charts.TestBedrijvenAPI" name="test_get_actief_bedrijf" time="0.133" /><testcase classname="backend.tests.test_instellingen_bedrijven_charts.TestBedrijvenAPI" name="test_create_bedrijf" time="0.122" /><testcase classname="backend.tests.test_instellingen_bedrijven_charts.TestBedrijvenAPI" name="test_activeer_bedrijf" time="0.455" /><testcase classname="backend.tests.test_instellingen_bedrijven_charts.TestDashboardChartsAPI" name="test_get_dashboard" time="0.496" /><testcase classname="backend.tests.test_instellingen_bedrijven_charts.TestDashboardChartsAPI" name="test_get_dashboard_charts" time="0.160" /><testcase classname="backend.tests.test_instellingen_bedrijven_charts.TestCleanup" name="test_cleanup_test_bedrijven" time="0.638" /></testsuite></testsuites>