<?xml version="1.0" encoding="utf-8"?><testsuites name="pytest tests"><testsuite name="pytest" errors="0" failures="0" skipped="0" tests="10" time="3.256" timestamp="2026-02-03T17:06:47.724972+00:00" hostname="agent-env-6e390c8b-02bd-4ae4-8012-daec6f073431"><testcase classname="backend.tests.test_email_module_requests.TestLoginFunctionality" name="test_login_demo_account" time="0.285" /><testcase classname="backend.tests.test_email_module_requests.TestLoginFunctionality" name="test_login_wrong_password" time="0.260" /><testcase classname="backend.tests.test_email_module_requests.TestVerkoopfacturenAPI" name="test_get_verkoopfacturen" time="0.293" /><testcase classname="backend.tests.test_email_module_requests.TestVerkoopfacturenAPI" name="test_get_debiteuren" time="0.300" /><testcase classname="backend.tests.test_email_module_requests.TestVerkoopfacturenAPI" name="test_create_debiteur_and_factuur" time="0.336" /><testcase classname="backend.tests.test_email_module_requests.TestVerkoopfacturenAPI" name="test_update_factuur_status_to_verstuurd" time="0.405" /><testcase classname="backend.tests.test_email_module_requests.TestVerkoopfacturenAPI" name="test_send_factuur_email_endpoint_exists" time="0.444" /><testcase classname="backend.tests.test_email_module_requests.TestAdminModuleRequests" name="test_get_module_payment_requests_requires_superadmin" time="0.292" /><testcase classname="backend.tests.test_email_module_requests.TestAdminModuleRequests" name="test_admin_dashboard_endpoint" time="0.291" /><testcase classname="backend.tests.test_email_module_requests.TestBoekhoudingDashboard" name="test_boekhouding_dashboard" time="0.297" /></testsuite></testsuites>