<?xml version="1.0" encoding="utf-8"?><testsuites name="pytest tests"><testsuite name="pytest" errors="0" failures="0" skipped="0" tests="12" time="6.759" timestamp="2026-03-24T01:49:08.015832+00:00" hostname="agent-env-ad7e5ed9-1755-46b2-952a-3b78f590c88c"><testcase classname="backend.tests.test_kiosk_leases.TestKioskLeaseAgreements" name="test_01_login_success" time="0.976" /><testcase classname="backend.tests.test_kiosk_leases.TestKioskLeaseAgreements" name="test_02_get_leases_list" time="0.555" /><testcase classname="backend.tests.test_kiosk_leases.TestKioskLeaseAgreements" name="test_03_create_lease" time="0.503" /><testcase classname="backend.tests.test_kiosk_leases.TestKioskLeaseAgreements" name="test_04_verify_lease_in_list" time="0.525" /><testcase classname="backend.tests.test_kiosk_leases.TestKioskLeaseAgreements" name="test_05_update_lease" time="0.488" /><testcase classname="backend.tests.test_kiosk_leases.TestKioskLeaseAgreements" name="test_06_get_lease_document" time="0.539" /><testcase classname="backend.tests.test_kiosk_leases.TestKioskLeaseAgreements" name="test_07_delete_lease" time="0.468" /><testcase classname="backend.tests.test_kiosk_leases.TestKioskLeaseAgreements" name="test_08_verify_lease_deleted" time="0.542" /><testcase classname="backend.tests.test_kiosk_leases.TestKioskLeaseAgreements" name="test_09_create_lease_invalid_tenant" time="0.487" /><testcase classname="backend.tests.test_kiosk_leases.TestKioskLeaseAgreements" name="test_10_create_lease_invalid_apartment" time="0.508" /><testcase classname="backend.tests.test_kiosk_leases.TestKioskLeaseAgreements" name="test_11_document_without_token" time="0.535" /><testcase classname="backend.tests.test_kiosk_leases.TestKioskLeaseAgreements" name="test_12_dashboard_stats" time="0.516" /></testsuite></testsuites>