<?xml version="1.0" encoding="utf-8"?><testsuites name="pytest tests"><testsuite name="pytest" errors="0" failures="0" skipped="0" tests="12" time="3.616" timestamp="2026-01-23T18:10:55.754568+00:00" hostname="agent-env-34e025d7-7d2e-4083-b7e2-c903b85941ff"><testcase classname="tests.test_notifications.TestNotificationsAPI" name="test_notifications_endpoint_returns_200" time="0.353" /><testcase classname="tests.test_notifications.TestNotificationsAPI" name="test_notifications_response_structure" time="0.279" /><testcase classname="tests.test_notifications.TestNotificationsAPI" name="test_notification_item_structure" time="0.280" /><testcase classname="tests.test_notifications.TestNotificationsAPI" name="test_notification_types_are_valid" time="0.282" /><testcase classname="tests.test_notifications.TestNotificationsAPI" name="test_notification_priorities_are_valid" time="0.275" /><testcase classname="tests.test_notifications.TestNotificationsAPI" name="test_notifications_sorted_by_priority" time="0.287" /><testcase classname="tests.test_notifications.TestNotificationsAPI" name="test_high_priority_count_matches" time="0.275" /><testcase classname="tests.test_notifications.TestNotificationsAPI" name="test_total_count_matches" time="0.274" /><testcase classname="tests.test_notifications.TestNotificationsAPI" name="test_notifications_without_auth_returns_401_or_403" time="0.296" /><testcase classname="tests.test_notifications.TestNotificationsAPI" name="test_loan_outstanding_notification_has_amount" time="0.313" /><testcase classname="tests.test_notifications.TestNotificationsAPI" name="test_notification_has_related_info" time="0.314" /><testcase classname="tests.test_notifications.TestNotificationsIntegration" name="test_loan_creates_notification" time="0.277" /></testsuite></testsuites>