<?xml version="1.0" encoding="utf-8"?><testsuites name="pytest tests"><testsuite name="pytest" errors="0" failures="9" skipped="0" tests="9" time="4.142" timestamp="2026-03-02T08:19:58.017100+00:00" hostname="agent-env-93c16b3b-d375-4d7d-90e6-b34f925fe38a"><testcase classname="backend.tests.test_hrm_employees.TestHRMEmployees" name="test_01_get_employees_list" time="0.595"><failure message="AssertionError: Expected 200, got 401: {&quot;detail&quot;:&quot;Ongeldige token&quot;}&#10;assert 401 == 200&#10; +  where 401 = &lt;Response [401]&gt;.status_code">backend/tests/test_hrm_employees.py:41: in test_01_get_employees_list
    assert response.status_code == 200, f"Expected 200, got {response.status_code}: {response.text}"
E   AssertionError: Expected 200, got 401: {"detail":"Ongeldige token"}
E   assert 401 == 200
E    +  where 401 = &lt;Response [401]&gt;.status_code</failure></testcase><testcase classname="backend.tests.test_hrm_employees.TestHRMEmployees" name="test_02_create_employee_with_first_last_name" time="0.434"><failure message="AssertionError: Expected 200, got 401: {&quot;detail&quot;:&quot;Ongeldige token&quot;}&#10;assert 401 == 200&#10; +  where 401 = &lt;Response [401]&gt;.status_code">backend/tests/test_hrm_employees.py:63: in test_02_create_employee_with_first_last_name
    assert response.status_code == 200, f"Expected 200, got {response.status_code}: {response.text}"
E   AssertionError: Expected 200, got 401: {"detail":"Ongeldige token"}
E   assert 401 == 200
E    +  where 401 = &lt;Response [401]&gt;.status_code</failure></testcase><testcase classname="backend.tests.test_hrm_employees.TestHRMEmployees" name="test_03_create_employee_minimal_fields" time="0.416"><failure message="AssertionError: Expected 200, got 401: {&quot;detail&quot;:&quot;Ongeldige token&quot;}&#10;assert 401 == 200&#10; +  where 401 = &lt;Response [401]&gt;.status_code">backend/tests/test_hrm_employees.py:97: in test_03_create_employee_minimal_fields
    assert response.status_code == 200, f"Expected 200, got {response.status_code}: {response.text}"
E   AssertionError: Expected 200, got 401: {"detail":"Ongeldige token"}
E   assert 401 == 200
E    +  where 401 = &lt;Response [401]&gt;.status_code</failure></testcase><testcase classname="backend.tests.test_hrm_employees.TestHRMEmployees" name="test_04_update_employee" time="0.414"><failure message="assert 401 == 200&#10; +  where 401 = &lt;Response [401]&gt;.status_code">backend/tests/test_hrm_employees.py:117: in test_04_update_employee
    assert create_response.status_code == 200
E   assert 401 == 200
E    +  where 401 = &lt;Response [401]&gt;.status_code</failure></testcase><testcase classname="backend.tests.test_hrm_employees.TestHRMEmployees" name="test_05_delete_employee" time="0.402"><failure message="assert 401 == 200&#10; +  where 401 = &lt;Response [401]&gt;.status_code">backend/tests/test_hrm_employees.py:155: in test_05_delete_employee
    assert create_response.status_code == 200
E   assert 401 == 200
E    +  where 401 = &lt;Response [401]&gt;.status_code</failure></testcase><testcase classname="backend.tests.test_hrm_employees.TestHRMEmployees" name="test_06_get_single_employee" time="0.437"><failure message="assert 401 == 200&#10; +  where 401 = &lt;Response [401]&gt;.status_code">backend/tests/test_hrm_employees.py:177: in test_06_get_single_employee
    assert create_response.status_code == 200
E   assert 401 == 200
E    +  where 401 = &lt;Response [401]&gt;.status_code</failure></testcase><testcase classname="backend.tests.test_hrm_employees.TestHRMEmployees" name="test_07_get_nonexistent_employee" time="0.395"><failure message="AssertionError: Expected 404, got 401&#10;assert 401 == 404&#10; +  where 401 = &lt;Response [401]&gt;.status_code">backend/tests/test_hrm_employees.py:200: in test_07_get_nonexistent_employee
    assert response.status_code == 404, f"Expected 404, got {response.status_code}"
E   AssertionError: Expected 404, got 401
E   assert 401 == 404
E    +  where 401 = &lt;Response [401]&gt;.status_code</failure></testcase><testcase classname="backend.tests.test_hrm_employees.TestHRMDepartments" name="test_01_get_departments" time="0.474"><failure message="assert 401 == 200&#10; +  where 401 = &lt;Response [401]&gt;.status_code">backend/tests/test_hrm_employees.py:228: in test_01_get_departments
    assert response.status_code == 200
E   assert 401 == 200
E    +  where 401 = &lt;Response [401]&gt;.status_code</failure></testcase><testcase classname="backend.tests.test_hrm_employees.TestHRMDepartments" name="test_02_create_department" time="0.407"><failure message="assert 401 == 200&#10; +  where 401 = &lt;Response [401]&gt;.status_code">backend/tests/test_hrm_employees.py:241: in test_02_create_department
    assert response.status_code == 200
E   assert 401 == 200
E    +  where 401 = &lt;Response [401]&gt;.status_code</failure></testcase></testsuite></testsuites>