<?xml version="1.0" encoding="utf-8"?><testsuites name="pytest tests"><testsuite name="pytest" errors="0" failures="0" skipped="0" tests="20" time="1.152" timestamp="2026-02-01T05:11:32.407316+00:00" hostname="agent-env-8ac9cfbd-14d8-4447-a5ed-fccf46e87b74"><testcase classname="backend.tests.test_spa_booking_portal.TestSpaBookingPortal" name="test_get_spa_info_success" time="0.079" /><testcase classname="backend.tests.test_spa_booking_portal.TestSpaBookingPortal" name="test_get_spa_info_not_found" time="0.040" /><testcase classname="backend.tests.test_spa_booking_portal.TestSpaBookingPortal" name="test_get_treatments_success" time="0.048" /><testcase classname="backend.tests.test_spa_booking_portal.TestSpaBookingPortal" name="test_get_treatments_by_category" time="0.036" /><testcase classname="backend.tests.test_spa_booking_portal.TestSpaBookingPortal" name="test_get_staff_success" time="0.041" /><testcase classname="backend.tests.test_spa_booking_portal.TestSpaBookingPortal" name="test_get_staff_by_treatment" time="0.075" /><testcase classname="backend.tests.test_spa_booking_portal.TestSpaBookingPortal" name="test_get_availability_success" time="0.037" /><testcase classname="backend.tests.test_spa_booking_portal.TestSpaBookingPortal" name="test_get_availability_with_treatment" time="0.079" /><testcase classname="backend.tests.test_spa_booking_portal.TestSpaBookingPortal" name="test_create_booking_success" time="0.086" /><testcase classname="backend.tests.test_spa_booking_portal.TestSpaBookingPortal" name="test_create_booking_invalid_treatment" time="0.039" /><testcase classname="backend.tests.test_spa_booking_portal.TestSpaBookingPortal" name="test_create_booking_missing_required_fields" time="0.037" /><testcase classname="backend.tests.test_spa_booking_portal.TestSpaBookingPortal" name="test_get_booking_success" time="0.036" /><testcase classname="backend.tests.test_spa_booking_portal.TestSpaBookingPortal" name="test_get_booking_not_found" time="0.037" /><testcase classname="backend.tests.test_spa_booking_portal.TestSpaBookingPortal" name="test_cancel_booking_wrong_phone" time="0.043" /><testcase classname="backend.tests.test_spa_booking_portal.TestSpaBookingPortal" name="test_cancel_booking_success" time="0.039" /><testcase classname="backend.tests.test_spa_booking_portal.TestSpaBookingPortal" name="test_cancel_booking_already_cancelled" time="0.039" /><testcase classname="backend.tests.test_spa_booking_portal.TestSpaBookingPortal" name="test_cancel_booking_not_found" time="0.037" /><testcase classname="backend.tests.test_spa_booking_portal.TestSpaBookingEdgeCases" name="test_availability_past_date" time="0.040" /><testcase classname="backend.tests.test_spa_booking_portal.TestSpaBookingEdgeCases" name="test_treatments_empty_category" time="0.035" /><testcase classname="backend.tests.test_spa_booking_portal.TestSpaBookingEdgeCases" name="test_booking_with_optional_fields" time="0.113" /></testsuite></testsuites>