<?xml version="1.0" encoding="utf-8"?><testsuites name="pytest tests"><testsuite name="pytest" errors="0" failures="0" skipped="0" tests="17" time="2.176" timestamp="2026-01-25T23:36:02.153678+00:00" hostname="agent-env-a624440f-90d3-452f-9223-3d2388940f56"><testcase classname="backend.tests.test_cms_website_beheer.TestPublicCMSEndpoints" name="test_get_public_menu" time="0.072" /><testcase classname="backend.tests.test_cms_website_beheer.TestPublicCMSEndpoints" name="test_get_public_home_page" time="0.038" /><testcase classname="backend.tests.test_cms_website_beheer.TestPublicCMSEndpoints" name="test_get_public_over_ons_page" time="0.038" /><testcase classname="backend.tests.test_cms_website_beheer.TestPublicCMSEndpoints" name="test_get_public_contact_page" time="0.036" /><testcase classname="backend.tests.test_cms_website_beheer.TestPublicCMSEndpoints" name="test_get_public_footer" time="0.037" /><testcase classname="backend.tests.test_cms_website_beheer.TestPublicCMSEndpoints" name="test_get_nonexistent_page_returns_404" time="0.036" /><testcase classname="backend.tests.test_cms_website_beheer.TestAdminCMSEndpoints" name="test_get_cms_pages_list" time="0.298" /><testcase classname="backend.tests.test_cms_website_beheer.TestAdminCMSEndpoints" name="test_get_cms_footer" time="0.302" /><testcase classname="backend.tests.test_cms_website_beheer.TestAdminCMSEndpoints" name="test_get_landing_settings" time="0.379" /><testcase classname="backend.tests.test_cms_website_beheer.TestAdminCMSEndpoints" name="test_update_cms_page" time="0.335" /><testcase classname="backend.tests.test_cms_website_beheer.TestAdminCMSEndpoints" name="test_cms_pages_require_auth" time="0.034" /><testcase classname="backend.tests.test_cms_website_beheer.TestAdminCMSEndpoints" name="test_update_footer" time="0.332" /><testcase classname="backend.tests.test_cms_website_beheer.TestCMSDataIntegrity" name="test_home_page_has_hero_section" time="0.038" /><testcase classname="backend.tests.test_cms_website_beheer.TestCMSDataIntegrity" name="test_home_page_has_features_section" time="0.035" /><testcase classname="backend.tests.test_cms_website_beheer.TestCMSDataIntegrity" name="test_home_page_has_cta_section" time="0.035" /><testcase classname="backend.tests.test_cms_website_beheer.TestCMSDataIntegrity" name="test_menu_items_have_correct_links" time="0.038" /><testcase classname="backend.tests.test_cms_website_beheer.TestCMSDataIntegrity" name="test_footer_columns_have_links" time="0.037" /></testsuite></testsuites>