<?xml version="1.0" encoding="utf-8"?><testsuites name="pytest tests"><testsuite name="pytest" errors="0" failures="0" skipped="0" tests="7" time="3.429" timestamp="2026-02-28T04:28:06.023086+00:00" hostname="agent-env-d0ccc884-b11e-4fbc-b777-afea11831d0a"><testcase classname="backend.tests.test_barcode_voorraad.TestBarcodeVoorraad" name="test_01_create_product_with_barcode" time="0.476" /><testcase classname="backend.tests.test_barcode_voorraad.TestBarcodeVoorraad" name="test_02_create_product_without_barcode" time="0.479" /><testcase classname="backend.tests.test_barcode_voorraad.TestBarcodeVoorraad" name="test_03_update_product_add_barcode" time="0.547" /><testcase classname="backend.tests.test_barcode_voorraad.TestBarcodeVoorraad" name="test_04_update_product_change_barcode" time="0.537" /><testcase classname="backend.tests.test_barcode_voorraad.TestBarcodeVoorraad" name="test_05_get_products_includes_barcode" time="0.395" /><testcase classname="backend.tests.test_barcode_voorraad.TestBarcodeVoorraad" name="test_06_pos_scanner_find_by_barcode" time="0.495" /><testcase classname="backend.tests.test_barcode_voorraad.TestBarcodeVoorraad" name="test_07_barcode_field_in_artikelcreate_model" time="0.436" /></testsuite></testsuites>