<?xml version="1.0" encoding="utf-8"?><testsuites name="pytest tests"><testsuite name="pytest" errors="0" failures="0" skipped="0" tests="10" time="17.202" timestamp="2026-03-30T01:06:31.964932+00:00" hostname="agent-env-a7c620a3-b812-4d2f-9836-d9c50152fafb"><testcase classname="backend.tests.test_kiosk_notifications.TestKioskNotifications" name="test_01_shelly_on_notification" time="5.484" /><testcase classname="backend.tests.test_kiosk_notifications.TestKioskNotifications" name="test_02_shelly_off_notification" time="5.514" /><testcase classname="backend.tests.test_kiosk_notifications.TestKioskNotifications" name="test_03_salary_payment_notification" time="0.624" /><testcase classname="backend.tests.test_kiosk_notifications.TestKioskNotifications" name="test_04_payment_receipt_notification" time="0.604" /><testcase classname="backend.tests.test_kiosk_notifications.TestKioskNotifications" name="test_05_rent_updated_notification" time="0.846" /><testcase classname="backend.tests.test_kiosk_notifications.TestKioskNotifications" name="test_06_lease_created_notification" time="0.636" /><testcase classname="backend.tests.test_kiosk_notifications.TestKioskNotifications" name="test_07_apply_fines_notification" time="0.699" /><testcase classname="backend.tests.test_kiosk_notifications.TestKioskNotifications" name="test_08_daily_rent_reminder_notification" time="0.944" /><testcase classname="backend.tests.test_kiosk_notifications.TestKioskNotifications" name="test_09_lease_expiration_warning" time="1.328" /><testcase classname="backend.tests.test_kiosk_notifications.TestKioskNotifications" name="test_10_verify_messages_stored" time="0.468" /></testsuite></testsuites>