<?xml version="1.0" encoding="utf-8"?><testsuites name="pytest tests"><testsuite name="pytest" errors="29" failures="0" skipped="0" tests="29" time="2.221" timestamp="2026-02-05T16:12:55.099609+00:00" hostname="agent-env-6f5555d6-0d88-4466-abc7-31be4401a933"><testcase classname="backend.tests.test_suribet_module.TestSuribetDashboard" name="test_get_dashboard_stats" time="0.327"><error message="failed on setup with &quot;AssertionError: No token in response&#10;assert 'token' in {'access_token': 'eyJhbGciOiJIUzI1NiIsInR5cCI6IkpXVCJ9.eyJ1c2VyX2lkIjoiNDA3ZmRkNGYtYTBmMi00MDAxLWFjYTQtMDc5ZTQ3Mjg2YzAxIiwiZW1haWwiOiJkZW1vQGZhY3R1cmF0aWUuc3IiLCJleHAiOjE3NzAzOTQzNzV9.d9v9XPRSc-asoHce_wToD8w2HwwQhFmen_3gemUKuMg', 'token_type': 'bearer', 'user': {'address': None, 'company_name': 'Demo Bedrijf N.V.', 'created_at': '2026-02-03T00:33:51.802264+00:00', 'email': 'demo@facturatie.sr', ...}}&quot;">backend/tests/test_suribet_module.py:29: in auth_token
    assert "token" in data, "No token in response"
E   AssertionError: No token in response
E   assert 'token' in {'access_token': 'eyJhbGciOiJIUzI1NiIsInR5cCI6IkpXVCJ9.eyJ1c2VyX2lkIjoiNDA3ZmRkNGYtYTBmMi00MDAxLWFjYTQtMDc5ZTQ3Mjg2YzAxIiwiZW1haWwiOiJkZW1vQGZhY3R1cmF0aWUuc3IiLCJleHAiOjE3NzAzOTQzNzV9.d9v9XPRSc-asoHce_wToD8w2HwwQhFmen_3gemUKuMg', 'token_type': 'bearer', 'user': {'address': None, 'company_name': 'Demo Bedrijf N.V.', 'created_at': '2026-02-03T00:33:51.802264+00:00', 'email': 'demo@facturatie.sr', ...}}</error></testcase><testcase classname="backend.tests.test_suribet_module.TestSuribetDashboard" name="test_get_dashboard_stats_with_month_year" time="0.000"><error message="failed on setup with &quot;AssertionError: No token in response&#10;assert 'token' in {'access_token': 'eyJhbGciOiJIUzI1NiIsInR5cCI6IkpXVCJ9.eyJ1c2VyX2lkIjoiNDA3ZmRkNGYtYTBmMi00MDAxLWFjYTQtMDc5ZTQ3Mjg2YzAxIiwiZW1haWwiOiJkZW1vQGZhY3R1cmF0aWUuc3IiLCJleHAiOjE3NzAzOTQzNzV9.d9v9XPRSc-asoHce_wToD8w2HwwQhFmen_3gemUKuMg', 'token_type': 'bearer', 'user': {'address': None, 'company_name': 'Demo Bedrijf N.V.', 'created_at': '2026-02-03T00:33:51.802264+00:00', 'email': 'demo@facturatie.sr', ...}}&quot;">backend/tests/test_suribet_module.py:29: in auth_token
    assert "token" in data, "No token in response"
E   AssertionError: No token in response
E   assert 'token' in {'access_token': 'eyJhbGciOiJIUzI1NiIsInR5cCI6IkpXVCJ9.eyJ1c2VyX2lkIjoiNDA3ZmRkNGYtYTBmMi00MDAxLWFjYTQtMDc5ZTQ3Mjg2YzAxIiwiZW1haWwiOiJkZW1vQGZhY3R1cmF0aWUuc3IiLCJleHAiOjE3NzAzOTQzNzV9.d9v9XPRSc-asoHce_wToD8w2HwwQhFmen_3gemUKuMg', 'token_type': 'bearer', 'user': {'address': None, 'company_name': 'Demo Bedrijf N.V.', 'created_at': '2026-02-03T00:33:51.802264+00:00', 'email': 'demo@facturatie.sr', ...}}</error></testcase><testcase classname="backend.tests.test_suribet_module.TestSuribetWisselkoersen" name="test_get_wisselkoersen" time="0.258"><error message="failed on setup with &quot;AssertionError: No token in response&#10;assert 'token' in {'access_token': 'eyJhbGciOiJIUzI1NiIsInR5cCI6IkpXVCJ9.eyJ1c2VyX2lkIjoiNDA3ZmRkNGYtYTBmMi00MDAxLWFjYTQtMDc5ZTQ3Mjg2YzAxIiwiZW1haWwiOiJkZW1vQGZhY3R1cmF0aWUuc3IiLCJleHAiOjE3NzAzOTQzNzV9.d9v9XPRSc-asoHce_wToD8w2HwwQhFmen_3gemUKuMg', 'token_type': 'bearer', 'user': {'address': None, 'company_name': 'Demo Bedrijf N.V.', 'created_at': '2026-02-03T00:33:51.802264+00:00', 'email': 'demo@facturatie.sr', ...}}&quot;">backend/tests/test_suribet_module.py:29: in auth_token
    assert "token" in data, "No token in response"
E   AssertionError: No token in response
E   assert 'token' in {'access_token': 'eyJhbGciOiJIUzI1NiIsInR5cCI6IkpXVCJ9.eyJ1c2VyX2lkIjoiNDA3ZmRkNGYtYTBmMi00MDAxLWFjYTQtMDc5ZTQ3Mjg2YzAxIiwiZW1haWwiOiJkZW1vQGZhY3R1cmF0aWUuc3IiLCJleHAiOjE3NzAzOTQzNzV9.d9v9XPRSc-asoHce_wToD8w2HwwQhFmen_3gemUKuMg', 'token_type': 'bearer', 'user': {'address': None, 'company_name': 'Demo Bedrijf N.V.', 'created_at': '2026-02-03T00:33:51.802264+00:00', 'email': 'demo@facturatie.sr', ...}}</error></testcase><testcase classname="backend.tests.test_suribet_module.TestSuribetWisselkoersen" name="test_update_wisselkoersen" time="0.000"><error message="failed on setup with &quot;AssertionError: No token in response&#10;assert 'token' in {'access_token': 'eyJhbGciOiJIUzI1NiIsInR5cCI6IkpXVCJ9.eyJ1c2VyX2lkIjoiNDA3ZmRkNGYtYTBmMi00MDAxLWFjYTQtMDc5ZTQ3Mjg2YzAxIiwiZW1haWwiOiJkZW1vQGZhY3R1cmF0aWUuc3IiLCJleHAiOjE3NzAzOTQzNzV9.d9v9XPRSc-asoHce_wToD8w2HwwQhFmen_3gemUKuMg', 'token_type': 'bearer', 'user': {'address': None, 'company_name': 'Demo Bedrijf N.V.', 'created_at': '2026-02-03T00:33:51.802264+00:00', 'email': 'demo@facturatie.sr', ...}}&quot;">backend/tests/test_suribet_module.py:29: in auth_token
    assert "token" in data, "No token in response"
E   AssertionError: No token in response
E   assert 'token' in {'access_token': 'eyJhbGciOiJIUzI1NiIsInR5cCI6IkpXVCJ9.eyJ1c2VyX2lkIjoiNDA3ZmRkNGYtYTBmMi00MDAxLWFjYTQtMDc5ZTQ3Mjg2YzAxIiwiZW1haWwiOiJkZW1vQGZhY3R1cmF0aWUuc3IiLCJleHAiOjE3NzAzOTQzNzV9.d9v9XPRSc-asoHce_wToD8w2HwwQhFmen_3gemUKuMg', 'token_type': 'bearer', 'user': {'address': None, 'company_name': 'Demo Bedrijf N.V.', 'created_at': '2026-02-03T00:33:51.802264+00:00', 'email': 'demo@facturatie.sr', ...}}</error></testcase><testcase classname="backend.tests.test_suribet_module.TestSuribetMachines" name="test_get_machines_empty" time="0.268"><error message="failed on setup with &quot;AssertionError: No token in response&#10;assert 'token' in {'access_token': 'eyJhbGciOiJIUzI1NiIsInR5cCI6IkpXVCJ9.eyJ1c2VyX2lkIjoiNDA3ZmRkNGYtYTBmMi00MDAxLWFjYTQtMDc5ZTQ3Mjg2YzAxIiwiZW1haWwiOiJkZW1vQGZhY3R1cmF0aWUuc3IiLCJleHAiOjE3NzAzOTQzNzZ9.sBba8dbyJNgRURSPL2Dli1m-YdNL7sIJwi3YRzCRzgY', 'token_type': 'bearer', 'user': {'address': None, 'company_name': 'Demo Bedrijf N.V.', 'created_at': '2026-02-03T00:33:51.802264+00:00', 'email': 'demo@facturatie.sr', ...}}&quot;">backend/tests/test_suribet_module.py:29: in auth_token
    assert "token" in data, "No token in response"
E   AssertionError: No token in response
E   assert 'token' in {'access_token': 'eyJhbGciOiJIUzI1NiIsInR5cCI6IkpXVCJ9.eyJ1c2VyX2lkIjoiNDA3ZmRkNGYtYTBmMi00MDAxLWFjYTQtMDc5ZTQ3Mjg2YzAxIiwiZW1haWwiOiJkZW1vQGZhY3R1cmF0aWUuc3IiLCJleHAiOjE3NzAzOTQzNzZ9.sBba8dbyJNgRURSPL2Dli1m-YdNL7sIJwi3YRzCRzgY', 'token_type': 'bearer', 'user': {'address': None, 'company_name': 'Demo Bedrijf N.V.', 'created_at': '2026-02-03T00:33:51.802264+00:00', 'email': 'demo@facturatie.sr', ...}}</error></testcase><testcase classname="backend.tests.test_suribet_module.TestSuribetMachines" name="test_create_machine" time="0.000"><error message="failed on setup with &quot;AssertionError: No token in response&#10;assert 'token' in {'access_token': 'eyJhbGciOiJIUzI1NiIsInR5cCI6IkpXVCJ9.eyJ1c2VyX2lkIjoiNDA3ZmRkNGYtYTBmMi00MDAxLWFjYTQtMDc5ZTQ3Mjg2YzAxIiwiZW1haWwiOiJkZW1vQGZhY3R1cmF0aWUuc3IiLCJleHAiOjE3NzAzOTQzNzZ9.sBba8dbyJNgRURSPL2Dli1m-YdNL7sIJwi3YRzCRzgY', 'token_type': 'bearer', 'user': {'address': None, 'company_name': 'Demo Bedrijf N.V.', 'created_at': '2026-02-03T00:33:51.802264+00:00', 'email': 'demo@facturatie.sr', ...}}&quot;">backend/tests/test_suribet_module.py:29: in auth_token
    assert "token" in data, "No token in response"
E   AssertionError: No token in response
E   assert 'token' in {'access_token': 'eyJhbGciOiJIUzI1NiIsInR5cCI6IkpXVCJ9.eyJ1c2VyX2lkIjoiNDA3ZmRkNGYtYTBmMi00MDAxLWFjYTQtMDc5ZTQ3Mjg2YzAxIiwiZW1haWwiOiJkZW1vQGZhY3R1cmF0aWUuc3IiLCJleHAiOjE3NzAzOTQzNzZ9.sBba8dbyJNgRURSPL2Dli1m-YdNL7sIJwi3YRzCRzgY', 'token_type': 'bearer', 'user': {'address': None, 'company_name': 'Demo Bedrijf N.V.', 'created_at': '2026-02-03T00:33:51.802264+00:00', 'email': 'demo@facturatie.sr', ...}}</error></testcase><testcase classname="backend.tests.test_suribet_module.TestSuribetMachines" name="test_get_machines_after_create" time="0.000"><error message="failed on setup with &quot;AssertionError: No token in response&#10;assert 'token' in {'access_token': 'eyJhbGciOiJIUzI1NiIsInR5cCI6IkpXVCJ9.eyJ1c2VyX2lkIjoiNDA3ZmRkNGYtYTBmMi00MDAxLWFjYTQtMDc5ZTQ3Mjg2YzAxIiwiZW1haWwiOiJkZW1vQGZhY3R1cmF0aWUuc3IiLCJleHAiOjE3NzAzOTQzNzZ9.sBba8dbyJNgRURSPL2Dli1m-YdNL7sIJwi3YRzCRzgY', 'token_type': 'bearer', 'user': {'address': None, 'company_name': 'Demo Bedrijf N.V.', 'created_at': '2026-02-03T00:33:51.802264+00:00', 'email': 'demo@facturatie.sr', ...}}&quot;">backend/tests/test_suribet_module.py:29: in auth_token
    assert "token" in data, "No token in response"
E   AssertionError: No token in response
E   assert 'token' in {'access_token': 'eyJhbGciOiJIUzI1NiIsInR5cCI6IkpXVCJ9.eyJ1c2VyX2lkIjoiNDA3ZmRkNGYtYTBmMi00MDAxLWFjYTQtMDc5ZTQ3Mjg2YzAxIiwiZW1haWwiOiJkZW1vQGZhY3R1cmF0aWUuc3IiLCJleHAiOjE3NzAzOTQzNzZ9.sBba8dbyJNgRURSPL2Dli1m-YdNL7sIJwi3YRzCRzgY', 'token_type': 'bearer', 'user': {'address': None, 'company_name': 'Demo Bedrijf N.V.', 'created_at': '2026-02-03T00:33:51.802264+00:00', 'email': 'demo@facturatie.sr', ...}}</error></testcase><testcase classname="backend.tests.test_suribet_module.TestSuribetMachines" name="test_update_machine" time="0.000"><error message="failed on setup with &quot;AssertionError: No token in response&#10;assert 'token' in {'access_token': 'eyJhbGciOiJIUzI1NiIsInR5cCI6IkpXVCJ9.eyJ1c2VyX2lkIjoiNDA3ZmRkNGYtYTBmMi00MDAxLWFjYTQtMDc5ZTQ3Mjg2YzAxIiwiZW1haWwiOiJkZW1vQGZhY3R1cmF0aWUuc3IiLCJleHAiOjE3NzAzOTQzNzZ9.sBba8dbyJNgRURSPL2Dli1m-YdNL7sIJwi3YRzCRzgY', 'token_type': 'bearer', 'user': {'address': None, 'company_name': 'Demo Bedrijf N.V.', 'created_at': '2026-02-03T00:33:51.802264+00:00', 'email': 'demo@facturatie.sr', ...}}&quot;">backend/tests/test_suribet_module.py:29: in auth_token
    assert "token" in data, "No token in response"
E   AssertionError: No token in response
E   assert 'token' in {'access_token': 'eyJhbGciOiJIUzI1NiIsInR5cCI6IkpXVCJ9.eyJ1c2VyX2lkIjoiNDA3ZmRkNGYtYTBmMi00MDAxLWFjYTQtMDc5ZTQ3Mjg2YzAxIiwiZW1haWwiOiJkZW1vQGZhY3R1cmF0aWUuc3IiLCJleHAiOjE3NzAzOTQzNzZ9.sBba8dbyJNgRURSPL2Dli1m-YdNL7sIJwi3YRzCRzgY', 'token_type': 'bearer', 'user': {'address': None, 'company_name': 'Demo Bedrijf N.V.', 'created_at': '2026-02-03T00:33:51.802264+00:00', 'email': 'demo@facturatie.sr', ...}}</error></testcase><testcase classname="backend.tests.test_suribet_module.TestSuribetMachines" name="test_delete_machine" time="0.000"><error message="failed on setup with &quot;AssertionError: No token in response&#10;assert 'token' in {'access_token': 'eyJhbGciOiJIUzI1NiIsInR5cCI6IkpXVCJ9.eyJ1c2VyX2lkIjoiNDA3ZmRkNGYtYTBmMi00MDAxLWFjYTQtMDc5ZTQ3Mjg2YzAxIiwiZW1haWwiOiJkZW1vQGZhY3R1cmF0aWUuc3IiLCJleHAiOjE3NzAzOTQzNzZ9.sBba8dbyJNgRURSPL2Dli1m-YdNL7sIJwi3YRzCRzgY', 'token_type': 'bearer', 'user': {'address': None, 'company_name': 'Demo Bedrijf N.V.', 'created_at': '2026-02-03T00:33:51.802264+00:00', 'email': 'demo@facturatie.sr', ...}}&quot;">backend/tests/test_suribet_module.py:29: in auth_token
    assert "token" in data, "No token in response"
E   AssertionError: No token in response
E   assert 'token' in {'access_token': 'eyJhbGciOiJIUzI1NiIsInR5cCI6IkpXVCJ9.eyJ1c2VyX2lkIjoiNDA3ZmRkNGYtYTBmMi00MDAxLWFjYTQtMDc5ZTQ3Mjg2YzAxIiwiZW1haWwiOiJkZW1vQGZhY3R1cmF0aWUuc3IiLCJleHAiOjE3NzAzOTQzNzZ9.sBba8dbyJNgRURSPL2Dli1m-YdNL7sIJwi3YRzCRzgY', 'token_type': 'bearer', 'user': {'address': None, 'company_name': 'Demo Bedrijf N.V.', 'created_at': '2026-02-03T00:33:51.802264+00:00', 'email': 'demo@facturatie.sr', ...}}</error></testcase><testcase classname="backend.tests.test_suribet_module.TestSuribetWerknemers" name="test_get_werknemers" time="0.262"><error message="failed on setup with &quot;AssertionError: No token in response&#10;assert 'token' in {'access_token': 'eyJhbGciOiJIUzI1NiIsInR5cCI6IkpXVCJ9.eyJ1c2VyX2lkIjoiNDA3ZmRkNGYtYTBmMi00MDAxLWFjYTQtMDc5ZTQ3Mjg2YzAxIiwiZW1haWwiOiJkZW1vQGZhY3R1cmF0aWUuc3IiLCJleHAiOjE3NzAzOTQzNzZ9.sBba8dbyJNgRURSPL2Dli1m-YdNL7sIJwi3YRzCRzgY', 'token_type': 'bearer', 'user': {'address': None, 'company_name': 'Demo Bedrijf N.V.', 'created_at': '2026-02-03T00:33:51.802264+00:00', 'email': 'demo@facturatie.sr', ...}}&quot;">backend/tests/test_suribet_module.py:29: in auth_token
    assert "token" in data, "No token in response"
E   AssertionError: No token in response
E   assert 'token' in {'access_token': 'eyJhbGciOiJIUzI1NiIsInR5cCI6IkpXVCJ9.eyJ1c2VyX2lkIjoiNDA3ZmRkNGYtYTBmMi00MDAxLWFjYTQtMDc5ZTQ3Mjg2YzAxIiwiZW1haWwiOiJkZW1vQGZhY3R1cmF0aWUuc3IiLCJleHAiOjE3NzAzOTQzNzZ9.sBba8dbyJNgRURSPL2Dli1m-YdNL7sIJwi3YRzCRzgY', 'token_type': 'bearer', 'user': {'address': None, 'company_name': 'Demo Bedrijf N.V.', 'created_at': '2026-02-03T00:33:51.802264+00:00', 'email': 'demo@facturatie.sr', ...}}</error></testcase><testcase classname="backend.tests.test_suribet_module.TestSuribetWerknemers" name="test_create_werknemer" time="0.000"><error message="failed on setup with &quot;AssertionError: No token in response&#10;assert 'token' in {'access_token': 'eyJhbGciOiJIUzI1NiIsInR5cCI6IkpXVCJ9.eyJ1c2VyX2lkIjoiNDA3ZmRkNGYtYTBmMi00MDAxLWFjYTQtMDc5ZTQ3Mjg2YzAxIiwiZW1haWwiOiJkZW1vQGZhY3R1cmF0aWUuc3IiLCJleHAiOjE3NzAzOTQzNzZ9.sBba8dbyJNgRURSPL2Dli1m-YdNL7sIJwi3YRzCRzgY', 'token_type': 'bearer', 'user': {'address': None, 'company_name': 'Demo Bedrijf N.V.', 'created_at': '2026-02-03T00:33:51.802264+00:00', 'email': 'demo@facturatie.sr', ...}}&quot;">backend/tests/test_suribet_module.py:29: in auth_token
    assert "token" in data, "No token in response"
E   AssertionError: No token in response
E   assert 'token' in {'access_token': 'eyJhbGciOiJIUzI1NiIsInR5cCI6IkpXVCJ9.eyJ1c2VyX2lkIjoiNDA3ZmRkNGYtYTBmMi00MDAxLWFjYTQtMDc5ZTQ3Mjg2YzAxIiwiZW1haWwiOiJkZW1vQGZhY3R1cmF0aWUuc3IiLCJleHAiOjE3NzAzOTQzNzZ9.sBba8dbyJNgRURSPL2Dli1m-YdNL7sIJwi3YRzCRzgY', 'token_type': 'bearer', 'user': {'address': None, 'company_name': 'Demo Bedrijf N.V.', 'created_at': '2026-02-03T00:33:51.802264+00:00', 'email': 'demo@facturatie.sr', ...}}</error></testcase><testcase classname="backend.tests.test_suribet_module.TestSuribetWerknemers" name="test_update_werknemer" time="0.000"><error message="failed on setup with &quot;AssertionError: No token in response&#10;assert 'token' in {'access_token': 'eyJhbGciOiJIUzI1NiIsInR5cCI6IkpXVCJ9.eyJ1c2VyX2lkIjoiNDA3ZmRkNGYtYTBmMi00MDAxLWFjYTQtMDc5ZTQ3Mjg2YzAxIiwiZW1haWwiOiJkZW1vQGZhY3R1cmF0aWUuc3IiLCJleHAiOjE3NzAzOTQzNzZ9.sBba8dbyJNgRURSPL2Dli1m-YdNL7sIJwi3YRzCRzgY', 'token_type': 'bearer', 'user': {'address': None, 'company_name': 'Demo Bedrijf N.V.', 'created_at': '2026-02-03T00:33:51.802264+00:00', 'email': 'demo@facturatie.sr', ...}}&quot;">backend/tests/test_suribet_module.py:29: in auth_token
    assert "token" in data, "No token in response"
E   AssertionError: No token in response
E   assert 'token' in {'access_token': 'eyJhbGciOiJIUzI1NiIsInR5cCI6IkpXVCJ9.eyJ1c2VyX2lkIjoiNDA3ZmRkNGYtYTBmMi00MDAxLWFjYTQtMDc5ZTQ3Mjg2YzAxIiwiZW1haWwiOiJkZW1vQGZhY3R1cmF0aWUuc3IiLCJleHAiOjE3NzAzOTQzNzZ9.sBba8dbyJNgRURSPL2Dli1m-YdNL7sIJwi3YRzCRzgY', 'token_type': 'bearer', 'user': {'address': None, 'company_name': 'Demo Bedrijf N.V.', 'created_at': '2026-02-03T00:33:51.802264+00:00', 'email': 'demo@facturatie.sr', ...}}</error></testcase><testcase classname="backend.tests.test_suribet_module.TestSuribetWerknemers" name="test_delete_werknemer" time="0.000"><error message="failed on setup with &quot;AssertionError: No token in response&#10;assert 'token' in {'access_token': 'eyJhbGciOiJIUzI1NiIsInR5cCI6IkpXVCJ9.eyJ1c2VyX2lkIjoiNDA3ZmRkNGYtYTBmMi00MDAxLWFjYTQtMDc5ZTQ3Mjg2YzAxIiwiZW1haWwiOiJkZW1vQGZhY3R1cmF0aWUuc3IiLCJleHAiOjE3NzAzOTQzNzZ9.sBba8dbyJNgRURSPL2Dli1m-YdNL7sIJwi3YRzCRzgY', 'token_type': 'bearer', 'user': {'address': None, 'company_name': 'Demo Bedrijf N.V.', 'created_at': '2026-02-03T00:33:51.802264+00:00', 'email': 'demo@facturatie.sr', ...}}&quot;">backend/tests/test_suribet_module.py:29: in auth_token
    assert "token" in data, "No token in response"
E   AssertionError: No token in response
E   assert 'token' in {'access_token': 'eyJhbGciOiJIUzI1NiIsInR5cCI6IkpXVCJ9.eyJ1c2VyX2lkIjoiNDA3ZmRkNGYtYTBmMi00MDAxLWFjYTQtMDc5ZTQ3Mjg2YzAxIiwiZW1haWwiOiJkZW1vQGZhY3R1cmF0aWUuc3IiLCJleHAiOjE3NzAzOTQzNzZ9.sBba8dbyJNgRURSPL2Dli1m-YdNL7sIJwi3YRzCRzgY', 'token_type': 'bearer', 'user': {'address': None, 'company_name': 'Demo Bedrijf N.V.', 'created_at': '2026-02-03T00:33:51.802264+00:00', 'email': 'demo@facturatie.sr', ...}}</error></testcase><testcase classname="backend.tests.test_suribet_module.TestSuribetKasboek" name="test_get_kasboek" time="0.268"><error message="failed on setup with &quot;AssertionError: No token in response&#10;assert 'token' in {'access_token': 'eyJhbGciOiJIUzI1NiIsInR5cCI6IkpXVCJ9.eyJ1c2VyX2lkIjoiNDA3ZmRkNGYtYTBmMi00MDAxLWFjYTQtMDc5ZTQ3Mjg2YzAxIiwiZW1haWwiOiJkZW1vQGZhY3R1cmF0aWUuc3IiLCJleHAiOjE3NzAzOTQzNzZ9.sBba8dbyJNgRURSPL2Dli1m-YdNL7sIJwi3YRzCRzgY', 'token_type': 'bearer', 'user': {'address': None, 'company_name': 'Demo Bedrijf N.V.', 'created_at': '2026-02-03T00:33:51.802264+00:00', 'email': 'demo@facturatie.sr', ...}}&quot;">backend/tests/test_suribet_module.py:29: in auth_token
    assert "token" in data, "No token in response"
E   AssertionError: No token in response
E   assert 'token' in {'access_token': 'eyJhbGciOiJIUzI1NiIsInR5cCI6IkpXVCJ9.eyJ1c2VyX2lkIjoiNDA3ZmRkNGYtYTBmMi00MDAxLWFjYTQtMDc5ZTQ3Mjg2YzAxIiwiZW1haWwiOiJkZW1vQGZhY3R1cmF0aWUuc3IiLCJleHAiOjE3NzAzOTQzNzZ9.sBba8dbyJNgRURSPL2Dli1m-YdNL7sIJwi3YRzCRzgY', 'token_type': 'bearer', 'user': {'address': None, 'company_name': 'Demo Bedrijf N.V.', 'created_at': '2026-02-03T00:33:51.802264+00:00', 'email': 'demo@facturatie.sr', ...}}</error></testcase><testcase classname="backend.tests.test_suribet_module.TestSuribetKasboek" name="test_create_kasboek_income" time="0.000"><error message="failed on setup with &quot;AssertionError: No token in response&#10;assert 'token' in {'access_token': 'eyJhbGciOiJIUzI1NiIsInR5cCI6IkpXVCJ9.eyJ1c2VyX2lkIjoiNDA3ZmRkNGYtYTBmMi00MDAxLWFjYTQtMDc5ZTQ3Mjg2YzAxIiwiZW1haWwiOiJkZW1vQGZhY3R1cmF0aWUuc3IiLCJleHAiOjE3NzAzOTQzNzZ9.sBba8dbyJNgRURSPL2Dli1m-YdNL7sIJwi3YRzCRzgY', 'token_type': 'bearer', 'user': {'address': None, 'company_name': 'Demo Bedrijf N.V.', 'created_at': '2026-02-03T00:33:51.802264+00:00', 'email': 'demo@facturatie.sr', ...}}&quot;">backend/tests/test_suribet_module.py:29: in auth_token
    assert "token" in data, "No token in response"
E   AssertionError: No token in response
E   assert 'token' in {'access_token': 'eyJhbGciOiJIUzI1NiIsInR5cCI6IkpXVCJ9.eyJ1c2VyX2lkIjoiNDA3ZmRkNGYtYTBmMi00MDAxLWFjYTQtMDc5ZTQ3Mjg2YzAxIiwiZW1haWwiOiJkZW1vQGZhY3R1cmF0aWUuc3IiLCJleHAiOjE3NzAzOTQzNzZ9.sBba8dbyJNgRURSPL2Dli1m-YdNL7sIJwi3YRzCRzgY', 'token_type': 'bearer', 'user': {'address': None, 'company_name': 'Demo Bedrijf N.V.', 'created_at': '2026-02-03T00:33:51.802264+00:00', 'email': 'demo@facturatie.sr', ...}}</error></testcase><testcase classname="backend.tests.test_suribet_module.TestSuribetKasboek" name="test_create_kasboek_expense" time="0.000"><error message="failed on setup with &quot;AssertionError: No token in response&#10;assert 'token' in {'access_token': 'eyJhbGciOiJIUzI1NiIsInR5cCI6IkpXVCJ9.eyJ1c2VyX2lkIjoiNDA3ZmRkNGYtYTBmMi00MDAxLWFjYTQtMDc5ZTQ3Mjg2YzAxIiwiZW1haWwiOiJkZW1vQGZhY3R1cmF0aWUuc3IiLCJleHAiOjE3NzAzOTQzNzZ9.sBba8dbyJNgRURSPL2Dli1m-YdNL7sIJwi3YRzCRzgY', 'token_type': 'bearer', 'user': {'address': None, 'company_name': 'Demo Bedrijf N.V.', 'created_at': '2026-02-03T00:33:51.802264+00:00', 'email': 'demo@facturatie.sr', ...}}&quot;">backend/tests/test_suribet_module.py:29: in auth_token
    assert "token" in data, "No token in response"
E   AssertionError: No token in response
E   assert 'token' in {'access_token': 'eyJhbGciOiJIUzI1NiIsInR5cCI6IkpXVCJ9.eyJ1c2VyX2lkIjoiNDA3ZmRkNGYtYTBmMi00MDAxLWFjYTQtMDc5ZTQ3Mjg2YzAxIiwiZW1haWwiOiJkZW1vQGZhY3R1cmF0aWUuc3IiLCJleHAiOjE3NzAzOTQzNzZ9.sBba8dbyJNgRURSPL2Dli1m-YdNL7sIJwi3YRzCRzgY', 'token_type': 'bearer', 'user': {'address': None, 'company_name': 'Demo Bedrijf N.V.', 'created_at': '2026-02-03T00:33:51.802264+00:00', 'email': 'demo@facturatie.sr', ...}}</error></testcase><testcase classname="backend.tests.test_suribet_module.TestSuribetKasboek" name="test_get_kasboek_with_filters" time="0.000"><error message="failed on setup with &quot;AssertionError: No token in response&#10;assert 'token' in {'access_token': 'eyJhbGciOiJIUzI1NiIsInR5cCI6IkpXVCJ9.eyJ1c2VyX2lkIjoiNDA3ZmRkNGYtYTBmMi00MDAxLWFjYTQtMDc5ZTQ3Mjg2YzAxIiwiZW1haWwiOiJkZW1vQGZhY3R1cmF0aWUuc3IiLCJleHAiOjE3NzAzOTQzNzZ9.sBba8dbyJNgRURSPL2Dli1m-YdNL7sIJwi3YRzCRzgY', 'token_type': 'bearer', 'user': {'address': None, 'company_name': 'Demo Bedrijf N.V.', 'created_at': '2026-02-03T00:33:51.802264+00:00', 'email': 'demo@facturatie.sr', ...}}&quot;">backend/tests/test_suribet_module.py:29: in auth_token
    assert "token" in data, "No token in response"
E   AssertionError: No token in response
E   assert 'token' in {'access_token': 'eyJhbGciOiJIUzI1NiIsInR5cCI6IkpXVCJ9.eyJ1c2VyX2lkIjoiNDA3ZmRkNGYtYTBmMi00MDAxLWFjYTQtMDc5ZTQ3Mjg2YzAxIiwiZW1haWwiOiJkZW1vQGZhY3R1cmF0aWUuc3IiLCJleHAiOjE3NzAzOTQzNzZ9.sBba8dbyJNgRURSPL2Dli1m-YdNL7sIJwi3YRzCRzgY', 'token_type': 'bearer', 'user': {'address': None, 'company_name': 'Demo Bedrijf N.V.', 'created_at': '2026-02-03T00:33:51.802264+00:00', 'email': 'demo@facturatie.sr', ...}}</error></testcase><testcase classname="backend.tests.test_suribet_module.TestSuribetKasboek" name="test_delete_kasboek_entry" time="0.000"><error message="failed on setup with &quot;AssertionError: No token in response&#10;assert 'token' in {'access_token': 'eyJhbGciOiJIUzI1NiIsInR5cCI6IkpXVCJ9.eyJ1c2VyX2lkIjoiNDA3ZmRkNGYtYTBmMi00MDAxLWFjYTQtMDc5ZTQ3Mjg2YzAxIiwiZW1haWwiOiJkZW1vQGZhY3R1cmF0aWUuc3IiLCJleHAiOjE3NzAzOTQzNzZ9.sBba8dbyJNgRURSPL2Dli1m-YdNL7sIJwi3YRzCRzgY', 'token_type': 'bearer', 'user': {'address': None, 'company_name': 'Demo Bedrijf N.V.', 'created_at': '2026-02-03T00:33:51.802264+00:00', 'email': 'demo@facturatie.sr', ...}}&quot;">backend/tests/test_suribet_module.py:29: in auth_token
    assert "token" in data, "No token in response"
E   AssertionError: No token in response
E   assert 'token' in {'access_token': 'eyJhbGciOiJIUzI1NiIsInR5cCI6IkpXVCJ9.eyJ1c2VyX2lkIjoiNDA3ZmRkNGYtYTBmMi00MDAxLWFjYTQtMDc5ZTQ3Mjg2YzAxIiwiZW1haWwiOiJkZW1vQGZhY3R1cmF0aWUuc3IiLCJleHAiOjE3NzAzOTQzNzZ9.sBba8dbyJNgRURSPL2Dli1m-YdNL7sIJwi3YRzCRzgY', 'token_type': 'bearer', 'user': {'address': None, 'company_name': 'Demo Bedrijf N.V.', 'created_at': '2026-02-03T00:33:51.802264+00:00', 'email': 'demo@facturatie.sr', ...}}</error></testcase><testcase classname="backend.tests.test_suribet_module.TestSuribetLoonbetalingen" name="test_create_werknemer_for_loon" time="0.266"><error message="failed on setup with &quot;AssertionError: No token in response&#10;assert 'token' in {'access_token': 'eyJhbGciOiJIUzI1NiIsInR5cCI6IkpXVCJ9.eyJ1c2VyX2lkIjoiNDA3ZmRkNGYtYTBmMi00MDAxLWFjYTQtMDc5ZTQ3Mjg2YzAxIiwiZW1haWwiOiJkZW1vQGZhY3R1cmF0aWUuc3IiLCJleHAiOjE3NzAzOTQzNzZ9.sBba8dbyJNgRURSPL2Dli1m-YdNL7sIJwi3YRzCRzgY', 'token_type': 'bearer', 'user': {'address': None, 'company_name': 'Demo Bedrijf N.V.', 'created_at': '2026-02-03T00:33:51.802264+00:00', 'email': 'demo@facturatie.sr', ...}}&quot;">backend/tests/test_suribet_module.py:29: in auth_token
    assert "token" in data, "No token in response"
E   AssertionError: No token in response
E   assert 'token' in {'access_token': 'eyJhbGciOiJIUzI1NiIsInR5cCI6IkpXVCJ9.eyJ1c2VyX2lkIjoiNDA3ZmRkNGYtYTBmMi00MDAxLWFjYTQtMDc5ZTQ3Mjg2YzAxIiwiZW1haWwiOiJkZW1vQGZhY3R1cmF0aWUuc3IiLCJleHAiOjE3NzAzOTQzNzZ9.sBba8dbyJNgRURSPL2Dli1m-YdNL7sIJwi3YRzCRzgY', 'token_type': 'bearer', 'user': {'address': None, 'company_name': 'Demo Bedrijf N.V.', 'created_at': '2026-02-03T00:33:51.802264+00:00', 'email': 'demo@facturatie.sr', ...}}</error></testcase><testcase classname="backend.tests.test_suribet_module.TestSuribetLoonbetalingen" name="test_get_loonbetalingen" time="0.000"><error message="failed on setup with &quot;AssertionError: No token in response&#10;assert 'token' in {'access_token': 'eyJhbGciOiJIUzI1NiIsInR5cCI6IkpXVCJ9.eyJ1c2VyX2lkIjoiNDA3ZmRkNGYtYTBmMi00MDAxLWFjYTQtMDc5ZTQ3Mjg2YzAxIiwiZW1haWwiOiJkZW1vQGZhY3R1cmF0aWUuc3IiLCJleHAiOjE3NzAzOTQzNzZ9.sBba8dbyJNgRURSPL2Dli1m-YdNL7sIJwi3YRzCRzgY', 'token_type': 'bearer', 'user': {'address': None, 'company_name': 'Demo Bedrijf N.V.', 'created_at': '2026-02-03T00:33:51.802264+00:00', 'email': 'demo@facturatie.sr', ...}}&quot;">backend/tests/test_suribet_module.py:29: in auth_token
    assert "token" in data, "No token in response"
E   AssertionError: No token in response
E   assert 'token' in {'access_token': 'eyJhbGciOiJIUzI1NiIsInR5cCI6IkpXVCJ9.eyJ1c2VyX2lkIjoiNDA3ZmRkNGYtYTBmMi00MDAxLWFjYTQtMDc5ZTQ3Mjg2YzAxIiwiZW1haWwiOiJkZW1vQGZhY3R1cmF0aWUuc3IiLCJleHAiOjE3NzAzOTQzNzZ9.sBba8dbyJNgRURSPL2Dli1m-YdNL7sIJwi3YRzCRzgY', 'token_type': 'bearer', 'user': {'address': None, 'company_name': 'Demo Bedrijf N.V.', 'created_at': '2026-02-03T00:33:51.802264+00:00', 'email': 'demo@facturatie.sr', ...}}</error></testcase><testcase classname="backend.tests.test_suribet_module.TestSuribetLoonbetalingen" name="test_create_loonbetaling" time="0.000"><error message="failed on setup with &quot;AssertionError: No token in response&#10;assert 'token' in {'access_token': 'eyJhbGciOiJIUzI1NiIsInR5cCI6IkpXVCJ9.eyJ1c2VyX2lkIjoiNDA3ZmRkNGYtYTBmMi00MDAxLWFjYTQtMDc5ZTQ3Mjg2YzAxIiwiZW1haWwiOiJkZW1vQGZhY3R1cmF0aWUuc3IiLCJleHAiOjE3NzAzOTQzNzZ9.sBba8dbyJNgRURSPL2Dli1m-YdNL7sIJwi3YRzCRzgY', 'token_type': 'bearer', 'user': {'address': None, 'company_name': 'Demo Bedrijf N.V.', 'created_at': '2026-02-03T00:33:51.802264+00:00', 'email': 'demo@facturatie.sr', ...}}&quot;">backend/tests/test_suribet_module.py:29: in auth_token
    assert "token" in data, "No token in response"
E   AssertionError: No token in response
E   assert 'token' in {'access_token': 'eyJhbGciOiJIUzI1NiIsInR5cCI6IkpXVCJ9.eyJ1c2VyX2lkIjoiNDA3ZmRkNGYtYTBmMi00MDAxLWFjYTQtMDc5ZTQ3Mjg2YzAxIiwiZW1haWwiOiJkZW1vQGZhY3R1cmF0aWUuc3IiLCJleHAiOjE3NzAzOTQzNzZ9.sBba8dbyJNgRURSPL2Dli1m-YdNL7sIJwi3YRzCRzgY', 'token_type': 'bearer', 'user': {'address': None, 'company_name': 'Demo Bedrijf N.V.', 'created_at': '2026-02-03T00:33:51.802264+00:00', 'email': 'demo@facturatie.sr', ...}}</error></testcase><testcase classname="backend.tests.test_suribet_module.TestSuribetLoonbetalingen" name="test_loonbetaling_creates_kasboek_entry" time="0.000"><error message="failed on setup with &quot;AssertionError: No token in response&#10;assert 'token' in {'access_token': 'eyJhbGciOiJIUzI1NiIsInR5cCI6IkpXVCJ9.eyJ1c2VyX2lkIjoiNDA3ZmRkNGYtYTBmMi00MDAxLWFjYTQtMDc5ZTQ3Mjg2YzAxIiwiZW1haWwiOiJkZW1vQGZhY3R1cmF0aWUuc3IiLCJleHAiOjE3NzAzOTQzNzZ9.sBba8dbyJNgRURSPL2Dli1m-YdNL7sIJwi3YRzCRzgY', 'token_type': 'bearer', 'user': {'address': None, 'company_name': 'Demo Bedrijf N.V.', 'created_at': '2026-02-03T00:33:51.802264+00:00', 'email': 'demo@facturatie.sr', ...}}&quot;">backend/tests/test_suribet_module.py:29: in auth_token
    assert "token" in data, "No token in response"
E   AssertionError: No token in response
E   assert 'token' in {'access_token': 'eyJhbGciOiJIUzI1NiIsInR5cCI6IkpXVCJ9.eyJ1c2VyX2lkIjoiNDA3ZmRkNGYtYTBmMi00MDAxLWFjYTQtMDc5ZTQ3Mjg2YzAxIiwiZW1haWwiOiJkZW1vQGZhY3R1cmF0aWUuc3IiLCJleHAiOjE3NzAzOTQzNzZ9.sBba8dbyJNgRURSPL2Dli1m-YdNL7sIJwi3YRzCRzgY', 'token_type': 'bearer', 'user': {'address': None, 'company_name': 'Demo Bedrijf N.V.', 'created_at': '2026-02-03T00:33:51.802264+00:00', 'email': 'demo@facturatie.sr', ...}}</error></testcase><testcase classname="backend.tests.test_suribet_module.TestSuribetLoonbetalingen" name="test_delete_loonbetaling" time="0.000"><error message="failed on setup with &quot;AssertionError: No token in response&#10;assert 'token' in {'access_token': 'eyJhbGciOiJIUzI1NiIsInR5cCI6IkpXVCJ9.eyJ1c2VyX2lkIjoiNDA3ZmRkNGYtYTBmMi00MDAxLWFjYTQtMDc5ZTQ3Mjg2YzAxIiwiZW1haWwiOiJkZW1vQGZhY3R1cmF0aWUuc3IiLCJleHAiOjE3NzAzOTQzNzZ9.sBba8dbyJNgRURSPL2Dli1m-YdNL7sIJwi3YRzCRzgY', 'token_type': 'bearer', 'user': {'address': None, 'company_name': 'Demo Bedrijf N.V.', 'created_at': '2026-02-03T00:33:51.802264+00:00', 'email': 'demo@facturatie.sr', ...}}&quot;">backend/tests/test_suribet_module.py:29: in auth_token
    assert "token" in data, "No token in response"
E   AssertionError: No token in response
E   assert 'token' in {'access_token': 'eyJhbGciOiJIUzI1NiIsInR5cCI6IkpXVCJ9.eyJ1c2VyX2lkIjoiNDA3ZmRkNGYtYTBmMi00MDAxLWFjYTQtMDc5ZTQ3Mjg2YzAxIiwiZW1haWwiOiJkZW1vQGZhY3R1cmF0aWUuc3IiLCJleHAiOjE3NzAzOTQzNzZ9.sBba8dbyJNgRURSPL2Dli1m-YdNL7sIJwi3YRzCRzgY', 'token_type': 'bearer', 'user': {'address': None, 'company_name': 'Demo Bedrijf N.V.', 'created_at': '2026-02-03T00:33:51.802264+00:00', 'email': 'demo@facturatie.sr', ...}}</error></testcase><testcase classname="backend.tests.test_suribet_module.TestSuribetLoonbetalingen" name="test_cleanup_werknemer" time="0.000"><error message="failed on setup with &quot;AssertionError: No token in response&#10;assert 'token' in {'access_token': 'eyJhbGciOiJIUzI1NiIsInR5cCI6IkpXVCJ9.eyJ1c2VyX2lkIjoiNDA3ZmRkNGYtYTBmMi00MDAxLWFjYTQtMDc5ZTQ3Mjg2YzAxIiwiZW1haWwiOiJkZW1vQGZhY3R1cmF0aWUuc3IiLCJleHAiOjE3NzAzOTQzNzZ9.sBba8dbyJNgRURSPL2Dli1m-YdNL7sIJwi3YRzCRzgY', 'token_type': 'bearer', 'user': {'address': None, 'company_name': 'Demo Bedrijf N.V.', 'created_at': '2026-02-03T00:33:51.802264+00:00', 'email': 'demo@facturatie.sr', ...}}&quot;">backend/tests/test_suribet_module.py:29: in auth_token
    assert "token" in data, "No token in response"
E   AssertionError: No token in response
E   assert 'token' in {'access_token': 'eyJhbGciOiJIUzI1NiIsInR5cCI6IkpXVCJ9.eyJ1c2VyX2lkIjoiNDA3ZmRkNGYtYTBmMi00MDAxLWFjYTQtMDc5ZTQ3Mjg2YzAxIiwiZW1haWwiOiJkZW1vQGZhY3R1cmF0aWUuc3IiLCJleHAiOjE3NzAzOTQzNzZ9.sBba8dbyJNgRURSPL2Dli1m-YdNL7sIJwi3YRzCRzgY', 'token_type': 'bearer', 'user': {'address': None, 'company_name': 'Demo Bedrijf N.V.', 'created_at': '2026-02-03T00:33:51.802264+00:00', 'email': 'demo@facturatie.sr', ...}}</error></testcase><testcase classname="backend.tests.test_suribet_module.TestSuribetDagstaten" name="test_create_machine_for_dagstaat" time="0.259"><error message="failed on setup with &quot;AssertionError: No token in response&#10;assert 'token' in {'access_token': 'eyJhbGciOiJIUzI1NiIsInR5cCI6IkpXVCJ9.eyJ1c2VyX2lkIjoiNDA3ZmRkNGYtYTBmMi00MDAxLWFjYTQtMDc5ZTQ3Mjg2YzAxIiwiZW1haWwiOiJkZW1vQGZhY3R1cmF0aWUuc3IiLCJleHAiOjE3NzAzOTQzNzd9.Niiit0zpjSpqsU9QcZZKDIMDVsE2TP3cWI_Ezb4Pbpg', 'token_type': 'bearer', 'user': {'address': None, 'company_name': 'Demo Bedrijf N.V.', 'created_at': '2026-02-03T00:33:51.802264+00:00', 'email': 'demo@facturatie.sr', ...}}&quot;">backend/tests/test_suribet_module.py:29: in auth_token
    assert "token" in data, "No token in response"
E   AssertionError: No token in response
E   assert 'token' in {'access_token': 'eyJhbGciOiJIUzI1NiIsInR5cCI6IkpXVCJ9.eyJ1c2VyX2lkIjoiNDA3ZmRkNGYtYTBmMi00MDAxLWFjYTQtMDc5ZTQ3Mjg2YzAxIiwiZW1haWwiOiJkZW1vQGZhY3R1cmF0aWUuc3IiLCJleHAiOjE3NzAzOTQzNzd9.Niiit0zpjSpqsU9QcZZKDIMDVsE2TP3cWI_Ezb4Pbpg', 'token_type': 'bearer', 'user': {'address': None, 'company_name': 'Demo Bedrijf N.V.', 'created_at': '2026-02-03T00:33:51.802264+00:00', 'email': 'demo@facturatie.sr', ...}}</error></testcase><testcase classname="backend.tests.test_suribet_module.TestSuribetDagstaten" name="test_get_dagstaten" time="0.000"><error message="failed on setup with &quot;AssertionError: No token in response&#10;assert 'token' in {'access_token': 'eyJhbGciOiJIUzI1NiIsInR5cCI6IkpXVCJ9.eyJ1c2VyX2lkIjoiNDA3ZmRkNGYtYTBmMi00MDAxLWFjYTQtMDc5ZTQ3Mjg2YzAxIiwiZW1haWwiOiJkZW1vQGZhY3R1cmF0aWUuc3IiLCJleHAiOjE3NzAzOTQzNzd9.Niiit0zpjSpqsU9QcZZKDIMDVsE2TP3cWI_Ezb4Pbpg', 'token_type': 'bearer', 'user': {'address': None, 'company_name': 'Demo Bedrijf N.V.', 'created_at': '2026-02-03T00:33:51.802264+00:00', 'email': 'demo@facturatie.sr', ...}}&quot;">backend/tests/test_suribet_module.py:29: in auth_token
    assert "token" in data, "No token in response"
E   AssertionError: No token in response
E   assert 'token' in {'access_token': 'eyJhbGciOiJIUzI1NiIsInR5cCI6IkpXVCJ9.eyJ1c2VyX2lkIjoiNDA3ZmRkNGYtYTBmMi00MDAxLWFjYTQtMDc5ZTQ3Mjg2YzAxIiwiZW1haWwiOiJkZW1vQGZhY3R1cmF0aWUuc3IiLCJleHAiOjE3NzAzOTQzNzd9.Niiit0zpjSpqsU9QcZZKDIMDVsE2TP3cWI_Ezb4Pbpg', 'token_type': 'bearer', 'user': {'address': None, 'company_name': 'Demo Bedrijf N.V.', 'created_at': '2026-02-03T00:33:51.802264+00:00', 'email': 'demo@facturatie.sr', ...}}</error></testcase><testcase classname="backend.tests.test_suribet_module.TestSuribetDagstaten" name="test_create_dagstaat" time="0.000"><error message="failed on setup with &quot;AssertionError: No token in response&#10;assert 'token' in {'access_token': 'eyJhbGciOiJIUzI1NiIsInR5cCI6IkpXVCJ9.eyJ1c2VyX2lkIjoiNDA3ZmRkNGYtYTBmMi00MDAxLWFjYTQtMDc5ZTQ3Mjg2YzAxIiwiZW1haWwiOiJkZW1vQGZhY3R1cmF0aWUuc3IiLCJleHAiOjE3NzAzOTQzNzd9.Niiit0zpjSpqsU9QcZZKDIMDVsE2TP3cWI_Ezb4Pbpg', 'token_type': 'bearer', 'user': {'address': None, 'company_name': 'Demo Bedrijf N.V.', 'created_at': '2026-02-03T00:33:51.802264+00:00', 'email': 'demo@facturatie.sr', ...}}&quot;">backend/tests/test_suribet_module.py:29: in auth_token
    assert "token" in data, "No token in response"
E   AssertionError: No token in response
E   assert 'token' in {'access_token': 'eyJhbGciOiJIUzI1NiIsInR5cCI6IkpXVCJ9.eyJ1c2VyX2lkIjoiNDA3ZmRkNGYtYTBmMi00MDAxLWFjYTQtMDc5ZTQ3Mjg2YzAxIiwiZW1haWwiOiJkZW1vQGZhY3R1cmF0aWUuc3IiLCJleHAiOjE3NzAzOTQzNzd9.Niiit0zpjSpqsU9QcZZKDIMDVsE2TP3cWI_Ezb4Pbpg', 'token_type': 'bearer', 'user': {'address': None, 'company_name': 'Demo Bedrijf N.V.', 'created_at': '2026-02-03T00:33:51.802264+00:00', 'email': 'demo@facturatie.sr', ...}}</error></testcase><testcase classname="backend.tests.test_suribet_module.TestSuribetDagstaten" name="test_delete_dagstaat" time="0.000"><error message="failed on setup with &quot;AssertionError: No token in response&#10;assert 'token' in {'access_token': 'eyJhbGciOiJIUzI1NiIsInR5cCI6IkpXVCJ9.eyJ1c2VyX2lkIjoiNDA3ZmRkNGYtYTBmMi00MDAxLWFjYTQtMDc5ZTQ3Mjg2YzAxIiwiZW1haWwiOiJkZW1vQGZhY3R1cmF0aWUuc3IiLCJleHAiOjE3NzAzOTQzNzd9.Niiit0zpjSpqsU9QcZZKDIMDVsE2TP3cWI_Ezb4Pbpg', 'token_type': 'bearer', 'user': {'address': None, 'company_name': 'Demo Bedrijf N.V.', 'created_at': '2026-02-03T00:33:51.802264+00:00', 'email': 'demo@facturatie.sr', ...}}&quot;">backend/tests/test_suribet_module.py:29: in auth_token
    assert "token" in data, "No token in response"
E   AssertionError: No token in response
E   assert 'token' in {'access_token': 'eyJhbGciOiJIUzI1NiIsInR5cCI6IkpXVCJ9.eyJ1c2VyX2lkIjoiNDA3ZmRkNGYtYTBmMi00MDAxLWFjYTQtMDc5ZTQ3Mjg2YzAxIiwiZW1haWwiOiJkZW1vQGZhY3R1cmF0aWUuc3IiLCJleHAiOjE3NzAzOTQzNzd9.Niiit0zpjSpqsU9QcZZKDIMDVsE2TP3cWI_Ezb4Pbpg', 'token_type': 'bearer', 'user': {'address': None, 'company_name': 'Demo Bedrijf N.V.', 'created_at': '2026-02-03T00:33:51.802264+00:00', 'email': 'demo@facturatie.sr', ...}}</error></testcase><testcase classname="backend.tests.test_suribet_module.TestSuribetDagstaten" name="test_cleanup_machine" time="0.000"><error message="failed on setup with &quot;AssertionError: No token in response&#10;assert 'token' in {'access_token': 'eyJhbGciOiJIUzI1NiIsInR5cCI6IkpXVCJ9.eyJ1c2VyX2lkIjoiNDA3ZmRkNGYtYTBmMi00MDAxLWFjYTQtMDc5ZTQ3Mjg2YzAxIiwiZW1haWwiOiJkZW1vQGZhY3R1cmF0aWUuc3IiLCJleHAiOjE3NzAzOTQzNzd9.Niiit0zpjSpqsU9QcZZKDIMDVsE2TP3cWI_Ezb4Pbpg', 'token_type': 'bearer', 'user': {'address': None, 'company_name': 'Demo Bedrijf N.V.', 'created_at': '2026-02-03T00:33:51.802264+00:00', 'email': 'demo@facturatie.sr', ...}}&quot;">backend/tests/test_suribet_module.py:29: in auth_token
    assert "token" in data, "No token in response"
E   AssertionError: No token in response
E   assert 'token' in {'access_token': 'eyJhbGciOiJIUzI1NiIsInR5cCI6IkpXVCJ9.eyJ1c2VyX2lkIjoiNDA3ZmRkNGYtYTBmMi00MDAxLWFjYTQtMDc5ZTQ3Mjg2YzAxIiwiZW1haWwiOiJkZW1vQGZhY3R1cmF0aWUuc3IiLCJleHAiOjE3NzAzOTQzNzd9.Niiit0zpjSpqsU9QcZZKDIMDVsE2TP3cWI_Ezb4Pbpg', 'token_type': 'bearer', 'user': {'address': None, 'company_name': 'Demo Bedrijf N.V.', 'created_at': '2026-02-03T00:33:51.802264+00:00', 'email': 'demo@facturatie.sr', ...}}</error></testcase></testsuite></testsuites>