<?xml version="1.0" encoding="utf-8"?><testsuites name="pytest tests"><testsuite name="pytest" errors="0" failures="0" skipped="0" tests="7" time="28.767" timestamp="2026-03-24T23:43:01.537442+00:00" hostname="agent-env-59bfb59b-08de-47e5-9682-04cef5e64552"><testcase classname="backend.tests.test_mope_payment.TestMopeEnabled" name="test_mope_enabled_returns_true_when_configured" time="0.246" /><testcase classname="backend.tests.test_mope_payment.TestMopeEnabled" name="test_mope_enabled_returns_false_for_invalid_company" time="0.175" /><testcase classname="backend.tests.test_mope_payment.TestMopeCheckout" name="test_create_mope_checkout_mock_mode" time="0.133" /><testcase classname="backend.tests.test_mope_payment.TestMopeCheckout" name="test_create_mope_checkout_invalid_company" time="0.119" /><testcase classname="backend.tests.test_mope_payment.TestMopePaymentStatus" name="test_mope_status_transitions" time="14.565" /><testcase classname="backend.tests.test_mope_payment.TestMopePaymentStatus" name="test_mope_status_invalid_payment_id" time="0.136" /><testcase classname="backend.tests.test_mope_payment.TestMopeIntegrationFlow" name="test_full_mope_payment_flow" time="13.234" /></testsuite></testsuites>