<?xml version="1.0" encoding="utf-8"?><testsuites name="pytest tests"><testsuite name="pytest" errors="0" failures="1" skipped="0" tests="10" time="3.535" timestamp="2026-02-27T18:29:54.659869+00:00" hostname="agent-env-dc4beb3a-5b2a-41db-a00c-55862e21eab4"><testcase classname="backend.tests.test_instellingen_bedrijven_charts.TestAuthentication" name="test_login_success" time="0.395" /><testcase classname="backend.tests.test_instellingen_bedrijven_charts.TestInstellingenAPI" name="test_get_instellingen" time="0.490" /><testcase classname="backend.tests.test_instellingen_bedrijven_charts.TestInstellingenAPI" name="test_update_instellingen_with_smtp" time="0.143"><failure message="AssertionError: SMTP host not saved&#10;assert None == 'smtp.test.com'&#10; +  where None = &lt;built-in method get of dict object at 0xfcceaf8ae980&gt;('smtp_host')&#10; +    where &lt;built-in method get of dict object at 0xfcceaf8ae980&gt; = {'message': 'Instellingen bijgewerkt'}.get">backend/tests/test_instellingen_bedrijven_charts.py:102: in test_update_instellingen_with_smtp
    assert data.get("smtp_host") == "smtp.test.com", "SMTP host not saved"
E   AssertionError: SMTP host not saved
E   assert None == 'smtp.test.com'
E    +  where None = &lt;built-in method get of dict object at 0xfcceaf8ae980&gt;('smtp_host')
E    +    where &lt;built-in method get of dict object at 0xfcceaf8ae980&gt; = {'message': 'Instellingen bijgewerkt'}.get</failure></testcase><testcase classname="backend.tests.test_instellingen_bedrijven_charts.TestBedrijvenAPI" name="test_get_bedrijven_list" time="0.508" /><testcase classname="backend.tests.test_instellingen_bedrijven_charts.TestBedrijvenAPI" name="test_get_actief_bedrijf" time="0.121" /><testcase classname="backend.tests.test_instellingen_bedrijven_charts.TestBedrijvenAPI" name="test_create_bedrijf" time="0.189" /><testcase classname="backend.tests.test_instellingen_bedrijven_charts.TestBedrijvenAPI" name="test_activeer_bedrijf" time="0.349" /><testcase classname="backend.tests.test_instellingen_bedrijven_charts.TestDashboardChartsAPI" name="test_get_dashboard" time="0.479" /><testcase classname="backend.tests.test_instellingen_bedrijven_charts.TestDashboardChartsAPI" name="test_get_dashboard_charts" time="0.166" /><testcase classname="backend.tests.test_instellingen_bedrijven_charts.TestCleanup" name="test_cleanup_test_bedrijven" time="0.582" /></testsuite></testsuites>