<?xml version="1.0" encoding="utf-8"?><testsuites name="pytest tests"><testsuite name="pytest" errors="0" failures="0" skipped="3" tests="9" time="5.605" timestamp="2026-03-24T02:01:48.492699+00:00" hostname="agent-env-ad7e5ed9-1755-46b2-952a-3b78f590c88c"><testcase classname="backend.tests.test_tenant_lease_auto_create.TestTenantLeaseAutoCreate" name="test_create_tenant_with_lease_dates_creates_both" time="0.517"><skipped type="pytest.skip" message="No available apartment for testing">/app/backend/tests/test_tenant_lease_auto_create.py:49: No available apartment for testing</skipped></testcase><testcase classname="backend.tests.test_tenant_lease_auto_create.TestTenantLeaseAutoCreate" name="test_create_tenant_without_lease_dates_no_lease" time="0.447"><skipped type="pytest.skip" message="No available apartment for testing">/app/backend/tests/test_tenant_lease_auto_create.py:102: No available apartment for testing</skipped></testcase><testcase classname="backend.tests.test_tenant_lease_auto_create.TestTenantLeaseAutoCreate" name="test_create_tenant_with_only_start_date_no_lease" time="0.439"><skipped type="pytest.skip" message="No available apartment for testing">/app/backend/tests/test_tenant_lease_auto_create.py:127: No available apartment for testing</skipped></testcase><testcase classname="backend.tests.test_tenant_lease_auto_create.TestLeaseExpiryWarnings" name="test_get_leases_returns_dates_for_expiry_check" time="0.641" /><testcase classname="backend.tests.test_tenant_lease_auto_create.TestLeaseExpiryWarnings" name="test_dashboard_returns_data_for_warnings" time="0.504" /><testcase classname="backend.tests.test_tenant_lease_auto_create.TestExistingLeaseCRUD" name="test_create_lease_directly" time="0.667" /><testcase classname="backend.tests.test_tenant_lease_auto_create.TestExistingLeaseCRUD" name="test_update_lease" time="0.858" /><testcase classname="backend.tests.test_tenant_lease_auto_create.TestExistingLeaseCRUD" name="test_delete_lease" time="0.783" /><testcase classname="backend.tests.test_tenant_lease_auto_create.TestExistingLeaseCRUD" name="test_lease_document_generation" time="0.691" /></testsuite></testsuites>