<?xml version="1.0" encoding="utf-8"?><testsuites name="pytest tests"><testsuite name="pytest" errors="0" failures="0" skipped="0" tests="23" time="3.900" timestamp="2026-01-30T12:53:19.799006+00:00" hostname="agent-env-7ee61f66-f5c2-40b2-a4d4-e926c60f649c"><testcase classname="tests.test_autodealer.TestAutoDealerAuth" name="test_login_success" time="0.298" /><testcase classname="tests.test_autodealer.TestAutoDealerStats" name="test_get_stats" time="0.304" /><testcase classname="tests.test_autodealer.TestAutoDealerStats" name="test_stats_unauthorized" time="0.039" /><testcase classname="tests.test_autodealer.TestAutoDealerVehicles" name="test_create_vehicle" time="0.343" /><testcase classname="tests.test_autodealer.TestAutoDealerVehicles" name="test_get_vehicles" time="0.045" /><testcase classname="tests.test_autodealer.TestAutoDealerVehicles" name="test_get_vehicle_by_id" time="0.095" /><testcase classname="tests.test_autodealer.TestAutoDealerVehicles" name="test_update_vehicle" time="0.049" /><testcase classname="tests.test_autodealer.TestAutoDealerVehicles" name="test_get_vehicles_by_status" time="0.044" /><testcase classname="tests.test_autodealer.TestAutoDealerVehicles" name="test_vehicle_not_found" time="0.088" /><testcase classname="tests.test_autodealer.TestAutoDealerCustomers" name="test_create_customer" time="0.350" /><testcase classname="tests.test_autodealer.TestAutoDealerCustomers" name="test_create_business_customer" time="0.084" /><testcase classname="tests.test_autodealer.TestAutoDealerCustomers" name="test_get_customers" time="0.046" /><testcase classname="tests.test_autodealer.TestAutoDealerCustomers" name="test_get_customer_by_id" time="0.086" /><testcase classname="tests.test_autodealer.TestAutoDealerCustomers" name="test_update_customer" time="0.046" /><testcase classname="tests.test_autodealer.TestAutoDealerCustomers" name="test_search_customers" time="0.042" /><testcase classname="tests.test_autodealer.TestAutoDealerCustomers" name="test_customer_not_found" time="0.089" /><testcase classname="tests.test_autodealer.TestAutoDealerSales" name="test_create_sale" time="0.519" /><testcase classname="tests.test_autodealer.TestAutoDealerSales" name="test_get_sales" time="0.052" /><testcase classname="tests.test_autodealer.TestAutoDealerSales" name="test_sale_vehicle_not_found" time="0.044" /><testcase classname="tests.test_autodealer.TestAutoDealerSales" name="test_sale_customer_not_found" time="0.177" /><testcase classname="tests.test_autodealer.TestAutoDealerMultiCurrency" name="test_vehicle_multi_currency_prices" time="0.351" /><testcase classname="tests.test_autodealer.TestAutoDealerMultiCurrency" name="test_stats_multi_currency_revenue" time="0.056" /><testcase classname="tests.test_autodealer.TestAutoDealerDeleteConstraints" name="test_cannot_delete_sold_vehicle" time="0.561" /></testsuite></testsuites>