<?xml version="1.0" encoding="utf-8"?><testsuites name="pytest tests"><testsuite name="pytest" errors="0" failures="0" skipped="0" tests="10" time="2.639" timestamp="2026-02-03T17:39:17.457036+00:00" hostname="agent-env-6e390c8b-02bd-4ae4-8012-daec6f073431"><testcase classname="backend.tests.test_sidebar_admin_tabs.TestLoginFunctionality" name="test_demo_user_login" time="0.378" /><testcase classname="backend.tests.test_sidebar_admin_tabs.TestLoginFunctionality" name="test_admin_user_login" time="0.258" /><testcase classname="backend.tests.test_sidebar_admin_tabs.TestLoginFunctionality" name="test_invalid_credentials" time="0.039" /><testcase classname="backend.tests.test_sidebar_admin_tabs.TestSidebarOrderAPI" name="test_get_sidebar_order" time="0.302" /><testcase classname="backend.tests.test_sidebar_admin_tabs.TestSidebarOrderAPI" name="test_update_sidebar_order" time="0.339" /><testcase classname="backend.tests.test_sidebar_admin_tabs.TestSidebarOrderAPI" name="test_sidebar_order_requires_auth" time="0.072" /><testcase classname="backend.tests.test_sidebar_admin_tabs.TestAdminDashboard" name="test_admin_dashboard_access" time="0.294" /><testcase classname="backend.tests.test_sidebar_admin_tabs.TestAdminDashboard" name="test_admin_customers_list" time="0.299" /><testcase classname="backend.tests.test_sidebar_admin_tabs.TestAdminDashboard" name="test_demo_user_cannot_access_admin" time="0.296" /><testcase classname="backend.tests.test_sidebar_admin_tabs.TestUserAddons" name="test_get_my_addons" time="0.294" /></testsuite></testsuites>